<?xml version="1.0" encoding="UTF-8"?>
<!-- Generated by org.testng.reporters.JUnitXMLReporter -->
<testsuite ignored="0" hostname="DESKTOP-8VUSPTS" failures="0" tests="3" name="Surefire test" time="52.146" errors="0" timestamp="2024-12-02T16:08:26 EET">
  <testcase classname="GeneralStore.TestCases.TestExecution" name="formPage" time="14.675"/>
  <testcase classname="GeneralStore.TestCases.TestExecution" name="productCatalogue" time="16.306"/>
  <testcase classname="GeneralStore.TestCases.TestExecution" name="cartPage" time="2.386"/>
</testsuite> <!-- Surefire test -->
