<?xml version="1.0" encoding="UTF-8"?>
<!-- Generated by org.testng.reporters.JUnitXMLReporter -->
<testsuite ignored="0" hostname="DESKTOP-8VUSPTS" failures="0" tests="3" name="Default test" time="52.456" errors="0" timestamp="2024-11-27T14:20:39 EET">
  <testcase classname="GeneralStore.TestCases.TestExecution" name="formPage" time="18.405"/>
  <testcase classname="GeneralStore.TestCases.TestExecution" name="productCatalogue" time="17.045"/>
  <testcase classname="GeneralStore.TestCases.TestExecution" name="cartPage" time="2.111"/>
</testsuite> <!-- Default test -->
