<?xml version="1.0" encoding="UTF-8"?>
<!-- Generated by org.testng.reporters.JUnitXMLReporter -->
<testsuite ignored="0" hostname="DESKTOP-8VUSPTS" failures="0" tests="3" name="Default test" time="41.245" errors="0" timestamp="2024-11-25T13:25:52 EET">
  <testcase classname="GeneralStore.TestCases.TestExecution" name="formPage" time="14.006"/>
  <testcase classname="GeneralStore.TestCases.TestExecution" name="productCatalogue" time="15.321"/>
  <testcase classname="GeneralStore.TestCases.TestExecution" name="cartPage" time="1.847"/>
</testsuite> <!-- Default test -->
