<?xml version="1.0" encoding="UTF-8"?>
<!-- Generated by org.testng.reporters.JUnitXMLReporter -->
<testsuite ignored="0" hostname="DESKTOP-8VUSPTS" failures="0" tests="3" name="Test" time="49.538" errors="0" timestamp="2024-10-14T15:44:45 EEST">
  <testcase classname="GeneralStore.TestCases.TestExecution" name="formPage" time="17.389"/>
  <testcase classname="GeneralStore.TestCases.TestExecution" name="productCatalogue" time="15.17"/>
  <testcase classname="GeneralStore.TestCases.TestExecution" name="cartPage" time="1.821"/>
</testsuite> <!-- Test -->
