<?xml version="1.0" encoding="UTF-8"?>
<!-- Generated by org.testng.reporters.JUnitXMLReporter -->
<testsuite ignored="0" hostname="DESKTOP-8VUSPTS" failures="0" tests="3" name="Test 1" time="46.591" errors="0" timestamp="2024-11-29T17:15:33 EET">
  <testcase classname="GeneralStore.TestCases.TestExecution" name="formPage" time="14.365"/>
  <testcase classname="GeneralStore.TestCases.TestExecution" name="productCatalogue" time="16.355"/>
  <testcase classname="GeneralStore.TestCases.TestExecution" name="cartPage" time="1.962"/>
</testsuite> <!-- Test 1 -->
