<?xml version="1.0" encoding="UTF-8"?>
<!-- Generated by org.testng.reporters.JUnitXMLReporter -->
<testsuite ignored="0" hostname="Test" failures="0" tests="3" name="Test 1" time="29.86" errors="0" timestamp="2025-01-31T15:38:56 EET">
  <testcase classname="GeneralStore.TestCases.TestExecution" name="formPage" time="9.553"/>
  <testcase classname="GeneralStore.TestCases.TestExecution" name="productCatalogue" time="10.144"/>
  <testcase classname="GeneralStore.TestCases.TestExecution" name="cartPage" time="1.723"/>
</testsuite> <!-- Test 1 -->
