<?xml version="1.0" encoding="UTF-8"?>
<!-- Generated by org.testng.reporters.JUnitXMLReporter -->
<testsuite ignored="0" hostname="Test" failures="0" tests="3" name="Test 1" time="25.766" errors="0" timestamp="2025-01-13T10:22:31 EET">
  <testcase classname="GeneralStore.TestCases.TestExecution" name="formPage" time="7.676"/>
  <testcase classname="GeneralStore.TestCases.TestExecution" name="productCatalogue" time="10.795"/>
  <testcase classname="GeneralStore.TestCases.TestExecution" name="cartPage" time="0.359"/>
</testsuite> <!-- Test 1 -->
