<?xml version="1.0" encoding="UTF-8"?>
<!-- Generated by org.testng.reporters.JUnitXMLReporter -->
<testsuite ignored="0" hostname="DESKTOP-8VUSPTS" failures="0" tests="3" name="Test 1" time="53.777" errors="0" timestamp="2024-12-02T16:23:56 EET">
  <testcase classname="GeneralStore.TestCases.TestExecution" name="formPage" time="14.847"/>
  <testcase classname="GeneralStore.TestCases.TestExecution" name="productCatalogue" time="17.206"/>
  <testcase classname="GeneralStore.TestCases.TestExecution" name="cartPage" time="2.344"/>
</testsuite> <!-- Test 1 -->
