<?xml version="1.0" encoding="UTF-8"?>
<testsuite xmlns:xsi="http://www.w3.org/2001/XMLSchema-instance" xsi:noNamespaceSchemaLocation="https://maven.apache.org/surefire/maven-surefire-plugin/xsd/surefire-test-report.xsd" version="3.0.1" name="GeneralStore.TestCases.TestExecution" time="52.72" tests="3" errors="0" skipped="0" failures="0">
  <properties>
[...]
</properties>
  <testcase name="formPage[Serban Mora, male, Argentina](1)" classname="GeneralStore.TestCases.TestExecution" time="14.658">
    <system-out><![CDATA[&amp#27;[35m[Appium]&amp#27;[39m Welcome to Appium v2.1.3
&amp#27;[35m[Appium]&amp#27;[39m Attempting to load driver uiautomator2...
[debug] &amp#27;[35m[Appium]&amp#27;[39m Requiring driver at C:\Users\Lynx User\node_modules\appium-uiautomator2-driver
&amp#27;[35m[Appium]&amp#27;[39m Appium REST http interface listener started on http://0.0.0.0:4723
&amp#27;[35m[Appium]&amp#27;[39m You can provide the following URLs in your client code to connect to this server:
&amp#27;[35m[Appium]&amp#27;[39m 	http://192.168.1.145:4723/
&amp#27;[35m[Appium]&amp#27;[39m 	http://127.0.0.1:4723/ (only accessible from the same host)
&amp#27;[35m[Appium]&amp#27;[39m Available drivers:
&amp#27;[35m[Appium]&amp#27;[39m   - uiautomator2@2.29.6 (automationName 'UiAutomator2')
&amp#27;[35m[Appium]&amp#27;[39m No plugins have been installed. Use the "appium plugin" command to install the one(s) you want to use.
&amp#27;[38;5;0m[HTTP]&amp#27;[0m &amp#27;[37m-->&amp#27;[39m &amp#27;[37mGET&amp#27;[39m &amp#27;[37m/status&amp#27;[39m
&amp#27;[38;5;0m[HTTP]&amp#27;[0m &amp#27;[90m{}&amp#27;[39m
[debug] &amp#27;[38;5;16m[AppiumDriver@b324]&amp#27;[0m Calling AppiumDriver.getStatus() with args: []
[debug] &amp#27;[38;5;16m[AppiumDriver@b324]&amp#27;[0m Responding to client with driver.getStatus() result: {"ready":true,"message":"The server is ready to accept new connections","build":{"version":"2.1.3"}}
&amp#27;[38;5;0m[HTTP]&amp#27;[0m &amp#27;[37m<-- GET /status &amp#27;[39m&amp#27;[32m200&amp#27;[39m &amp#27;[90m6 ms - 110&amp#27;[39m
&amp#27;[38;5;0m[HTTP]&amp#27;[0m &amp#27;[90m&amp#27;[39m
[debug] &amp#27;[38;5;0m[HTTP]&amp#27;[0m Request idempotency key: afd450ee-9799-4112-b964-1fac90b2f388
&amp#27;[38;5;0m[HTTP]&amp#27;[0m &amp#27;[37m-->&amp#27;[39m &amp#27;[37mPOST&amp#27;[39m &amp#27;[37m/session&amp#27;[39m
&amp#27;[38;5;0m[HTTP]&amp#27;[0m &amp#27;[90m{"capabilities":{"firstMatch":[{"appium:deviceName":"SerbanTest","platformName":"ANDROID","appium:automationName":"UIAutomator2","appium:app":"C:\\Users\\Lynx User\\eclipse-workspace\\AppiumProject/src/main/java/resources/General-Store.apk"}]}}&amp#27;[39m
[debug] &amp#27;[38;5;16m[AppiumDriver@b324]&amp#27;[0m Calling AppiumDriver.createSession() with args: [null,null,{"firstMatch":[{"appium:deviceName":"SerbanTest","platformName":"ANDROID","appium:automationName":"UIAutomator2","appium:app":"C:\\Users\\Lynx User\\eclipse-workspace\\AppiumProject/src/main/java/resources/General-Store.apk"}]}]
[debug] &amp#27;[38;5;16m[AppiumDriver@b324]&amp#27;[0m Event 'newSessionRequested' logged at 1733148461113 (16:07:41 GMT+0200 (Eastern European Standard Time))
&amp#27;[35m[Appium]&amp#27;[39m Attempting to find matching driver for automationName 'UIAutomator2' and platformName 'ANDROID'
&amp#27;[35m[Appium]&amp#27;[39m The 'uiautomator2' driver was installed and matched caps.
&amp#27;[35m[Appium]&amp#27;[39m Will require it at C:\Users\Lynx User\node_modules\appium-uiautomator2-driver
[debug] &amp#27;[35m[Appium]&amp#27;[39m Requiring driver at C:\Users\Lynx User\node_modules\appium-uiautomator2-driver
&amp#27;[38;5;16m[AppiumDriver@b324]&amp#27;[0m Appium v2.1.3 creating new AndroidUiautomator2Driver (v2.29.6) session
&amp#27;[38;5;16m[AppiumDriver@b324]&amp#27;[0m Checking BaseDriver versions for Appium and AndroidUiautomator2Driver
&amp#27;[38;5;16m[AppiumDriver@b324]&amp#27;[0m Appium's BaseDriver version is 9.3.20
&amp#27;[38;5;16m[AppiumDriver@b324]&amp#27;[0m AndroidUiautomator2Driver's BaseDriver version is 9.3.20
[debug] &amp#27;[38;5;32m[AndroidUiautomator2Driver@fa1b]&amp#27;[0m Creating session with W3C capabilities: {
[debug] &amp#27;[38;5;32m[AndroidUiautomator2Driver@fa1b]&amp#27;[0m   "alwaysMatch": {
[debug] &amp#27;[38;5;32m[AndroidUiautomator2Driver@fa1b]&amp#27;[0m     "platformName": "ANDROID",
[debug] &amp#27;[38;5;32m[AndroidUiautomator2Driver@fa1b]&amp#27;[0m     "appium:deviceName": "SerbanTest",
[debug] &amp#27;[38;5;32m[AndroidUiautomator2Driver@fa1b]&amp#27;[0m     "appium:automationName": "UIAutomator2",
[debug] &amp#27;[38;5;32m[AndroidUiautomator2Driver@fa1b]&amp#27;[0m     "appium:app": "C:\\Users\\Lynx User\\eclipse-workspace\\AppiumProject/src/main/java/resources/General-Store.apk"
[debug] &amp#27;[38;5;32m[AndroidUiautomator2Driver@fa1b]&amp#27;[0m   },
[debug] &amp#27;[38;5;32m[AndroidUiautomator2Driver@fa1b]&amp#27;[0m   "firstMatch": [
[debug] &amp#27;[38;5;32m[AndroidUiautomator2Driver@fa1b]&amp#27;[0m     {}
[debug] &amp#27;[38;5;32m[AndroidUiautomator2Driver@fa1b]&amp#27;[0m   ]
[debug] &amp#27;[38;5;32m[AndroidUiautomator2Driver@fa1b]&amp#27;[0m }
&amp#27;[38;5;32m[AndroidUiautomator2Driver@fa1b]&amp#27;[0m The following capabilities were provided, but are not recognized by Appium:
&amp#27;[38;5;32m[AndroidUiautomator2Driver@fa1b]&amp#27;[0m   deviceName
&amp#27;[38;5;32m[AndroidUiautomator2Driver@fa1b (bdbf5815)]&amp#27;[0m Session created with session id: bdbf5815-6fe8-42c1-a2bb-1e2c9c62cac2
&amp#27;[38;5;48m[BaseDriver]&amp#27;[0m Using local app 'C:\Users\Lynx User\eclipse-workspace\AppiumProject/src/main/java/resources/General-Store.apk'
[debug] &amp#27;[38;5;32m[AndroidUiautomator2Driver@fa1b (bdbf5815)]&amp#27;[0m Checking whether app is actually present
&amp#27;[38;5;64m[ADB]&amp#27;[0m Found 1 'build-tools' folders under 'C:\Users\Lynx User\AppData\Local\Android\Sdk' (newest first):
&amp#27;[38;5;64m[ADB]&amp#27;[0m     C:\Users\Lynx User\AppData\Local\Android\Sdk\build-tools\34.0.0
&amp#27;[38;5;64m[ADB]&amp#27;[0m Using 'adb.exe' from 'C:\Users\Lynx User\AppData\Local\Android\Sdk\platform-tools\adb.exe'
[debug] &amp#27;[38;5;64m[ADB]&amp#27;[0m Running 'C:\Users\Lynx User\AppData\Local\Android\Sdk\platform-tools\adb.exe -P 5037 start-server'
&amp#27;[38;5;80m[AndroidDriver]&amp#27;[0m Retrieving device list
[debug] &amp#27;[38;5;64m[ADB]&amp#27;[0m Trying to find a connected android device
[debug] &amp#27;[38;5;64m[ADB]&amp#27;[0m Getting connected devices
[debug] &amp#27;[38;5;64m[ADB]&amp#27;[0m Connected devices: [{"udid":"emulator-5554","state":"device"}]
&amp#27;[38;5;80m[AndroidDriver]&amp#27;[0m Using device: emulator-5554
&amp#27;[38;5;64m[ADB]&amp#27;[0m Using 'adb.exe' from 'C:\Users\Lynx User\AppData\Local\Android\Sdk\platform-tools\adb.exe'
[debug] &amp#27;[38;5;64m[ADB]&amp#27;[0m Running 'C:\Users\Lynx User\AppData\Local\Android\Sdk\platform-tools\adb.exe -P 5037 start-server'
[debug] &amp#27;[38;5;64m[ADB]&amp#27;[0m Setting device id to emulator-5554
[debug] &amp#27;[38;5;64m[ADB]&amp#27;[0m Running 'C:\Users\Lynx User\AppData\Local\Android\Sdk\platform-tools\adb.exe -P 5037 -s emulator-5554 shell getprop ro.build.version.sdk'
[debug] &amp#27;[38;5;64m[ADB]&amp#27;[0m Current device property 'ro.build.version.sdk': 34
&amp#27;[38;5;64m[ADB]&amp#27;[0m Getting device platform version
[debug] &amp#27;[38;5;64m[ADB]&amp#27;[0m Running 'C:\Users\Lynx User\AppData\Local\Android\Sdk\platform-tools\adb.exe -P 5037 -s emulator-5554 shell getprop ro.build.version.release'
[debug] &amp#27;[38;5;64m[ADB]&amp#27;[0m Current device property 'ro.build.version.release': 14
[debug] &amp#27;[38;5;64m[ADB]&amp#27;[0m Device API level: 34
&amp#27;[38;5;32m[AndroidUiautomator2Driver@fa1b (bdbf5815)]&amp#27;[0m Relaxing hidden api policy
[debug] &amp#27;[38;5;64m[ADB]&amp#27;[0m Running 'C:\Users\Lynx User\AppData\Local\Android\Sdk\platform-tools\adb.exe -P 5037 -s emulator-5554 shell 'settings put global hidden_api_policy_pre_p_apps 1;settings put global hidden_api_policy_p_apps 1;settings put global hidden_api_policy 1''
[debug] &amp#27;[38;5;80m[AndroidDriver]&amp#27;[0m Parsing package and activity from app manifest
&amp#27;[38;5;64m[ADB]&amp#27;[0m Package name: 'com.androidsample.generalstore'
&amp#27;[38;5;64m[ADB]&amp#27;[0m Main activity name: 'com.androidsample.generalstore.SplashActivity'
[debug] &amp#27;[38;5;80m[AndroidDriver]&amp#27;[0m Parsed package and activity are: com.androidsample.generalstore/com.androidsample.generalstore.SplashActivity
[debug] &amp#27;[38;5;64m[ADB]&amp#27;[0m Running 'C:\Users\Lynx User\AppData\Local\Android\Sdk\platform-tools\adb.exe -P 5037 -s emulator-5554 wait-for-device'
[debug] &amp#27;[38;5;64m[ADB]&amp#27;[0m Running 'C:\Users\Lynx User\AppData\Local\Android\Sdk\platform-tools\adb.exe -P 5037 -s emulator-5554 shell echo ping'
[debug] &amp#27;[38;5;80m[AndroidDriver]&amp#27;[0m Pushing settings apk to device...
[debug] &amp#27;[38;5;64m[ADB]&amp#27;[0m Getting package info for 'io.appium.settings'
[debug] &amp#27;[38;5;64m[ADB]&amp#27;[0m Running 'C:\Users\Lynx User\AppData\Local\Android\Sdk\platform-tools\adb.exe -P 5037 -s emulator-5554 shell dumpsys package io.appium.settings'
[debug] &amp#27;[38;5;64m[ADB]&amp#27;[0m The version name of the installed 'io.appium.settings' is greater or equal to the application version name ('5.1.2' >= '5.1.2')
[debug] &amp#27;[38;5;64m[ADB]&amp#27;[0m There is no need to install/upgrade 'C:\Users\Lynx User\node_modules\io.appium.settings\apks\settings_apk-debug.apk'
[debug] &amp#27;[38;5;64m[ADB]&amp#27;[0m Getting IDs of all 'io.appium.settings' processes
[debug] &amp#27;[38;5;64m[ADB]&amp#27;[0m Running 'C:\Users\Lynx User\AppData\Local\Android\Sdk\platform-tools\adb.exe -P 5037 -s emulator-5554 shell 'pgrep --help; echo $?''
[debug] &amp#27;[38;5;64m[ADB]&amp#27;[0m Running 'C:\Users\Lynx User\AppData\Local\Android\Sdk\platform-tools\adb.exe -P 5037 -s emulator-5554 shell pgrep -f \(\[\[:blank:\]\]\|\^\)io\.appium\.settings\(\[\[:blank:\]\]\|\$\)'
[debug] &amp#27;[38;5;80m[AndroidDriver]&amp#27;[0m io.appium.settings is already running. There is no need to reset its permissions.
[debug] &amp#27;[38;5;96m[Logcat]&amp#27;[0m Starting logs capture with command: 'C:\\Users\\Lynx User\\AppData\\Local\\Android\\Sdk\\platform-tools\\adb.exe' -P 5037 -s emulator-5554 logcat -v threadtime
[debug] &amp#27;[38;5;32m[AndroidUiautomator2Driver@fa1b (bdbf5815)]&amp#27;[0m Forwarding UiAutomator2 Server port 6790 to local port 8200
[debug] &amp#27;[38;5;64m[ADB]&amp#27;[0m Forwarding system: 8200 to device: 6790
[debug] &amp#27;[38;5;64m[ADB]&amp#27;[0m Running 'C:\Users\Lynx User\AppData\Local\Android\Sdk\platform-tools\adb.exe -P 5037 -s emulator-5554 forward tcp:8200 tcp:6790'
[debug] &amp#27;[38;5;64m[ADB]&amp#27;[0m Checking app cert for C:\Users\Lynx User\node_modules\appium-uiautomator2-server\apks\appium-uiautomator2-server-v5.12.5.apk
[debug] &amp#27;[38;5;64m[ADB]&amp#27;[0m Checking app cert for C:\Users\Lynx User\node_modules\appium-uiautomator2-server\apks\appium-uiautomator2-server-debug-androidTest.apk
&amp#27;[38;5;64m[ADB]&amp#27;[0m Using 'apksigner.jar' from 'C:\Users\Lynx User\AppData\Local\Android\Sdk\build-tools\34.0.0\lib\apksigner.jar'
[debug] &amp#27;[38;5;64m[ADB]&amp#27;[0m Starting apksigner: 'C:\\Program Files\\Java\\jdk-17.0.2\\bin\\java.exe' -Xmx1024M -Xss1m -jar 'C:\\Users\\Lynx User\\AppData\\Local\\Android\\Sdk\\build-tools\\34.0.0\\lib\\apksigner.jar' verify --print-certs 'C:\\Users\\Lynx User\\node_modules\\appium-uiautomator2-server\\apks\\appium-uiautomator2-server-debug-androidTest.apk'
[debug] &amp#27;[38;5;64m[ADB]&amp#27;[0m Starting apksigner: 'C:\\Program Files\\Java\\jdk-17.0.2\\bin\\java.exe' -Xmx1024M -Xss1m -jar 'C:\\Users\\Lynx User\\AppData\\Local\\Android\\Sdk\\build-tools\\34.0.0\\lib\\apksigner.jar' verify --print-certs 'C:\\Users\\Lynx User\\node_modules\\appium-uiautomator2-server\\apks\\appium-uiautomator2-server-v5.12.5.apk'
[debug] &amp#27;[38;5;64m[ADB]&amp#27;[0m apksigner stdout: Signer #1 certificate DN: EMAILADDRESS=android@android.com, CN=Android, OU=Android, O=Android, L=Mountain View, ST=California, C=US
[debug] &amp#27;[38;5;64m[ADB]&amp#27;[0m Signer #1 certificate SHA-256 digest: a40da80a59d170caa950cf15c18c454d47a39b26989d8b640ecd745ba71bf5dc
[debug] &amp#27;[38;5;64m[ADB]&amp#27;[0m Signer #1 certificate SHA-1 digest: 61ed377e85d386a8dfee6b864bd85b0bfaa5af81
[debug] &amp#27;[38;5;64m[ADB]&amp#27;[0m Signer #1 certificate MD5 digest: e89b158e4bcf988ebd09eb83f5378e87
[debug] &amp#27;[38;5;64m[ADB]&amp#27;[0m 
[debug] &amp#27;[38;5;64m[ADB]&amp#27;[0m sha256 hash did match for 'appium-uiautomator2-server-debug-androidTest.apk'
&amp#27;[38;5;64m[ADB]&amp#27;[0m 'C:\Users\Lynx User\node_modules\appium-uiautomator2-server\apks\appium-uiautomator2-server-debug-androidTest.apk' is signed with the default certificate
[debug] &amp#27;[38;5;64m[ADB]&amp#27;[0m Getting install status for io.appium.uiautomator2.server.test
[debug] &amp#27;[38;5;64m[ADB]&amp#27;[0m Running 'C:\Users\Lynx User\AppData\Local\Android\Sdk\platform-tools\adb.exe -P 5037 -s emulator-5554 shell pm path io.appium.uiautomator2.server.test'
[debug] &amp#27;[38;5;64m[ADB]&amp#27;[0m 'io.appium.uiautomator2.server.test' is installed
[debug] &amp#27;[38;5;64m[ADB]&amp#27;[0m apksigner stdout: Signer #1 certificate DN: EMAILADDRESS=android@android.com, CN=Android, OU=Android, O=Android, L=Mountain View, ST=California, C=US
[debug] &amp#27;[38;5;64m[ADB]&amp#27;[0m Signer #1 certificate SHA-256 digest: a40da80a59d170caa950cf15c18c454d47a39b26989d8b640ecd745ba71bf5dc
[debug] &amp#27;[38;5;64m[ADB]&amp#27;[0m Signer #1 certificate SHA-1 digest: 61ed377e85d386a8dfee6b864bd85b0bfaa5af81
[debug] &amp#27;[38;5;64m[ADB]&amp#27;[0m Signer #1 certificate MD5 digest: e89b158e4bcf988ebd09eb83f5378e87
[debug] &amp#27;[38;5;64m[ADB]&amp#27;[0m 
[debug] &amp#27;[38;5;64m[ADB]&amp#27;[0m sha256 hash did match for 'appium-uiautomator2-server-v5.12.5.apk'
&amp#27;[38;5;64m[ADB]&amp#27;[0m 'C:\Users\Lynx User\node_modules\appium-uiautomator2-server\apks\appium-uiautomator2-server-v5.12.5.apk' is signed with the default certificate
[debug] &amp#27;[38;5;64m[ADB]&amp#27;[0m Getting package info for 'io.appium.uiautomator2.server'
[debug] &amp#27;[38;5;64m[ADB]&amp#27;[0m Running 'C:\Users\Lynx User\AppData\Local\Android\Sdk\platform-tools\adb.exe -P 5037 -s emulator-5554 shell dumpsys package io.appium.uiautomator2.server'
[debug] &amp#27;[38;5;64m[ADB]&amp#27;[0m The version name of the installed 'io.appium.uiautomator2.server' is greater or equal to the application version name ('5.12.5' >= '5.12.5')
[debug] &amp#27;[38;5;32m[AndroidUiautomator2Driver@fa1b (bdbf5815)]&amp#27;[0m Server packages status: [{"wasSigned":true,"installState":"sameVersionInstalled","appPath":"C:\\Users\\Lynx User\\node_modules\\appium-uiautomator2-server\\apks\\appium-uiautomator2-server-v5.12.5.apk","appId":"io.appium.uiautomator2.server"},{"wasSigned":true,"installState":"sameVersionInstalled","appPath":"C:\\Users\\Lynx User\\node_modules\\appium-uiautomator2-server\\apks\\appium-uiautomator2-server-debug-androidTest.apk","appId":"io.appium.uiautomator2.server.test"}]
&amp#27;[38;5;32m[AndroidUiautomator2Driver@fa1b (bdbf5815)]&amp#27;[0m Server packages are not going to be (re)installed
[debug] &amp#27;[38;5;32m[AndroidUiautomator2Driver@fa1b (bdbf5815)]&amp#27;[0m Waiting up to 30000ms for services to be available
[debug] &amp#27;[38;5;64m[ADB]&amp#27;[0m Running 'C:\Users\Lynx User\AppData\Local\Android\Sdk\platform-tools\adb.exe -P 5037 -s emulator-5554 shell pm list instrumentation'
[debug] &amp#27;[38;5;32m[AndroidUiautomator2Driver@fa1b (bdbf5815)]&amp#27;[0m Instrumentation target 'io.appium.uiautomator2.server.test/androidx.test.runner.AndroidJUnitRunner' is available
&amp#27;[38;5;64m[ADB]&amp#27;[0m Adding packages ["io.appium.settings","io.appium.uiautomator2.server","io.appium.uiautomator2.server.test"] to Doze whitelist
[debug] &amp#27;[38;5;64m[ADB]&amp#27;[0m Got the following command chunks to execute: [["dumpsys","deviceidle","whitelist","+io.appium.settings",";","dumpsys","deviceidle","whitelist","+io.appium.uiautomator2.server",";","dumpsys","deviceidle","whitelist","+io.appium.uiautomator2.server.test",";"]]
[debug] &amp#27;[38;5;64m[ADB]&amp#27;[0m Running 'C:\Users\Lynx User\AppData\Local\Android\Sdk\platform-tools\adb.exe -P 5037 -s emulator-5554 shell dumpsys deviceidle whitelist +io.appium.settings ; dumpsys deviceidle whitelist +io.appium.uiautomator2.server ; dumpsys deviceidle whitelist +io.appium.uiautomator2.server.test ;'
[debug] &amp#27;[38;5;64m[ADB]&amp#27;[0m Checking app cert for C:\Users\Lynx User\eclipse-workspace\AppiumProject/src/main/java/resources/General-Store.apk
[debug] &amp#27;[38;5;64m[ADB]&amp#27;[0m Starting apksigner: 'C:\\Program Files\\Java\\jdk-17.0.2\\bin\\java.exe' -Xmx1024M -Xss1m -jar 'C:\\Users\\Lynx User\\AppData\\Local\\Android\\Sdk\\build-tools\\34.0.0\\lib\\apksigner.jar' verify --print-certs 'C:\\Users\\Lynx User\\eclipse-workspace\\AppiumProject/src/main/java/resources/General-Store.apk'
[debug] &amp#27;[38;5;64m[ADB]&amp#27;[0m apksigner stdout: Signer #1 certificate DN: C=US, O=Android, CN=Android Debug
[debug] &amp#27;[38;5;64m[ADB]&amp#27;[0m Signer #1 certificate SHA-256 digest: f5f5931c019be6bff8a26255f76ae9ef8a8e631d2a702ec10e91110231549eef
[debug] &amp#27;[38;5;64m[ADB]&amp#27;[0m Signer #1 certificate SHA-1 digest: b250161db8b5d0a1bd39154c9fd749bdad79c1a3
[debug] &amp#27;[38;5;64m[ADB]&amp#27;[0m Signer #1 certificate MD5 digest: 7a5550323d84472ca25a0861c63e0a6c
[debug] &amp#27;[38;5;64m[ADB]&amp#27;[0m 
&amp#27;[38;5;64m[ADB]&amp#27;[0m 'C:\Users\Lynx User\eclipse-workspace\AppiumProject/src/main/java/resources/General-Store.apk' is signed with a non-default certificate
[debug] &amp#27;[38;5;64m[ADB]&amp#27;[0m Getting package info for 'com.androidsample.generalstore'
[debug] &amp#27;[38;5;64m[ADB]&amp#27;[0m Running 'C:\Users\Lynx User\AppData\Local\Android\Sdk\platform-tools\adb.exe -P 5037 -s emulator-5554 shell dumpsys package com.androidsample.generalstore'
[debug] &amp#27;[38;5;64m[ADB]&amp#27;[0m The version name of the installed 'com.androidsample.generalstore' is greater or equal to the application version name ('1.0.0' >= '1.0.0')
[debug] &amp#27;[38;5;64m[ADB]&amp#27;[0m There is no need to install/upgrade 'C:\Users\Lynx User\eclipse-workspace\AppiumProject/src/main/java/resources/General-Store.apk'
&amp#27;[38;5;80m[AndroidDriver]&amp#27;[0m Performing fast reset on 'com.androidsample.generalstore'
[debug] &amp#27;[38;5;64m[ADB]&amp#27;[0m Getting install status for com.androidsample.generalstore
[debug] &amp#27;[38;5;64m[ADB]&amp#27;[0m Running 'C:\Users\Lynx User\AppData\Local\Android\Sdk\platform-tools\adb.exe -P 5037 -s emulator-5554 shell pm path com.androidsample.generalstore'
[debug] &amp#27;[38;5;64m[ADB]&amp#27;[0m 'com.androidsample.generalstore' is installed
[debug] &amp#27;[38;5;64m[ADB]&amp#27;[0m Running 'C:\Users\Lynx User\AppData\Local\Android\Sdk\platform-tools\adb.exe -P 5037 -s emulator-5554 shell am force-stop com.androidsample.generalstore'
[debug] &amp#27;[38;5;64m[ADB]&amp#27;[0m Running 'C:\Users\Lynx User\AppData\Local\Android\Sdk\platform-tools\adb.exe -P 5037 -s emulator-5554 shell pm clear com.androidsample.generalstore'
[debug] &amp#27;[38;5;80m[AndroidDriver]&amp#27;[0m Performed fast reset on the installed 'com.androidsample.generalstore' application (stop and clear)
[debug] &amp#27;[38;5;32m[AndroidUiautomator2Driver@fa1b (bdbf5815)]&amp#27;[0m Performing shallow cleanup of automation leftovers
[debug] &amp#27;[38;5;32m[AndroidUiautomator2Driver@fa1b (bdbf5815)]&amp#27;[0m No obsolete sessions have been detected (socket hang up)
[debug] &amp#27;[38;5;64m[ADB]&amp#27;[0m Running 'C:\Users\Lynx User\AppData\Local\Android\Sdk\platform-tools\adb.exe -P 5037 -s emulator-5554 shell am force-stop io.appium.uiautomator2.server.test'
&amp#27;[38;5;32m[AndroidUiautomator2Driver@fa1b (bdbf5815)]&amp#27;[0m Starting UIAutomator2 server 5.12.5
&amp#27;[38;5;32m[AndroidUiautomator2Driver@fa1b (bdbf5815)]&amp#27;[0m Using UIAutomator2 server from 'C:\Users\Lynx User\node_modules\appium-uiautomator2-server\apks\appium-uiautomator2-server-v5.12.5.apk' and test from 'C:\Users\Lynx User\node_modules\appium-uiautomator2-server\apks\appium-uiautomator2-server-debug-androidTest.apk'
&amp#27;[38;5;32m[AndroidUiautomator2Driver@fa1b (bdbf5815)]&amp#27;[0m Waiting up to 30000ms for UiAutomator2 to be online...
[debug] &amp#27;[38;5;64m[ADB]&amp#27;[0m Creating ADB subprocess with args: ["-P","5037","-s","emulator-5554","shell","am","instrument","-w","-e","disableAnalytics",true,"io.appium.uiautomator2.server.test/androidx.test.runner.AndroidJUnitRunner"]
[debug] &amp#27;[38;5;32m[AndroidUiautomator2Driver@fa1b (bdbf5815)]&amp#27;[0m Matched '/status' to command name 'getStatus'
[debug] &amp#27;[38;5;32m[AndroidUiautomator2Driver@fa1b (bdbf5815)]&amp#27;[0m Proxying [GET /status] to [GET http://127.0.0.1:8200/status] with no body
&amp#27;[38;5;32m[AndroidUiautomator2Driver@fa1b (bdbf5815)]&amp#27;[0m socket hang up
[debug] &amp#27;[38;5;32m[AndroidUiautomator2Driver@fa1b (bdbf5815)]&amp#27;[0m Matched '/status' to command name 'getStatus'
[debug] &amp#27;[38;5;32m[AndroidUiautomator2Driver@fa1b (bdbf5815)]&amp#27;[0m Proxying [GET /status] to [GET http://127.0.0.1:8200/status] with no body
&amp#27;[38;5;32m[AndroidUiautomator2Driver@fa1b (bdbf5815)]&amp#27;[0m socket hang up
[debug] &amp#27;[38;5;112m[Instrumentation]&amp#27;[0m io.appium.uiautomator2.server.test.AppiumUiAutomator2Server:
[debug] &amp#27;[38;5;32m[AndroidUiautomator2Driver@fa1b (bdbf5815)]&amp#27;[0m Matched '/status' to command name 'getStatus'
[debug] &amp#27;[38;5;32m[AndroidUiautomator2Driver@fa1b (bdbf5815)]&amp#27;[0m Proxying [GET /status] to [GET http://127.0.0.1:8200/status] with no body
&amp#27;[38;5;32m[AndroidUiautomator2Driver@fa1b (bdbf5815)]&amp#27;[0m socket hang up
[debug] &amp#27;[38;5;32m[AndroidUiautomator2Driver@fa1b (bdbf5815)]&amp#27;[0m Matched '/status' to command name 'getStatus'
[debug] &amp#27;[38;5;32m[AndroidUiautomator2Driver@fa1b (bdbf5815)]&amp#27;[0m Proxying [GET /status] to [GET http://127.0.0.1:8200/status] with no body
[debug] &amp#27;[38;5;32m[AndroidUiautomator2Driver@fa1b (bdbf5815)]&amp#27;[0m Got response with status 200: {"sessionId":"None","value":{"message":"UiAutomator2 Server is ready to accept commands","ready":true}}
[debug] &amp#27;[38;5;32m[AndroidUiautomator2Driver@fa1b (bdbf5815)]&amp#27;[0m The initialization of the instrumentation process took 3182ms
[debug] &amp#27;[38;5;32m[AndroidUiautomator2Driver@fa1b (bdbf5815)]&amp#27;[0m Matched '/session' to command name 'createSession'
[debug] &amp#27;[38;5;32m[AndroidUiautomator2Driver@fa1b (bdbf5815)]&amp#27;[0m Proxying [POST /session] to [POST http://127.0.0.1:8200/session] with body: {"capabilities":{"firstMatch":[{"platform":"LINUX","webStorageEnabled":false,"takesScreenshot":true,"javascriptEnabled":true,"databaseEnabled":false,"networkConnectionEnabled":true,"locationContextEnabled":false,"warnings":{},"desired":{"platformName":"ANDROID","deviceName":"SerbanTest","automationName":"UIAutomator2","app":"C:\\Users\\Lynx User\\eclipse-workspace\\AppiumProject/src/main/java/resources/General-Store.apk"},"platformName":"ANDROID","deviceName":"emulator-5554","automationName":"UIAutomator2","app":"C:\\Users\\Lynx User\\eclipse-workspace\\AppiumProject/src/main/java/resources/General-Store.apk","deviceUDID":"emulator-5554","appPackage":"com.androidsample.generalstore"}],"alwaysMatch":{}}}
[debug] &amp#27;[38;5;32m[AndroidUiautomator2Driver@fa1b (bdbf5815)]&amp#27;[0m Got response with status 200: {"sessionId":"5713d11c-c6ac-412c-a191-7435f48658d6","value":{"capabilities":{"firstMatch":[{"platform":"LINUX","webStorageEnabled":false,"takesScreenshot":true,"javascriptEnabled":true,"databaseEnabled":false,"networkConnectionEnabled":true,"locationContextEnabled":false,"warnings":{},"desired":{"platformName":"ANDROID","deviceName":"SerbanTest","automationName":"UIAutomator2","app":"C:\\Users\\Lynx User\\eclipse-workspace\\AppiumProject/src/main/java/resources/General-Store.apk"},"platformName":"ANDROID","deviceName":"emulator-5554","automationName":"UIAutomator2","app":"C:\\Users\\Lynx User\\eclipse-workspace\\AppiumProject/src/main/java/resources/General-Store.apk","deviceUDID":"emulator-5554","appPackage":"com.androidsample.generalstore"}],"alwaysMatch":{}},"sessionId":"5713d11c-c6ac-412c-a191-7435f48658d6"}}
&amp#27;[38;5;32m[AndroidUiautomator2Driver@fa1b (bdbf5815)]&amp#27;[0m Determined the downstream protocol as 'W3C'
[debug] &amp#27;[38;5;32m[AndroidUiautomator2Driver@fa1b (bdbf5815)]&amp#27;[0m Proxying [GET /appium/device/info] to [GET http://127.0.0.1:8200/session/5713d11c-c6ac-412c-a191-7435f48658d6/appium/device/info] with no body
[debug] &amp#27;[38;5;32m[AndroidUiautomator2Driver@fa1b (bdbf5815)]&amp#27;[0m Got response with status 200: {"sessionId":"5713d11c-c6ac-412c-a191-7435f48658d6","value":{"androidId":"6f6daa45ecfe2688","apiVersion":"34","bluetooth":{"state":"ON"},"brand":"google","carrierName":"T-Mobile","displayDensity":420,"locale":"en_US","manufacturer":"Google","model":"sdk_gphone64_x86_64","networks":[{"capabilities":{"SSID":null,"linkDownBandwidthKbps":30000,"linkUpstreamBandwidthKbps":12000,"networkCapabilities":"NET_CAPABILITY_NOT_METERED,NET_CAPABILITY_INTERNET,NET_CAPABILITY_NOT_RESTRICTED,NET_CAPABILITY_TRUSTED,NET_CAPABILITY_NOT_VPN,NET_CAPABILITY_VALIDATED,NET_CAPABILITY_NOT_ROAMING,NET_CAPABILITY_FOREGROUND,NET_CAPABILITY_NOT_CONGESTED,NET_CAPABILITY_NOT_SUSPENDED","signalStrength":-50,"transportTypes":"TRANSPORT_WIFI"},"detailedState":"CONNECTED","extraInfo":"","isAvailable":true,"isConnected":true,"isFailover":false,"isRoaming":false,"state":"CONNECTED","subtype":-1,"subtypeName":"","type":1,"typeName":"WIFI"}],"platformVersion":"14","realDisplaySize":"1080x1920","timeZone":"Europe/Bucharest"}}
[debug] &amp#27;[38;5;64m[ADB]&amp#27;[0m Running 'C:\Users\Lynx User\AppData\Local\Android\Sdk\platform-tools\adb.exe -P 5037 -s emulator-5554 shell dumpsys window'
&amp#27;[38;5;80m[AndroidDriver]&amp#27;[0m Screen already unlocked, doing nothing
&amp#27;[38;5;32m[AndroidUiautomator2Driver@fa1b (bdbf5815)]&amp#27;[0m Starting 'com.androidsample.generalstore/com.androidsample.generalstore.SplashActivity and waiting for 'com.androidsample.generalstore/com.androidsample.generalstore.SplashActivity'
[debug] &amp#27;[38;5;64m[ADB]&amp#27;[0m Running 'C:\Users\Lynx User\AppData\Local\Android\Sdk\platform-tools\adb.exe -P 5037 -s emulator-5554 shell am start -W -n com.androidsample.generalstore/com.androidsample.generalstore.SplashActivity -S -a android.intent.action.MAIN -c android.intent.category.LAUNCHER -f 0x10200000'
[debug] &amp#27;[38;5;64m[ADB]&amp#27;[0m Waiting up to 20000ms for activity matching pkg: 'com.androidsample.generalstore' and activity: 'com.androidsample.generalstore.SplashActivity' to be focused
[debug] &amp#27;[38;5;64m[ADB]&amp#27;[0m Possible activities, to be checked: 'com.androidsample.generalstore.SplashActivity', 'com.androidsample.generalstore.com.androidsample.generalstore.SplashActivity'
[debug] &amp#27;[38;5;64m[ADB]&amp#27;[0m Getting focused package and activity
[debug] &amp#27;[38;5;64m[ADB]&amp#27;[0m Running 'C:\Users\Lynx User\AppData\Local\Android\Sdk\platform-tools\adb.exe -P 5037 -s emulator-5554 shell dumpsys window displays'
[debug] &amp#27;[38;5;64m[ADB]&amp#27;[0m Found package: 'com.androidsample.generalstore' and fully qualified activity name : 'com.androidsample.generalstore.SplashActivity'
[debug] &amp#27;[38;5;32m[AndroidUiautomator2Driver@fa1b (bdbf5815)]&amp#27;[0m Proxying [GET /appium/device/pixel_ratio] to [GET http://127.0.0.1:8200/session/5713d11c-c6ac-412c-a191-7435f48658d6/appium/device/pixel_ratio] with no body
[debug] &amp#27;[38;5;32m[AndroidUiautomator2Driver@fa1b (bdbf5815)]&amp#27;[0m Got response with status 200: {"sessionId":"5713d11c-c6ac-412c-a191-7435f48658d6","value":2.625}
[debug] &amp#27;[38;5;32m[AndroidUiautomator2Driver@fa1b (bdbf5815)]&amp#27;[0m Matched '/appium/device/system_bars' to command name 'getSystemBars'
[debug] &amp#27;[38;5;32m[AndroidUiautomator2Driver@fa1b (bdbf5815)]&amp#27;[0m Proxying [GET /appium/device/system_bars] to [GET http://127.0.0.1:8200/session/5713d11c-c6ac-412c-a191-7435f48658d6/appium/device/system_bars] with no body
[debug] &amp#27;[38;5;32m[AndroidUiautomator2Driver@fa1b (bdbf5815)]&amp#27;[0m Got response with status 200: {"sessionId":"5713d11c-c6ac-412c-a191-7435f48658d6","value":{"statusBar":63}}
[debug] &amp#27;[38;5;32m[AndroidUiautomator2Driver@fa1b (bdbf5815)]&amp#27;[0m Matched '/window/current/size' to command name 'getWindowSize'
[debug] &amp#27;[38;5;32m[AndroidUiautomator2Driver@fa1b (bdbf5815)]&amp#27;[0m Proxying [GET /window/current/size] to [GET http://127.0.0.1:8200/session/5713d11c-c6ac-412c-a191-7435f48658d6/window/current/size] with no body
[debug] &amp#27;[38;5;32m[AndroidUiautomator2Driver@fa1b (bdbf5815)]&amp#27;[0m Got response with status 200: {"sessionId":"5713d11c-c6ac-412c-a191-7435f48658d6","value":{"height":1857,"width":1080}}
&amp#27;[38;5;16m[AppiumDriver@b324]&amp#27;[0m New AndroidUiautomator2Driver session created successfully, session bdbf5815-6fe8-42c1-a2bb-1e2c9c62cac2 added to master session list
[debug] &amp#27;[38;5;16m[AppiumDriver@b324]&amp#27;[0m Event 'newSessionStarted' logged at 1733148471278 (16:07:51 GMT+0200 (Eastern European Standard Time))
[debug] &amp#27;[38;5;32m[AndroidUiautomator2Driver@fa1b (bdbf5815)]&amp#27;[0m Cached the protocol value 'W3C' for the new session bdbf5815-6fe8-42c1-a2bb-1e2c9c62cac2
[debug] &amp#27;[38;5;32m[AndroidUiautomator2Driver@fa1b (bdbf5815)]&amp#27;[0m Responding to client with driver.createSession() result: {"capabilities":{"platform":"LINUX","webStorageEnabled":false,"takesScreenshot":true,"javascriptEnabled":true,"databaseEnabled":false,"networkConnectionEnabled":true,"locationContextEnabled":false,"warnings":{},"desired":{"platformName":"ANDROID","deviceName":"SerbanTest","automationName":"UIAutomator2","app":"C:\\Users\\Lynx User\\eclipse-workspace\\AppiumProject/src/main/java/resources/General-Store.apk"},"platformName":"ANDROID","deviceName":"emulator-5554","automationName":"UIAutomator2","app":"C:\\Users\\Lynx User\\eclipse-workspace\\AppiumProject/src/main/java/resources/General-Store.apk","deviceUDID":"emulator-5554","appPackage":"com.androidsample.generalstore","deviceApiLevel":34,"platformVersion":"14","deviceScreenSize":"1080x1920","deviceScreenDensity":420,"deviceModel":"sdk_gphone64_x86_64","deviceManufacturer":"Google","pixelRatio":2.625,"statBarHeight":63,"viewportRect":{"left":0,"top":63,"width":1080,"height":1794}}}
&amp#27;[38;5;0m[HTTP]&amp#27;[0m &amp#27;[37m<-- POST /session &amp#27;[39m&amp#27;[32m200&amp#27;[39m &amp#27;[90m10168 ms - 1005&amp#27;[39m
&amp#27;[38;5;0m[HTTP]&amp#27;[0m &amp#27;[90m&amp#27;[39m
&amp#27;[38;5;0m[HTTP]&amp#27;[0m &amp#27;[37m-->&amp#27;[39m &amp#27;[37mPOST&amp#27;[39m &amp#27;[37m/session/bdbf5815-6fe8-42c1-a2bb-1e2c9c62cac2/timeouts&amp#27;[39m
&amp#27;[38;5;0m[HTTP]&amp#27;[0m &amp#27;[90m{"implicit":15000}&amp#27;[39m
[debug] &amp#27;[38;5;32m[AndroidUiautomator2Driver@fa1b (bdbf5815)]&amp#27;[0m Calling AppiumDriver.timeouts() with args: [null,null,null,null,15000,"bdbf5815-6fe8-42c1-a2bb-1e2c9c62cac2"]
[debug] &amp#27;[38;5;32m[AndroidUiautomator2Driver@fa1b (bdbf5815)]&amp#27;[0m W3C timeout argument: {"implicit":15000}}
[debug] &amp#27;[38;5;32m[AndroidUiautomator2Driver@fa1b (bdbf5815)]&amp#27;[0m Set implicit wait to 15000ms
[debug] &amp#27;[38;5;32m[AndroidUiautomator2Driver@fa1b (bdbf5815)]&amp#27;[0m Responding to client with driver.timeouts() result: null
&amp#27;[38;5;0m[HTTP]&amp#27;[0m &amp#27;[37m<-- POST /session/bdbf5815-6fe8-42c1-a2bb-1e2c9c62cac2/timeouts &amp#27;[39m&amp#27;[32m200&amp#27;[39m &amp#27;[90m8 ms - 14&amp#27;[39m
&amp#27;[38;5;0m[HTTP]&amp#27;[0m &amp#27;[90m&amp#27;[39m
&amp#27;[38;5;0m[HTTP]&amp#27;[0m &amp#27;[37m-->&amp#27;[39m &amp#27;[37mGET&amp#27;[39m &amp#27;[37m/session/bdbf5815-6fe8-42c1-a2bb-1e2c9c62cac2/context&amp#27;[39m
&amp#27;[38;5;0m[HTTP]&amp#27;[0m &amp#27;[90m{}&amp#27;[39m
[debug] &amp#27;[38;5;32m[AndroidUiautomator2Driver@fa1b (bdbf5815)]&amp#27;[0m Calling AppiumDriver.getCurrentContext() with args: ["bdbf5815-6fe8-42c1-a2bb-1e2c9c62cac2"]
[debug] &amp#27;[38;5;32m[AndroidUiautomator2Driver@fa1b (bdbf5815)]&amp#27;[0m Responding to client with driver.getCurrentContext() result: "NATIVE_APP"
&amp#27;[38;5;0m[HTTP]&amp#27;[0m &amp#27;[37m<-- GET /session/bdbf5815-6fe8-42c1-a2bb-1e2c9c62cac2/context &amp#27;[39m&amp#27;[32m200&amp#27;[39m &amp#27;[90m10 ms - 22&amp#27;[39m
&amp#27;[38;5;0m[HTTP]&amp#27;[0m &amp#27;[90m&amp#27;[39m
&amp#27;[38;5;0m[HTTP]&amp#27;[0m &amp#27;[37m-->&amp#27;[39m &amp#27;[37mPOST&amp#27;[39m &amp#27;[37m/session/bdbf5815-6fe8-42c1-a2bb-1e2c9c62cac2/element&amp#27;[39m
&amp#27;[38;5;0m[HTTP]&amp#27;[0m &amp#27;[90m{"using":"id","value":"com.androidsample.generalstore:id/nameField"}&amp#27;[39m
[debug] &amp#27;[38;5;32m[AndroidUiautomator2Driver@fa1b (bdbf5815)]&amp#27;[0m Calling AppiumDriver.findElement() with args: ["id","com.androidsample.generalstore:id/nameField","bdbf5815-6fe8-42c1-a2bb-1e2c9c62cac2"]
[debug] &amp#27;[38;5;32m[AndroidUiautomator2Driver@fa1b (bdbf5815)]&amp#27;[0m Valid locator strategies for this request: xpath, id, class name, accessibility id, css selector, -android uiautomator
[debug] &amp#27;[38;5;32m[AndroidUiautomator2Driver@fa1b (bdbf5815)]&amp#27;[0m Waiting up to 15000 ms for condition
[debug] &amp#27;[38;5;32m[AndroidUiautomator2Driver@fa1b (bdbf5815)]&amp#27;[0m Matched '/element' to command name 'findElement'
[debug] &amp#27;[38;5;32m[AndroidUiautomator2Driver@fa1b (bdbf5815)]&amp#27;[0m Proxying [POST /element] to [POST http://127.0.0.1:8200/session/5713d11c-c6ac-412c-a191-7435f48658d6/element] with body: {"strategy":"id","selector":"com.androidsample.generalstore:id/nameField","context":"","multiple":false}
&amp#27;[38;5;32m[AndroidUiautomator2Driver@fa1b (bdbf5815)]&amp#27;[0m Got response with status 404: {"sessionId":"5713d11c-c6ac-412c-a191-7435f48658d6","value":{"error":"no such element","message":"An element could not be located on the page using the given search parameters","stacktrace":"io.appium.uiautomator2.common.exceptions.ElementNotFoundException: An element could not be located on the page using the given search parameters\n\tat io.appium.uiautomator2.handler.FindElement.safeHandle(FindElement.java:63)\n\tat io.appium.uiautomator2.handler.request.SafeRequestHandler.handle(SafeRequestHandler.java:59)\n\tat io.appium.uiautomator2.server.AppiumServlet.handleRequest(AppiumServlet.java:277)\n\tat io.appium.uiautomator2.server.AppiumServlet.handleHttpRequest(AppiumServlet.java:271)\n\tat io.appium.uiautomator2.http.ServerHandler.channelRead(ServerHandler.java:77)\n\tat io.netty.channel.AbstractChannelHandlerContext.invokeChannelRead(AbstractChannelHandlerContext.java:366)\n\tat io.netty.channel.AbstractChannelHandlerContext.invokeChannelRead(AbstractChannelHandlerContext.java:352)\n\tat io.netty.chann...
[debug] &amp#27;[38;5;128m[W3C]&amp#27;[0m Matched W3C error code 'no such element' to NoSuchElementError
[debug] &amp#27;[38;5;32m[AndroidUiautomator2Driver@fa1b (bdbf5815)]&amp#27;[0m Waited for 811 ms so far
[debug] &amp#27;[38;5;32m[AndroidUiautomator2Driver@fa1b (bdbf5815)]&amp#27;[0m Matched '/element' to command name 'findElement'
[debug] &amp#27;[38;5;32m[AndroidUiautomator2Driver@fa1b (bdbf5815)]&amp#27;[0m Proxying [POST /element] to [POST http://127.0.0.1:8200/session/5713d11c-c6ac-412c-a191-7435f48658d6/element] with body: {"strategy":"id","selector":"com.androidsample.generalstore:id/nameField","context":"","multiple":false}
[debug] &amp#27;[38;5;32m[AndroidUiautomator2Driver@fa1b (bdbf5815)]&amp#27;[0m Got response with status 200: {"sessionId":"5713d11c-c6ac-412c-a191-7435f48658d6","value":{"ELEMENT":"00000000-0000-10f3-ffff-ffff0000001c","element-6066-11e4-a52e-4f735466cecf":"00000000-0000-10f3-ffff-ffff0000001c"}}
[debug] &amp#27;[38;5;32m[AndroidUiautomator2Driver@fa1b (bdbf5815)]&amp#27;[0m Responding to client with driver.findElement() result: {"element-6066-11e4-a52e-4f735466cecf":"00000000-0000-10f3-ffff-ffff0000001c","ELEMENT":"00000000-0000-10f3-ffff-ffff0000001c"}
&amp#27;[38;5;0m[HTTP]&amp#27;[0m &amp#27;[37m<-- POST /session/bdbf5815-6fe8-42c1-a2bb-1e2c9c62cac2/element &amp#27;[39m&amp#27;[32m200&amp#27;[39m &amp#27;[90m1640 ms - 137&amp#27;[39m
&amp#27;[38;5;0m[HTTP]&amp#27;[0m &amp#27;[90m&amp#27;[39m
&amp#27;[38;5;0m[HTTP]&amp#27;[0m &amp#27;[37m-->&amp#27;[39m &amp#27;[37mPOST&amp#27;[39m &amp#27;[37m/session/bdbf5815-6fe8-42c1-a2bb-1e2c9c62cac2/element/00000000-0000-10f3-ffff-ffff0000001c/value&amp#27;[39m
&amp#27;[38;5;0m[HTTP]&amp#27;[0m &amp#27;[90m{"text":"Serban Mora","id":"00000000-0000-10f3-ffff-ffff0000001c","value":["S","e","r","b","a","n"," ","M","o","r","a"]}&amp#27;[39m
[debug] &amp#27;[38;5;32m[AndroidUiautomator2Driver@fa1b (bdbf5815)]&amp#27;[0m Calling AppiumDriver.setValue() with args: [["S","e","r","b","a","n"," ","M","o","r","a"],"00000000-0000-10f3-ffff-ffff0000001c","bdbf5815-6fe8-42c1-a2bb-1e2c9c62cac2"]
[debug] &amp#27;[38;5;32m[AndroidUiautomator2Driver@fa1b (bdbf5815)]&amp#27;[0m Matched '/element/00000000-0000-10f3-ffff-ffff0000001c/value' to command name 'setValue'
[debug] &amp#27;[38;5;32m[AndroidUiautomator2Driver@fa1b (bdbf5815)]&amp#27;[0m Added 'value' property ["S","e","r","b","a","n"," ","M","o","r","a"] to 'setValue' request body
[debug] &amp#27;[38;5;32m[AndroidUiautomator2Driver@fa1b (bdbf5815)]&amp#27;[0m Proxying [POST /element/00000000-0000-10f3-ffff-ffff0000001c/value] to [POST http://127.0.0.1:8200/session/5713d11c-c6ac-412c-a191-7435f48658d6/element/00000000-0000-10f3-ffff-ffff0000001c/value] with body: {"elementId":"00000000-0000-10f3-ffff-ffff0000001c","text":"Serban Mora","replace":false,"value":["S","e","r","b","a","n"," ","M","o","r","a"]}
[debug] &amp#27;[38;5;32m[AndroidUiautomator2Driver@fa1b (bdbf5815)]&amp#27;[0m Got response with status 200: {"sessionId":"5713d11c-c6ac-412c-a191-7435f48658d6","value":null}
[debug] &amp#27;[38;5;32m[AndroidUiautomator2Driver@fa1b (bdbf5815)]&amp#27;[0m Responding to client with driver.setValue() result: null
&amp#27;[38;5;0m[HTTP]&amp#27;[0m &amp#27;[37m<-- POST /session/bdbf5815-6fe8-42c1-a2bb-1e2c9c62cac2/element/00000000-0000-10f3-ffff-ffff0000001c/value &amp#27;[39m&amp#27;[32m200&amp#27;[39m &amp#27;[90m983 ms - 14&amp#27;[39m
&amp#27;[38;5;0m[HTTP]&amp#27;[0m &amp#27;[90m&amp#27;[39m
&amp#27;[38;5;0m[HTTP]&amp#27;[0m &amp#27;[37m-->&amp#27;[39m &amp#27;[37mPOST&amp#27;[39m &amp#27;[37m/session/bdbf5815-6fe8-42c1-a2bb-1e2c9c62cac2/execute/sync&amp#27;[39m
&amp#27;[38;5;0m[HTTP]&amp#27;[0m &amp#27;[90m{"script":"mobile: hideKeyboard","args":[]}&amp#27;[39m
[debug] &amp#27;[38;5;32m[AndroidUiautomator2Driver@fa1b (bdbf5815)]&amp#27;[0m Calling AppiumDriver.execute() with args: ["mobile: hideKeyboard",[],"bdbf5815-6fe8-42c1-a2bb-1e2c9c62cac2"]
&amp#27;[38;5;32m[AndroidUiautomator2Driver@fa1b (bdbf5815)]&amp#27;[0m Executing native command 'mobile: hideKeyboard'
[debug] &amp#27;[38;5;64m[ADB]&amp#27;[0m Running 'C:\Users\Lynx User\AppData\Local\Android\Sdk\platform-tools\adb.exe -P 5037 -s emulator-5554 shell dumpsys input_method'
&amp#27;[38;5;64m[ADB]&amp#27;[0m Keyboard has no UI; no closing necessary
[debug] &amp#27;[38;5;32m[AndroidUiautomator2Driver@fa1b (bdbf5815)]&amp#27;[0m Responding to client with driver.execute() result: false
&amp#27;[38;5;0m[HTTP]&amp#27;[0m &amp#27;[37m<-- POST /session/bdbf5815-6fe8-42c1-a2bb-1e2c9c62cac2/execute/sync &amp#27;[39m&amp#27;[32m200&amp#27;[39m &amp#27;[90m371 ms - 15&amp#27;[39m
&amp#27;[38;5;0m[HTTP]&amp#27;[0m &amp#27;[90m&amp#27;[39m
&amp#27;[38;5;0m[HTTP]&amp#27;[0m &amp#27;[37m-->&amp#27;[39m &amp#27;[37mGET&amp#27;[39m &amp#27;[37m/session/bdbf5815-6fe8-42c1-a2bb-1e2c9c62cac2/context&amp#27;[39m
&amp#27;[38;5;0m[HTTP]&amp#27;[0m &amp#27;[90m{}&amp#27;[39m
[debug] &amp#27;[38;5;32m[AndroidUiautomator2Driver@fa1b (bdbf5815)]&amp#27;[0m Calling AppiumDriver.getCurrentContext() with args: ["bdbf5815-6fe8-42c1-a2bb-1e2c9c62cac2"]
[debug] &amp#27;[38;5;32m[AndroidUiautomator2Driver@fa1b (bdbf5815)]&amp#27;[0m Responding to client with driver.getCurrentContext() result: "NATIVE_APP"
&amp#27;[38;5;0m[HTTP]&amp#27;[0m &amp#27;[37m<-- GET /session/bdbf5815-6fe8-42c1-a2bb-1e2c9c62cac2/context &amp#27;[39m&amp#27;[32m200&amp#27;[39m &amp#27;[90m2 ms - 22&amp#27;[39m
&amp#27;[38;5;0m[HTTP]&amp#27;[0m &amp#27;[90m&amp#27;[39m
&amp#27;[38;5;0m[HTTP]&amp#27;[0m &amp#27;[37m-->&amp#27;[39m &amp#27;[37mPOST&amp#27;[39m &amp#27;[37m/session/bdbf5815-6fe8-42c1-a2bb-1e2c9c62cac2/element&amp#27;[39m
&amp#27;[38;5;0m[HTTP]&amp#27;[0m &amp#27;[90m{"using":"id","value":"com.androidsample.generalstore:id/radioMale"}&amp#27;[39m
[debug] &amp#27;[38;5;32m[AndroidUiautomator2Driver@fa1b (bdbf5815)]&amp#27;[0m Calling AppiumDriver.findElement() with args: ["id","com.androidsample.generalstore:id/radioMale","bdbf5815-6fe8-42c1-a2bb-1e2c9c62cac2"]
[debug] &amp#27;[38;5;32m[AndroidUiautomator2Driver@fa1b (bdbf5815)]&amp#27;[0m Valid locator strategies for this request: xpath, id, class name, accessibility id, css selector, -android uiautomator
[debug] &amp#27;[38;5;32m[AndroidUiautomator2Driver@fa1b (bdbf5815)]&amp#27;[0m Waiting up to 15000 ms for condition
[debug] &amp#27;[38;5;32m[AndroidUiautomator2Driver@fa1b (bdbf5815)]&amp#27;[0m Matched '/element' to command name 'findElement'
[debug] &amp#27;[38;5;32m[AndroidUiautomator2Driver@fa1b (bdbf5815)]&amp#27;[0m Proxying [POST /element] to [POST http://127.0.0.1:8200/session/5713d11c-c6ac-412c-a191-7435f48658d6/element] with body: {"strategy":"id","selector":"com.androidsample.generalstore:id/radioMale","context":"","multiple":false}
[debug] &amp#27;[38;5;32m[AndroidUiautomator2Driver@fa1b (bdbf5815)]&amp#27;[0m Got response with status 200: {"sessionId":"5713d11c-c6ac-412c-a191-7435f48658d6","value":{"ELEMENT":"00000000-0000-10f3-ffff-ffff0000001f","element-6066-11e4-a52e-4f735466cecf":"00000000-0000-10f3-ffff-ffff0000001f"}}
[debug] &amp#27;[38;5;32m[AndroidUiautomator2Driver@fa1b (bdbf5815)]&amp#27;[0m Responding to client with driver.findElement() result: {"element-6066-11e4-a52e-4f735466cecf":"00000000-0000-10f3-ffff-ffff0000001f","ELEMENT":"00000000-0000-10f3-ffff-ffff0000001f"}
&amp#27;[38;5;0m[HTTP]&amp#27;[0m &amp#27;[37m<-- POST /session/bdbf5815-6fe8-42c1-a2bb-1e2c9c62cac2/element &amp#27;[39m&amp#27;[32m200&amp#27;[39m &amp#27;[90m121 ms - 137&amp#27;[39m
&amp#27;[38;5;0m[HTTP]&amp#27;[0m &amp#27;[90m&amp#27;[39m
&amp#27;[38;5;0m[HTTP]&amp#27;[0m &amp#27;[37m-->&amp#27;[39m &amp#27;[37mPOST&amp#27;[39m &amp#27;[37m/session/bdbf5815-6fe8-42c1-a2bb-1e2c9c62cac2/element/00000000-0000-10f3-ffff-ffff0000001f/click&amp#27;[39m
&amp#27;[38;5;0m[HTTP]&amp#27;[0m &amp#27;[90m{"id":"00000000-0000-10f3-ffff-ffff0000001f"}&amp#27;[39m
[debug] &amp#27;[38;5;32m[AndroidUiautomator2Driver@fa1b (bdbf5815)]&amp#27;[0m Calling AppiumDriver.click() with args: ["00000000-0000-10f3-ffff-ffff0000001f","bdbf5815-6fe8-42c1-a2bb-1e2c9c62cac2"]
[debug] &amp#27;[38;5;32m[AndroidUiautomator2Driver@fa1b (bdbf5815)]&amp#27;[0m Matched '/element/00000000-0000-10f3-ffff-ffff0000001f/click' to command name 'click'
[debug] &amp#27;[38;5;32m[AndroidUiautomator2Driver@fa1b (bdbf5815)]&amp#27;[0m Proxying [POST /element/00000000-0000-10f3-ffff-ffff0000001f/click] to [POST http://127.0.0.1:8200/session/5713d11c-c6ac-412c-a191-7435f48658d6/element/00000000-0000-10f3-ffff-ffff0000001f/click] with body: {"element":"00000000-0000-10f3-ffff-ffff0000001f"}
[debug] &amp#27;[38;5;32m[AndroidUiautomator2Driver@fa1b (bdbf5815)]&amp#27;[0m Got response with status 200: {"sessionId":"5713d11c-c6ac-412c-a191-7435f48658d6","value":null}
[debug] &amp#27;[38;5;32m[AndroidUiautomator2Driver@fa1b (bdbf5815)]&amp#27;[0m Responding to client with driver.click() result: null
&amp#27;[38;5;0m[HTTP]&amp#27;[0m &amp#27;[37m<-- POST /session/bdbf5815-6fe8-42c1-a2bb-1e2c9c62cac2/element/00000000-0000-10f3-ffff-ffff0000001f/click &amp#27;[39m&amp#27;[32m200&amp#27;[39m &amp#27;[90m53 ms - 14&amp#27;[39m
&amp#27;[38;5;0m[HTTP]&amp#27;[0m &amp#27;[90m&amp#27;[39m
&amp#27;[38;5;0m[HTTP]&amp#27;[0m &amp#27;[37m-->&amp#27;[39m &amp#27;[37mGET&amp#27;[39m &amp#27;[37m/session/bdbf5815-6fe8-42c1-a2bb-1e2c9c62cac2/context&amp#27;[39m
&amp#27;[38;5;0m[HTTP]&amp#27;[0m &amp#27;[90m{}&amp#27;[39m
[debug] &amp#27;[38;5;32m[AndroidUiautomator2Driver@fa1b (bdbf5815)]&amp#27;[0m Calling AppiumDriver.getCurrentContext() with args: ["bdbf5815-6fe8-42c1-a2bb-1e2c9c62cac2"]
[debug] &amp#27;[38;5;32m[AndroidUiautomator2Driver@fa1b (bdbf5815)]&amp#27;[0m Responding to client with driver.getCurrentContext() result: "NATIVE_APP"
&amp#27;[38;5;0m[HTTP]&amp#27;[0m &amp#27;[37m<-- GET /session/bdbf5815-6fe8-42c1-a2bb-1e2c9c62cac2/context &amp#27;[39m&amp#27;[32m200&amp#27;[39m &amp#27;[90m1 ms - 22&amp#27;[39m
&amp#27;[38;5;0m[HTTP]&amp#27;[0m &amp#27;[90m&amp#27;[39m
&amp#27;[38;5;0m[HTTP]&amp#27;[0m &amp#27;[37m-->&amp#27;[39m &amp#27;[37mPOST&amp#27;[39m &amp#27;[37m/session/bdbf5815-6fe8-42c1-a2bb-1e2c9c62cac2/element&amp#27;[39m
&amp#27;[38;5;0m[HTTP]&amp#27;[0m &amp#27;[90m{"using":"id","value":"com.androidsample.generalstore:id/spinnerCountry"}&amp#27;[39m
[debug] &amp#27;[38;5;32m[AndroidUiautomator2Driver@fa1b (bdbf5815)]&amp#27;[0m Calling AppiumDriver.findElement() with args: ["id","com.androidsample.generalstore:id/spinnerCountry","bdbf5815-6fe8-42c1-a2bb-1e2c9c62cac2"]
[debug] &amp#27;[38;5;32m[AndroidUiautomator2Driver@fa1b (bdbf5815)]&amp#27;[0m Valid locator strategies for this request: xpath, id, class name, accessibility id, css selector, -android uiautomator
[debug] &amp#27;[38;5;32m[AndroidUiautomator2Driver@fa1b (bdbf5815)]&amp#27;[0m Waiting up to 15000 ms for condition
[debug] &amp#27;[38;5;32m[AndroidUiautomator2Driver@fa1b (bdbf5815)]&amp#27;[0m Matched '/element' to command name 'findElement'
[debug] &amp#27;[38;5;32m[AndroidUiautomator2Driver@fa1b (bdbf5815)]&amp#27;[0m Proxying [POST /element] to [POST http://127.0.0.1:8200/session/5713d11c-c6ac-412c-a191-7435f48658d6/element] with body: {"strategy":"id","selector":"com.androidsample.generalstore:id/spinnerCountry","context":"","multiple":false}
[debug] &amp#27;[38;5;32m[AndroidUiautomator2Driver@fa1b (bdbf5815)]&amp#27;[0m Got response with status 200: {"sessionId":"5713d11c-c6ac-412c-a191-7435f48658d6","value":{"ELEMENT":"00000000-0000-10f3-ffff-ffff0000001a","element-6066-11e4-a52e-4f735466cecf":"00000000-0000-10f3-ffff-ffff0000001a"}}
[debug] &amp#27;[38;5;32m[AndroidUiautomator2Driver@fa1b (bdbf5815)]&amp#27;[0m Responding to client with driver.findElement() result: {"element-6066-11e4-a52e-4f735466cecf":"00000000-0000-10f3-ffff-ffff0000001a","ELEMENT":"00000000-0000-10f3-ffff-ffff0000001a"}
&amp#27;[38;5;0m[HTTP]&amp#27;[0m &amp#27;[37m<-- POST /session/bdbf5815-6fe8-42c1-a2bb-1e2c9c62cac2/element &amp#27;[39m&amp#27;[32m200&amp#27;[39m &amp#27;[90m267 ms - 137&amp#27;[39m
&amp#27;[38;5;0m[HTTP]&amp#27;[0m &amp#27;[90m&amp#27;[39m
&amp#27;[38;5;0m[HTTP]&amp#27;[0m &amp#27;[37m-->&amp#27;[39m &amp#27;[37mPOST&amp#27;[39m &amp#27;[37m/session/bdbf5815-6fe8-42c1-a2bb-1e2c9c62cac2/element/00000000-0000-10f3-ffff-ffff0000001a/click&amp#27;[39m
&amp#27;[38;5;0m[HTTP]&amp#27;[0m &amp#27;[90m{"id":"00000000-0000-10f3-ffff-ffff0000001a"}&amp#27;[39m
[debug] &amp#27;[38;5;32m[AndroidUiautomator2Driver@fa1b (bdbf5815)]&amp#27;[0m Calling AppiumDriver.click() with args: ["00000000-0000-10f3-ffff-ffff0000001a","bdbf5815-6fe8-42c1-a2bb-1e2c9c62cac2"]
[debug] &amp#27;[38;5;32m[AndroidUiautomator2Driver@fa1b (bdbf5815)]&amp#27;[0m Matched '/element/00000000-0000-10f3-ffff-ffff0000001a/click' to command name 'click'
[debug] &amp#27;[38;5;32m[AndroidUiautomator2Driver@fa1b (bdbf5815)]&amp#27;[0m Proxying [POST /element/00000000-0000-10f3-ffff-ffff0000001a/click] to [POST http://127.0.0.1:8200/session/5713d11c-c6ac-412c-a191-7435f48658d6/element/00000000-0000-10f3-ffff-ffff0000001a/click] with body: {"element":"00000000-0000-10f3-ffff-ffff0000001a"}
[debug] &amp#27;[38;5;32m[AndroidUiautomator2Driver@fa1b (bdbf5815)]&amp#27;[0m Got response with status 200: {"sessionId":"5713d11c-c6ac-412c-a191-7435f48658d6","value":null}
[debug] &amp#27;[38;5;32m[AndroidUiautomator2Driver@fa1b (bdbf5815)]&amp#27;[0m Responding to client with driver.click() result: null
&amp#27;[38;5;0m[HTTP]&amp#27;[0m &amp#27;[37m<-- POST /session/bdbf5815-6fe8-42c1-a2bb-1e2c9c62cac2/element/00000000-0000-10f3-ffff-ffff0000001a/click &amp#27;[39m&amp#27;[32m200&amp#27;[39m &amp#27;[90m309 ms - 14&amp#27;[39m
&amp#27;[38;5;0m[HTTP]&amp#27;[0m &amp#27;[90m&amp#27;[39m
&amp#27;[38;5;0m[HTTP]&amp#27;[0m &amp#27;[37m-->&amp#27;[39m &amp#27;[37mPOST&amp#27;[39m &amp#27;[37m/session/bdbf5815-6fe8-42c1-a2bb-1e2c9c62cac2/element&amp#27;[39m
&amp#27;[38;5;0m[HTTP]&amp#27;[0m &amp#27;[90m{"using":"-android uiautomator","value":"new UiScrollable(new UiSelector()).scrollIntoView(text(\"Argentina\"));"}&amp#27;[39m
[debug] &amp#27;[38;5;32m[AndroidUiautomator2Driver@fa1b (bdbf5815)]&amp#27;[0m Calling AppiumDriver.findElement() with args: ["-android uiautomator","new UiScrollable(new UiSelector()).scrollIntoView(text(\"Argentina\"));","bdbf5815-6fe8-42c1-a2bb-1e2c9c62cac2"]
[debug] &amp#27;[38;5;32m[AndroidUiautomator2Driver@fa1b (bdbf5815)]&amp#27;[0m Valid locator strategies for this request: xpath, id, class name, accessibility id, css selector, -android uiautomator
[debug] &amp#27;[38;5;32m[AndroidUiautomator2Driver@fa1b (bdbf5815)]&amp#27;[0m Waiting up to 15000 ms for condition
[debug] &amp#27;[38;5;32m[AndroidUiautomator2Driver@fa1b (bdbf5815)]&amp#27;[0m Matched '/element' to command name 'findElement'
[debug] &amp#27;[38;5;32m[AndroidUiautomator2Driver@fa1b (bdbf5815)]&amp#27;[0m Proxying [POST /element] to [POST http://127.0.0.1:8200/session/5713d11c-c6ac-412c-a191-7435f48658d6/element] with body: {"strategy":"-android uiautomator","selector":"new UiScrollable(new UiSelector()).scrollIntoView(text(\"Argentina\"));","context":"","multiple":false}
[debug] &amp#27;[38;5;32m[AndroidUiautomator2Driver@fa1b (bdbf5815)]&amp#27;[0m Got response with status 200: {"sessionId":"5713d11c-c6ac-412c-a191-7435f48658d6","value":{"ELEMENT":"00000000-0000-10f4-ffff-ffff00000029","element-6066-11e4-a52e-4f735466cecf":"00000000-0000-10f4-ffff-ffff00000029"}}
[debug] &amp#27;[38;5;32m[AndroidUiautomator2Driver@fa1b (bdbf5815)]&amp#27;[0m Responding to client with driver.findElement() result: {"element-6066-11e4-a52e-4f735466cecf":"00000000-0000-10f4-ffff-ffff00000029","ELEMENT":"00000000-0000-10f4-ffff-ffff00000029"}
&amp#27;[38;5;0m[HTTP]&amp#27;[0m &amp#27;[37m<-- POST /session/bdbf5815-6fe8-42c1-a2bb-1e2c9c62cac2/element &amp#27;[39m&amp#27;[32m200&amp#27;[39m &amp#27;[90m6987 ms - 137&amp#27;[39m
&amp#27;[38;5;0m[HTTP]&amp#27;[0m &amp#27;[90m&amp#27;[39m
&amp#27;[38;5;0m[HTTP]&amp#27;[0m &amp#27;[37m-->&amp#27;[39m &amp#27;[37mPOST&amp#27;[39m &amp#27;[37m/session/bdbf5815-6fe8-42c1-a2bb-1e2c9c62cac2/element&amp#27;[39m
&amp#27;[38;5;0m[HTTP]&amp#27;[0m &amp#27;[90m{"using":"xpath","value":"//android.widget.TextView[@text='Argentina']"}&amp#27;[39m
[debug] &amp#27;[38;5;32m[AndroidUiautomator2Driver@fa1b (bdbf5815)]&amp#27;[0m Calling AppiumDriver.findElement() with args: ["xpath","//android.widget.TextView[@text='Argentina']","bdbf5815-6fe8-42c1-a2bb-1e2c9c62cac2"]
[debug] &amp#27;[38;5;32m[AndroidUiautomator2Driver@fa1b (bdbf5815)]&amp#27;[0m Valid locator strategies for this request: xpath, id, class name, accessibility id, css selector, -android uiautomator
[debug] &amp#27;[38;5;32m[AndroidUiautomator2Driver@fa1b (bdbf5815)]&amp#27;[0m Waiting up to 15000 ms for condition
[debug] &amp#27;[38;5;32m[AndroidUiautomator2Driver@fa1b (bdbf5815)]&amp#27;[0m Matched '/element' to command name 'findElement'
[debug] &amp#27;[38;5;32m[AndroidUiautomator2Driver@fa1b (bdbf5815)]&amp#27;[0m Proxying [POST /element] to [POST http://127.0.0.1:8200/session/5713d11c-c6ac-412c-a191-7435f48658d6/element] with body: {"strategy":"xpath","selector":"//android.widget.TextView[@text='Argentina']","context":"","multiple":false}
[debug] &amp#27;[38;5;32m[AndroidUiautomator2Driver@fa1b (bdbf5815)]&amp#27;[0m Got response with status 200: {"sessionId":"5713d11c-c6ac-412c-a191-7435f48658d6","value":{"ELEMENT":"00000000-0000-10f4-ffff-ffff00000029","element-6066-11e4-a52e-4f735466cecf":"00000000-0000-10f4-ffff-ffff00000029"}}
[debug] &amp#27;[38;5;32m[AndroidUiautomator2Driver@fa1b (bdbf5815)]&amp#27;[0m Responding to client with driver.findElement() result: {"element-6066-11e4-a52e-4f735466cecf":"00000000-0000-10f4-ffff-ffff00000029","ELEMENT":"00000000-0000-10f4-ffff-ffff00000029"}
&amp#27;[38;5;0m[HTTP]&amp#27;[0m &amp#27;[37m<-- POST /session/bdbf5815-6fe8-42c1-a2bb-1e2c9c62cac2/element &amp#27;[39m&amp#27;[32m200&amp#27;[39m &amp#27;[90m589 ms - 137&amp#27;[39m
&amp#27;[38;5;0m[HTTP]&amp#27;[0m &amp#27;[90m&amp#27;[39m
&amp#27;[38;5;0m[HTTP]&amp#27;[0m &amp#27;[37m-->&amp#27;[39m &amp#27;[37mPOST&amp#27;[39m &amp#27;[37m/session/bdbf5815-6fe8-42c1-a2bb-1e2c9c62cac2/element/00000000-0000-10f4-ffff-ffff00000029/click&amp#27;[39m
&amp#27;[38;5;0m[HTTP]&amp#27;[0m &amp#27;[90m{"id":"00000000-0000-10f4-ffff-ffff00000029"}&amp#27;[39m
[debug] &amp#27;[38;5;32m[AndroidUiautomator2Driver@fa1b (bdbf5815)]&amp#27;[0m Calling AppiumDriver.click() with args: ["00000000-0000-10f4-ffff-ffff00000029","bdbf5815-6fe8-42c1-a2bb-1e2c9c62cac2"]
[debug] &amp#27;[38;5;32m[AndroidUiautomator2Driver@fa1b (bdbf5815)]&amp#27;[0m Matched '/element/00000000-0000-10f4-ffff-ffff00000029/click' to command name 'click'
[debug] &amp#27;[38;5;32m[AndroidUiautomator2Driver@fa1b (bdbf5815)]&amp#27;[0m Proxying [POST /element/00000000-0000-10f4-ffff-ffff00000029/click] to [POST http://127.0.0.1:8200/session/5713d11c-c6ac-412c-a191-7435f48658d6/element/00000000-0000-10f4-ffff-ffff00000029/click] with body: {"element":"00000000-0000-10f4-ffff-ffff00000029"}
[debug] &amp#27;[38;5;32m[AndroidUiautomator2Driver@fa1b (bdbf5815)]&amp#27;[0m Got response with status 200: {"sessionId":"5713d11c-c6ac-412c-a191-7435f48658d6","value":null}
[debug] &amp#27;[38;5;32m[AndroidUiautomator2Driver@fa1b (bdbf5815)]&amp#27;[0m Responding to client with driver.click() result: null
&amp#27;[38;5;0m[HTTP]&amp#27;[0m &amp#27;[37m<-- POST /session/bdbf5815-6fe8-42c1-a2bb-1e2c9c62cac2/element/00000000-0000-10f4-ffff-ffff00000029/click &amp#27;[39m&amp#27;[32m200&amp#27;[39m &amp#27;[90m1002 ms - 14&amp#27;[39m
&amp#27;[38;5;0m[HTTP]&amp#27;[0m &amp#27;[90m&amp#27;[39m
&amp#27;[38;5;0m[HTTP]&amp#27;[0m &amp#27;[37m-->&amp#27;[39m &amp#27;[37mGET&amp#27;[39m &amp#27;[37m/session/bdbf5815-6fe8-42c1-a2bb-1e2c9c62cac2/context&amp#27;[39m
&amp#27;[38;5;0m[HTTP]&amp#27;[0m &amp#27;[90m{}&amp#27;[39m
[debug] &amp#27;[38;5;32m[AndroidUiautomator2Driver@fa1b (bdbf5815)]&amp#27;[0m Calling AppiumDriver.getCurrentContext() with args: ["bdbf5815-6fe8-42c1-a2bb-1e2c9c62cac2"]
[debug] &amp#27;[38;5;32m[AndroidUiautomator2Driver@fa1b (bdbf5815)]&amp#27;[0m Responding to client with driver.getCurrentContext() result: "NATIVE_APP"
&amp#27;[38;5;0m[HTTP]&amp#27;[0m &amp#27;[37m<-- GET /session/bdbf5815-6fe8-42c1-a2bb-1e2c9c62cac2/context &amp#27;[39m&amp#27;[32m200&amp#27;[39m &amp#27;[90m5 ms - 22&amp#27;[39m
&amp#27;[38;5;0m[HTTP]&amp#27;[0m &amp#27;[90m&amp#27;[39m
&amp#27;[38;5;0m[HTTP]&amp#27;[0m &amp#27;[37m-->&amp#27;[39m &amp#27;[37mPOST&amp#27;[39m &amp#27;[37m/session/bdbf5815-6fe8-42c1-a2bb-1e2c9c62cac2/element&amp#27;[39m
&amp#27;[38;5;0m[HTTP]&amp#27;[0m &amp#27;[90m{"using":"id","value":"com.androidsample.generalstore:id/btnLetsShop"}&amp#27;[39m
[debug] &amp#27;[38;5;32m[AndroidUiautomator2Driver@fa1b (bdbf5815)]&amp#27;[0m Calling AppiumDriver.findElement() with args: ["id","com.androidsample.generalstore:id/btnLetsShop","bdbf5815-6fe8-42c1-a2bb-1e2c9c62cac2"]
[debug] &amp#27;[38;5;32m[AndroidUiautomator2Driver@fa1b (bdbf5815)]&amp#27;[0m Valid locator strategies for this request: xpath, id, class name, accessibility id, css selector, -android uiautomator
[debug] &amp#27;[38;5;32m[AndroidUiautomator2Driver@fa1b (bdbf5815)]&amp#27;[0m Waiting up to 15000 ms for condition
[debug] &amp#27;[38;5;32m[AndroidUiautomator2Driver@fa1b (bdbf5815)]&amp#27;[0m Matched '/element' to command name 'findElement'
[debug] &amp#27;[38;5;32m[AndroidUiautomator2Driver@fa1b (bdbf5815)]&amp#27;[0m Proxying [POST /element] to [POST http://127.0.0.1:8200/session/5713d11c-c6ac-412c-a191-7435f48658d6/element] with body: {"strategy":"id","selector":"com.androidsample.generalstore:id/btnLetsShop","context":"","multiple":false}
[debug] &amp#27;[38;5;32m[AndroidUiautomator2Driver@fa1b (bdbf5815)]&amp#27;[0m Got response with status 200: {"sessionId":"5713d11c-c6ac-412c-a191-7435f48658d6","value":{"ELEMENT":"00000000-0000-10f3-ffff-ffff00000021","element-6066-11e4-a52e-4f735466cecf":"00000000-0000-10f3-ffff-ffff00000021"}}
[debug] &amp#27;[38;5;32m[AndroidUiautomator2Driver@fa1b (bdbf5815)]&amp#27;[0m Responding to client with driver.findElement() result: {"element-6066-11e4-a52e-4f735466cecf":"00000000-0000-10f3-ffff-ffff00000021","ELEMENT":"00000000-0000-10f3-ffff-ffff00000021"}
&amp#27;[38;5;0m[HTTP]&amp#27;[0m &amp#27;[37m<-- POST /session/bdbf5815-6fe8-42c1-a2bb-1e2c9c62cac2/element &amp#27;[39m&amp#27;[32m200&amp#27;[39m &amp#27;[90m28 ms - 137&amp#27;[39m
&amp#27;[38;5;0m[HTTP]&amp#27;[0m &amp#27;[90m&amp#27;[39m
&amp#27;[38;5;0m[HTTP]&amp#27;[0m &amp#27;[37m-->&amp#27;[39m &amp#27;[37mPOST&amp#27;[39m &amp#27;[37m/session/bdbf5815-6fe8-42c1-a2bb-1e2c9c62cac2/element/00000000-0000-10f3-ffff-ffff00000021/click&amp#27;[39m
&amp#27;[38;5;0m[HTTP]&amp#27;[0m &amp#27;[90m{"id":"00000000-0000-10f3-ffff-ffff00000021"}&amp#27;[39m
[debug] &amp#27;[38;5;32m[AndroidUiautomator2Driver@fa1b (bdbf5815)]&amp#27;[0m Calling AppiumDriver.click() with args: ["00000000-0000-10f3-ffff-ffff00000021","bdbf5815-6fe8-42c1-a2bb-1e2c9c62cac2"]
[debug] &amp#27;[38;5;32m[AndroidUiautomator2Driver@fa1b (bdbf5815)]&amp#27;[0m Matched '/element/00000000-0000-10f3-ffff-ffff00000021/click' to command name 'click'
[debug] &amp#27;[38;5;32m[AndroidUiautomator2Driver@fa1b (bdbf5815)]&amp#27;[0m Proxying [POST /element/00000000-0000-10f3-ffff-ffff00000021/click] to [POST http://127.0.0.1:8200/session/5713d11c-c6ac-412c-a191-7435f48658d6/element/00000000-0000-10f3-ffff-ffff00000021/click] with body: {"element":"00000000-0000-10f3-ffff-ffff00000021"}
[debug] &amp#27;[38;5;32m[AndroidUiautomator2Driver@fa1b (bdbf5815)]&amp#27;[0m Got response with status 200: {"sessionId":"5713d11c-c6ac-412c-a191-7435f48658d6","value":null}
[debug] &amp#27;[38;5;32m[AndroidUiautomator2Driver@fa1b (bdbf5815)]&amp#27;[0m Responding to client with driver.click() result: null
&amp#27;[38;5;0m[HTTP]&amp#27;[0m &amp#27;[37m<-- POST /session/bdbf5815-6fe8-42c1-a2bb-1e2c9c62cac2/element/00000000-0000-10f3-ffff-ffff00000021/click &amp#27;[39m&amp#27;[32m200&amp#27;[39m &amp#27;[90m85 ms - 14&amp#27;[39m
&amp#27;[38;5;0m[HTTP]&amp#27;[0m &amp#27;[90m&amp#27;[39m
]]></system-out>
    <system-err><![CDATA[SLF4J(W): No SLF4J providers were found.
SLF4J(W): Defaulting to no-operation (NOP) logger implementation
SLF4J(W): See https://www.slf4j.org/codes.html#noProviders for further details.
]]></system-err>
  </testcase>
  <testcase name="productCatalogue" classname="GeneralStore.TestCases.TestExecution" time="16.306">
    <system-out><![CDATA[&amp#27;[38;5;0m[HTTP]&amp#27;[0m &amp#27;[37m-->&amp#27;[39m &amp#27;[37mGET&amp#27;[39m &amp#27;[37m/session/bdbf5815-6fe8-42c1-a2bb-1e2c9c62cac2/context&amp#27;[39m
&amp#27;[38;5;0m[HTTP]&amp#27;[0m &amp#27;[90m{}&amp#27;[39m
[debug] &amp#27;[38;5;32m[AndroidUiautomator2Driver@fa1b (bdbf5815)]&amp#27;[0m Calling AppiumDriver.getCurrentContext() with args: ["bdbf5815-6fe8-42c1-a2bb-1e2c9c62cac2"]
[debug] &amp#27;[38;5;32m[AndroidUiautomator2Driver@fa1b (bdbf5815)]&amp#27;[0m Responding to client with driver.getCurrentContext() result: "NATIVE_APP"
&amp#27;[38;5;0m[HTTP]&amp#27;[0m &amp#27;[37m<-- GET /session/bdbf5815-6fe8-42c1-a2bb-1e2c9c62cac2/context &amp#27;[39m&amp#27;[32m200&amp#27;[39m &amp#27;[90m2 ms - 22&amp#27;[39m
&amp#27;[38;5;0m[HTTP]&amp#27;[0m &amp#27;[90m&amp#27;[39m
&amp#27;[38;5;0m[HTTP]&amp#27;[0m &amp#27;[37m-->&amp#27;[39m &amp#27;[37mPOST&amp#27;[39m &amp#27;[37m/session/bdbf5815-6fe8-42c1-a2bb-1e2c9c62cac2/elements&amp#27;[39m
&amp#27;[38;5;0m[HTTP]&amp#27;[0m &amp#27;[90m{"using":"id","value":"com.androidsample.generalstore:id/productName"}&amp#27;[39m
[debug] &amp#27;[38;5;32m[AndroidUiautomator2Driver@fa1b (bdbf5815)]&amp#27;[0m Calling AppiumDriver.findElements() with args: ["id","com.androidsample.generalstore:id/productName","bdbf5815-6fe8-42c1-a2bb-1e2c9c62cac2"]
[debug] &amp#27;[38;5;32m[AndroidUiautomator2Driver@fa1b (bdbf5815)]&amp#27;[0m Valid locator strategies for this request: xpath, id, class name, accessibility id, css selector, -android uiautomator
[debug] &amp#27;[38;5;32m[AndroidUiautomator2Driver@fa1b (bdbf5815)]&amp#27;[0m Waiting up to 15000 ms for condition
[debug] &amp#27;[38;5;32m[AndroidUiautomator2Driver@fa1b (bdbf5815)]&amp#27;[0m Matched '/elements' to command name 'findElements'
[debug] &amp#27;[38;5;32m[AndroidUiautomator2Driver@fa1b (bdbf5815)]&amp#27;[0m Proxying [POST /elements] to [POST http://127.0.0.1:8200/session/5713d11c-c6ac-412c-a191-7435f48658d6/elements] with body: {"strategy":"id","selector":"com.androidsample.generalstore:id/productName","context":"","multiple":true}
[debug] &amp#27;[38;5;32m[AndroidUiautomator2Driver@fa1b (bdbf5815)]&amp#27;[0m Got response with status 200: {"sessionId":"5713d11c-c6ac-412c-a191-7435f48658d6","value":[]}
[debug] &amp#27;[38;5;32m[AndroidUiautomator2Driver@fa1b (bdbf5815)]&amp#27;[0m Waited for 495 ms so far
[debug] &amp#27;[38;5;32m[AndroidUiautomator2Driver@fa1b (bdbf5815)]&amp#27;[0m Matched '/elements' to command name 'findElements'
[debug] &amp#27;[38;5;32m[AndroidUiautomator2Driver@fa1b (bdbf5815)]&amp#27;[0m Proxying [POST /elements] to [POST http://127.0.0.1:8200/session/5713d11c-c6ac-412c-a191-7435f48658d6/elements] with body: {"strategy":"id","selector":"com.androidsample.generalstore:id/productName","context":"","multiple":true}
[debug] &amp#27;[38;5;32m[AndroidUiautomator2Driver@fa1b (bdbf5815)]&amp#27;[0m Got response with status 200: {"sessionId":"5713d11c-c6ac-412c-a191-7435f48658d6","value":[{"ELEMENT":"00000000-0000-10f5-ffff-ffff0000004c","element-6066-11e4-a52e-4f735466cecf":"00000000-0000-10f5-ffff-ffff0000004c"},{"ELEMENT":"00000000-0000-10f5-ffff-ffff00000054","element-6066-11e4-a52e-4f735466cecf":"00000000-0000-10f5-ffff-ffff00000054"}]}
[debug] &amp#27;[38;5;32m[AndroidUiautomator2Driver@fa1b (bdbf5815)]&amp#27;[0m Responding to client with driver.findElements() result: [{"element-6066-11e4-a52e-4f735466cecf":"00000000-0000-10f5-ffff-ffff0000004c","ELEMENT":"00000000-0000-10f5-ffff-ffff0000004c"},{"element-6066-11e4-a52e-4f735466cecf":"00000000-0000-10f5-ffff-ffff00000054","ELEMENT":"00000000-0000-10f5-ffff-ffff00000054"}]
&amp#27;[38;5;0m[HTTP]&amp#27;[0m &amp#27;[37m<-- POST /session/bdbf5815-6fe8-42c1-a2bb-1e2c9c62cac2/elements &amp#27;[39m&amp#27;[32m200&amp#27;[39m &amp#27;[90m1477 ms - 267&amp#27;[39m
&amp#27;[38;5;0m[HTTP]&amp#27;[0m &amp#27;[90m&amp#27;[39m
&amp#27;[38;5;0m[HTTP]&amp#27;[0m &amp#27;[37m-->&amp#27;[39m &amp#27;[37mGET&amp#27;[39m &amp#27;[37m/session/bdbf5815-6fe8-42c1-a2bb-1e2c9c62cac2/context&amp#27;[39m
&amp#27;[38;5;0m[HTTP]&amp#27;[0m &amp#27;[90m{}&amp#27;[39m
[debug] &amp#27;[38;5;32m[AndroidUiautomator2Driver@fa1b (bdbf5815)]&amp#27;[0m Calling AppiumDriver.getCurrentContext() with args: ["bdbf5815-6fe8-42c1-a2bb-1e2c9c62cac2"]
[debug] &amp#27;[38;5;32m[AndroidUiautomator2Driver@fa1b (bdbf5815)]&amp#27;[0m Responding to client with driver.getCurrentContext() result: "NATIVE_APP"
&amp#27;[38;5;0m[HTTP]&amp#27;[0m &amp#27;[37m<-- GET /session/bdbf5815-6fe8-42c1-a2bb-1e2c9c62cac2/context &amp#27;[39m&amp#27;[32m200&amp#27;[39m &amp#27;[90m1 ms - 22&amp#27;[39m
&amp#27;[38;5;0m[HTTP]&amp#27;[0m &amp#27;[90m&amp#27;[39m
&amp#27;[38;5;0m[HTTP]&amp#27;[0m &amp#27;[37m-->&amp#27;[39m &amp#27;[37mPOST&amp#27;[39m &amp#27;[37m/session/bdbf5815-6fe8-42c1-a2bb-1e2c9c62cac2/elements&amp#27;[39m
&amp#27;[38;5;0m[HTTP]&amp#27;[0m &amp#27;[90m{"using":"id","value":"com.androidsample.generalstore:id/productName"}&amp#27;[39m
[debug] &amp#27;[38;5;32m[AndroidUiautomator2Driver@fa1b (bdbf5815)]&amp#27;[0m Calling AppiumDriver.findElements() with args: ["id","com.androidsample.generalstore:id/productName","bdbf5815-6fe8-42c1-a2bb-1e2c9c62cac2"]
[debug] &amp#27;[38;5;32m[AndroidUiautomator2Driver@fa1b (bdbf5815)]&amp#27;[0m Valid locator strategies for this request: xpath, id, class name, accessibility id, css selector, -android uiautomator
[debug] &amp#27;[38;5;32m[AndroidUiautomator2Driver@fa1b (bdbf5815)]&amp#27;[0m Waiting up to 15000 ms for condition
[debug] &amp#27;[38;5;32m[AndroidUiautomator2Driver@fa1b (bdbf5815)]&amp#27;[0m Matched '/elements' to command name 'findElements'
[debug] &amp#27;[38;5;32m[AndroidUiautomator2Driver@fa1b (bdbf5815)]&amp#27;[0m Proxying [POST /elements] to [POST http://127.0.0.1:8200/session/5713d11c-c6ac-412c-a191-7435f48658d6/elements] with body: {"strategy":"id","selector":"com.androidsample.generalstore:id/productName","context":"","multiple":true}
[debug] &amp#27;[38;5;32m[AndroidUiautomator2Driver@fa1b (bdbf5815)]&amp#27;[0m Got response with status 200: {"sessionId":"5713d11c-c6ac-412c-a191-7435f48658d6","value":[{"ELEMENT":"00000000-0000-10f5-ffff-ffff0000004c","element-6066-11e4-a52e-4f735466cecf":"00000000-0000-10f5-ffff-ffff0000004c"},{"ELEMENT":"00000000-0000-10f5-ffff-ffff00000054","element-6066-11e4-a52e-4f735466cecf":"00000000-0000-10f5-ffff-ffff00000054"}]}
[debug] &amp#27;[38;5;32m[AndroidUiautomator2Driver@fa1b (bdbf5815)]&amp#27;[0m Responding to client with driver.findElements() result: [{"element-6066-11e4-a52e-4f735466cecf":"00000000-0000-10f5-ffff-ffff0000004c","ELEMENT":"00000000-0000-10f5-ffff-ffff0000004c"},{"element-6066-11e4-a52e-4f735466cecf":"00000000-0000-10f5-ffff-ffff00000054","ELEMENT":"00000000-0000-10f5-ffff-ffff00000054"}]
&amp#27;[38;5;0m[HTTP]&amp#27;[0m &amp#27;[37m<-- POST /session/bdbf5815-6fe8-42c1-a2bb-1e2c9c62cac2/elements &amp#27;[39m&amp#27;[32m200&amp#27;[39m &amp#27;[90m31 ms - 267&amp#27;[39m
&amp#27;[38;5;0m[HTTP]&amp#27;[0m &amp#27;[90m&amp#27;[39m
&amp#27;[38;5;0m[HTTP]&amp#27;[0m &amp#27;[37m-->&amp#27;[39m &amp#27;[37mGET&amp#27;[39m &amp#27;[37m/session/bdbf5815-6fe8-42c1-a2bb-1e2c9c62cac2/element/00000000-0000-10f5-ffff-ffff0000004c/text&amp#27;[39m
&amp#27;[38;5;0m[HTTP]&amp#27;[0m &amp#27;[90m{}&amp#27;[39m
&amp#27;[38;5;32m[AndroidUiautomator2Driver@fa1b (bdbf5815)]&amp#27;[0m Driver proxy active, passing request on via HTTP proxy
[debug] &amp#27;[38;5;32m[AndroidUiautomator2Driver@fa1b (bdbf5815)]&amp#27;[0m Matched '/session/bdbf5815-6fe8-42c1-a2bb-1e2c9c62cac2/element/00000000-0000-10f5-ffff-ffff0000004c/text' to command name 'getText'
[debug] &amp#27;[38;5;32m[AndroidUiautomator2Driver@fa1b (bdbf5815)]&amp#27;[0m Proxying [GET /session/bdbf5815-6fe8-42c1-a2bb-1e2c9c62cac2/element/00000000-0000-10f5-ffff-ffff0000004c/text] to [GET http://127.0.0.1:8200/session/5713d11c-c6ac-412c-a191-7435f48658d6/element/00000000-0000-10f5-ffff-ffff0000004c/text] with no body
[debug] &amp#27;[38;5;32m[AndroidUiautomator2Driver@fa1b (bdbf5815)]&amp#27;[0m Got response with status 200: {"sessionId":"5713d11c-c6ac-412c-a191-7435f48658d6","value":"Air Jordan 4 Retro"}
&amp#27;[38;5;32m[AndroidUiautomator2Driver@fa1b (bdbf5815)]&amp#27;[0m Replacing sessionId 5713d11c-c6ac-412c-a191-7435f48658d6 with bdbf5815-6fe8-42c1-a2bb-1e2c9c62cac2
&amp#27;[38;5;0m[HTTP]&amp#27;[0m &amp#27;[37m<-- GET /session/bdbf5815-6fe8-42c1-a2bb-1e2c9c62cac2/element/00000000-0000-10f5-ffff-ffff0000004c/text &amp#27;[39m&amp#27;[32m200&amp#27;[39m &amp#27;[90m18 ms - 81&amp#27;[39m
&amp#27;[38;5;0m[HTTP]&amp#27;[0m &amp#27;[90m&amp#27;[39m
&amp#27;[38;5;0m[HTTP]&amp#27;[0m &amp#27;[37m-->&amp#27;[39m &amp#27;[37mGET&amp#27;[39m &amp#27;[37m/session/bdbf5815-6fe8-42c1-a2bb-1e2c9c62cac2/context&amp#27;[39m
&amp#27;[38;5;0m[HTTP]&amp#27;[0m &amp#27;[90m{}&amp#27;[39m
[debug] &amp#27;[38;5;32m[AndroidUiautomator2Driver@fa1b (bdbf5815)]&amp#27;[0m Calling AppiumDriver.getCurrentContext() with args: ["bdbf5815-6fe8-42c1-a2bb-1e2c9c62cac2"]
[debug] &amp#27;[38;5;32m[AndroidUiautomator2Driver@fa1b (bdbf5815)]&amp#27;[0m Responding to client with driver.getCurrentContext() result: "NATIVE_APP"
&amp#27;[38;5;0m[HTTP]&amp#27;[0m &amp#27;[37m<-- GET /session/bdbf5815-6fe8-42c1-a2bb-1e2c9c62cac2/context &amp#27;[39m&amp#27;[32m200&amp#27;[39m &amp#27;[90m1 ms - 22&amp#27;[39m
&amp#27;[38;5;0m[HTTP]&amp#27;[0m &amp#27;[90m&amp#27;[39m
&amp#27;[38;5;0m[HTTP]&amp#27;[0m &amp#27;[37m-->&amp#27;[39m &amp#27;[37mPOST&amp#27;[39m &amp#27;[37m/session/bdbf5815-6fe8-42c1-a2bb-1e2c9c62cac2/elements&amp#27;[39m
&amp#27;[38;5;0m[HTTP]&amp#27;[0m &amp#27;[90m{"using":"xpath","value":"//android.widget.TextView[@text='ADD TO CART']"}&amp#27;[39m
[debug] &amp#27;[38;5;32m[AndroidUiautomator2Driver@fa1b (bdbf5815)]&amp#27;[0m Calling AppiumDriver.findElements() with args: ["xpath","//android.widget.TextView[@text='ADD TO CART']","bdbf5815-6fe8-42c1-a2bb-1e2c9c62cac2"]
[debug] &amp#27;[38;5;32m[AndroidUiautomator2Driver@fa1b (bdbf5815)]&amp#27;[0m Valid locator strategies for this request: xpath, id, class name, accessibility id, css selector, -android uiautomator
[debug] &amp#27;[38;5;32m[AndroidUiautomator2Driver@fa1b (bdbf5815)]&amp#27;[0m Waiting up to 15000 ms for condition
[debug] &amp#27;[38;5;32m[AndroidUiautomator2Driver@fa1b (bdbf5815)]&amp#27;[0m Matched '/elements' to command name 'findElements'
[debug] &amp#27;[38;5;32m[AndroidUiautomator2Driver@fa1b (bdbf5815)]&amp#27;[0m Proxying [POST /elements] to [POST http://127.0.0.1:8200/session/5713d11c-c6ac-412c-a191-7435f48658d6/elements] with body: {"strategy":"xpath","selector":"//android.widget.TextView[@text='ADD TO CART']","context":"","multiple":true}
[debug] &amp#27;[38;5;32m[AndroidUiautomator2Driver@fa1b (bdbf5815)]&amp#27;[0m Got response with status 200: {"sessionId":"5713d11c-c6ac-412c-a191-7435f48658d6","value":[{"ELEMENT":"00000000-0000-10f5-ffff-ffff00000050","element-6066-11e4-a52e-4f735466cecf":"00000000-0000-10f5-ffff-ffff00000050"},{"ELEMENT":"00000000-0000-10f5-ffff-ffff00000058","element-6066-11e4-a52e-4f735466cecf":"00000000-0000-10f5-ffff-ffff00000058"}]}
[debug] &amp#27;[38;5;32m[AndroidUiautomator2Driver@fa1b (bdbf5815)]&amp#27;[0m Responding to client with driver.findElements() result: [{"element-6066-11e4-a52e-4f735466cecf":"00000000-0000-10f5-ffff-ffff00000050","ELEMENT":"00000000-0000-10f5-ffff-ffff00000050"},{"element-6066-11e4-a52e-4f735466cecf":"00000000-0000-10f5-ffff-ffff00000058","ELEMENT":"00000000-0000-10f5-ffff-ffff00000058"}]
&amp#27;[38;5;0m[HTTP]&amp#27;[0m &amp#27;[37m<-- POST /session/bdbf5815-6fe8-42c1-a2bb-1e2c9c62cac2/elements &amp#27;[39m&amp#27;[32m200&amp#27;[39m &amp#27;[90m75 ms - 267&amp#27;[39m
&amp#27;[38;5;0m[HTTP]&amp#27;[0m &amp#27;[90m&amp#27;[39m
&amp#27;[38;5;0m[HTTP]&amp#27;[0m &amp#27;[37m-->&amp#27;[39m &amp#27;[37mGET&amp#27;[39m &amp#27;[37m/session/bdbf5815-6fe8-42c1-a2bb-1e2c9c62cac2/element/00000000-0000-10f5-ffff-ffff00000050/displayed&amp#27;[39m
&amp#27;[38;5;0m[HTTP]&amp#27;[0m &amp#27;[90m{}&amp#27;[39m
[debug] &amp#27;[38;5;32m[AndroidUiautomator2Driver@fa1b (bdbf5815)]&amp#27;[0m Calling AppiumDriver.elementDisplayed() with args: ["00000000-0000-10f5-ffff-ffff00000050","bdbf5815-6fe8-42c1-a2bb-1e2c9c62cac2"]
[debug] &amp#27;[38;5;32m[AndroidUiautomator2Driver@fa1b (bdbf5815)]&amp#27;[0m Matched '/element/00000000-0000-10f5-ffff-ffff00000050/attribute/displayed' to command name 'getAttribute'
[debug] &amp#27;[38;5;32m[AndroidUiautomator2Driver@fa1b (bdbf5815)]&amp#27;[0m Proxying [GET /element/00000000-0000-10f5-ffff-ffff00000050/attribute/displayed] to [GET http://127.0.0.1:8200/session/5713d11c-c6ac-412c-a191-7435f48658d6/element/00000000-0000-10f5-ffff-ffff00000050/attribute/displayed] with no body
[debug] &amp#27;[38;5;32m[AndroidUiautomator2Driver@fa1b (bdbf5815)]&amp#27;[0m Got response with status 200: {"sessionId":"5713d11c-c6ac-412c-a191-7435f48658d6","value":"true"}
[debug] &amp#27;[38;5;32m[AndroidUiautomator2Driver@fa1b (bdbf5815)]&amp#27;[0m Responding to client with driver.elementDisplayed() result: true
&amp#27;[38;5;0m[HTTP]&amp#27;[0m &amp#27;[37m<-- GET /session/bdbf5815-6fe8-42c1-a2bb-1e2c9c62cac2/element/00000000-0000-10f5-ffff-ffff00000050/displayed &amp#27;[39m&amp#27;[32m200&amp#27;[39m &amp#27;[90m19 ms - 14&amp#27;[39m
&amp#27;[38;5;0m[HTTP]&amp#27;[0m &amp#27;[90m&amp#27;[39m
&amp#27;[38;5;0m[HTTP]&amp#27;[0m &amp#27;[37m-->&amp#27;[39m &amp#27;[37mGET&amp#27;[39m &amp#27;[37m/session/bdbf5815-6fe8-42c1-a2bb-1e2c9c62cac2/context&amp#27;[39m
&amp#27;[38;5;0m[HTTP]&amp#27;[0m &amp#27;[90m{}&amp#27;[39m
[debug] &amp#27;[38;5;32m[AndroidUiautomator2Driver@fa1b (bdbf5815)]&amp#27;[0m Calling AppiumDriver.getCurrentContext() with args: ["bdbf5815-6fe8-42c1-a2bb-1e2c9c62cac2"]
[debug] &amp#27;[38;5;32m[AndroidUiautomator2Driver@fa1b (bdbf5815)]&amp#27;[0m Responding to client with driver.getCurrentContext() result: "NATIVE_APP"
&amp#27;[38;5;0m[HTTP]&amp#27;[0m &amp#27;[37m<-- GET /session/bdbf5815-6fe8-42c1-a2bb-1e2c9c62cac2/context &amp#27;[39m&amp#27;[32m200&amp#27;[39m &amp#27;[90m1 ms - 22&amp#27;[39m
&amp#27;[38;5;0m[HTTP]&amp#27;[0m &amp#27;[90m&amp#27;[39m
&amp#27;[38;5;0m[HTTP]&amp#27;[0m &amp#27;[37m-->&amp#27;[39m &amp#27;[37mPOST&amp#27;[39m &amp#27;[37m/session/bdbf5815-6fe8-42c1-a2bb-1e2c9c62cac2/elements&amp#27;[39m
&amp#27;[38;5;0m[HTTP]&amp#27;[0m &amp#27;[90m{"using":"xpath","value":"//android.widget.TextView[@text='ADD TO CART']"}&amp#27;[39m
[debug] &amp#27;[38;5;32m[AndroidUiautomator2Driver@fa1b (bdbf5815)]&amp#27;[0m Calling AppiumDriver.findElements() with args: ["xpath","//android.widget.TextView[@text='ADD TO CART']","bdbf5815-6fe8-42c1-a2bb-1e2c9c62cac2"]
[debug] &amp#27;[38;5;32m[AndroidUiautomator2Driver@fa1b (bdbf5815)]&amp#27;[0m Valid locator strategies for this request: xpath, id, class name, accessibility id, css selector, -android uiautomator
[debug] &amp#27;[38;5;32m[AndroidUiautomator2Driver@fa1b (bdbf5815)]&amp#27;[0m Waiting up to 15000 ms for condition
[debug] &amp#27;[38;5;32m[AndroidUiautomator2Driver@fa1b (bdbf5815)]&amp#27;[0m Matched '/elements' to command name 'findElements'
[debug] &amp#27;[38;5;32m[AndroidUiautomator2Driver@fa1b (bdbf5815)]&amp#27;[0m Proxying [POST /elements] to [POST http://127.0.0.1:8200/session/5713d11c-c6ac-412c-a191-7435f48658d6/elements] with body: {"strategy":"xpath","selector":"//android.widget.TextView[@text='ADD TO CART']","context":"","multiple":true}
[debug] &amp#27;[38;5;32m[AndroidUiautomator2Driver@fa1b (bdbf5815)]&amp#27;[0m Got response with status 200: {"sessionId":"5713d11c-c6ac-412c-a191-7435f48658d6","value":[{"ELEMENT":"00000000-0000-10f5-ffff-ffff00000050","element-6066-11e4-a52e-4f735466cecf":"00000000-0000-10f5-ffff-ffff00000050"},{"ELEMENT":"00000000-0000-10f5-ffff-ffff00000058","element-6066-11e4-a52e-4f735466cecf":"00000000-0000-10f5-ffff-ffff00000058"}]}
[debug] &amp#27;[38;5;32m[AndroidUiautomator2Driver@fa1b (bdbf5815)]&amp#27;[0m Responding to client with driver.findElements() result: [{"element-6066-11e4-a52e-4f735466cecf":"00000000-0000-10f5-ffff-ffff00000050","ELEMENT":"00000000-0000-10f5-ffff-ffff00000050"},{"element-6066-11e4-a52e-4f735466cecf":"00000000-0000-10f5-ffff-ffff00000058","ELEMENT":"00000000-0000-10f5-ffff-ffff00000058"}]
&amp#27;[38;5;0m[HTTP]&amp#27;[0m &amp#27;[37m<-- POST /session/bdbf5815-6fe8-42c1-a2bb-1e2c9c62cac2/elements &amp#27;[39m&amp#27;[32m200&amp#27;[39m &amp#27;[90m78 ms - 267&amp#27;[39m
&amp#27;[38;5;0m[HTTP]&amp#27;[0m &amp#27;[90m&amp#27;[39m
&amp#27;[38;5;0m[HTTP]&amp#27;[0m &amp#27;[37m-->&amp#27;[39m &amp#27;[37mPOST&amp#27;[39m &amp#27;[37m/session/bdbf5815-6fe8-42c1-a2bb-1e2c9c62cac2/element/00000000-0000-10f5-ffff-ffff00000050/click&amp#27;[39m
&amp#27;[38;5;0m[HTTP]&amp#27;[0m &amp#27;[90m{"id":"00000000-0000-10f5-ffff-ffff00000050"}&amp#27;[39m
[debug] &amp#27;[38;5;32m[AndroidUiautomator2Driver@fa1b (bdbf5815)]&amp#27;[0m Calling AppiumDriver.click() with args: ["00000000-0000-10f5-ffff-ffff00000050","bdbf5815-6fe8-42c1-a2bb-1e2c9c62cac2"]
[debug] &amp#27;[38;5;32m[AndroidUiautomator2Driver@fa1b (bdbf5815)]&amp#27;[0m Matched '/element/00000000-0000-10f5-ffff-ffff00000050/click' to command name 'click'
[debug] &amp#27;[38;5;32m[AndroidUiautomator2Driver@fa1b (bdbf5815)]&amp#27;[0m Proxying [POST /element/00000000-0000-10f5-ffff-ffff00000050/click] to [POST http://127.0.0.1:8200/session/5713d11c-c6ac-412c-a191-7435f48658d6/element/00000000-0000-10f5-ffff-ffff00000050/click] with body: {"element":"00000000-0000-10f5-ffff-ffff00000050"}
[debug] &amp#27;[38;5;32m[AndroidUiautomator2Driver@fa1b (bdbf5815)]&amp#27;[0m Got response with status 200: {"sessionId":"5713d11c-c6ac-412c-a191-7435f48658d6","value":null}
[debug] &amp#27;[38;5;32m[AndroidUiautomator2Driver@fa1b (bdbf5815)]&amp#27;[0m Responding to client with driver.click() result: null
&amp#27;[38;5;0m[HTTP]&amp#27;[0m &amp#27;[37m<-- POST /session/bdbf5815-6fe8-42c1-a2bb-1e2c9c62cac2/element/00000000-0000-10f5-ffff-ffff00000050/click &amp#27;[39m&amp#27;[32m200&amp#27;[39m &amp#27;[90m548 ms - 14&amp#27;[39m
&amp#27;[38;5;0m[HTTP]&amp#27;[0m &amp#27;[90m&amp#27;[39m
&amp#27;[38;5;0m[HTTP]&amp#27;[0m &amp#27;[37m-->&amp#27;[39m &amp#27;[37mGET&amp#27;[39m &amp#27;[37m/session/bdbf5815-6fe8-42c1-a2bb-1e2c9c62cac2/context&amp#27;[39m
&amp#27;[38;5;0m[HTTP]&amp#27;[0m &amp#27;[90m{}&amp#27;[39m
[debug] &amp#27;[38;5;32m[AndroidUiautomator2Driver@fa1b (bdbf5815)]&amp#27;[0m Calling AppiumDriver.getCurrentContext() with args: ["bdbf5815-6fe8-42c1-a2bb-1e2c9c62cac2"]
[debug] &amp#27;[38;5;32m[AndroidUiautomator2Driver@fa1b (bdbf5815)]&amp#27;[0m Responding to client with driver.getCurrentContext() result: "NATIVE_APP"
&amp#27;[38;5;0m[HTTP]&amp#27;[0m &amp#27;[37m<-- GET /session/bdbf5815-6fe8-42c1-a2bb-1e2c9c62cac2/context &amp#27;[39m&amp#27;[32m200&amp#27;[39m &amp#27;[90m2 ms - 22&amp#27;[39m
&amp#27;[38;5;0m[HTTP]&amp#27;[0m &amp#27;[90m&amp#27;[39m
&amp#27;[38;5;0m[HTTP]&amp#27;[0m &amp#27;[37m-->&amp#27;[39m &amp#27;[37mPOST&amp#27;[39m &amp#27;[37m/session/bdbf5815-6fe8-42c1-a2bb-1e2c9c62cac2/elements&amp#27;[39m
&amp#27;[38;5;0m[HTTP]&amp#27;[0m &amp#27;[90m{"using":"id","value":"com.androidsample.generalstore:id/productName"}&amp#27;[39m
[debug] &amp#27;[38;5;32m[AndroidUiautomator2Driver@fa1b (bdbf5815)]&amp#27;[0m Calling AppiumDriver.findElements() with args: ["id","com.androidsample.generalstore:id/productName","bdbf5815-6fe8-42c1-a2bb-1e2c9c62cac2"]
[debug] &amp#27;[38;5;32m[AndroidUiautomator2Driver@fa1b (bdbf5815)]&amp#27;[0m Valid locator strategies for this request: xpath, id, class name, accessibility id, css selector, -android uiautomator
[debug] &amp#27;[38;5;32m[AndroidUiautomator2Driver@fa1b (bdbf5815)]&amp#27;[0m Waiting up to 15000 ms for condition
[...]
[debug] &amp#27;[38;5;32m[AndroidUiautomator2Driver@fa1b (bdbf5815)]&amp#27;[0m Waiting up to 15000 ms for condition
[debug] &amp#27;[38;5;32m[AndroidUiautomator2Driver@fa1b (bdbf5815)]&amp#27;[0m Matched '/elements' to command name 'findElements'
[debug] &amp#27;[38;5;32m[AndroidUiautomator2Driver@fa1b (bdbf5815)]&amp#27;[0m Proxying [POST /elements] to [POST http://127.0.0.1:8200/session/5713d11c-c6ac-412c-a191-7435f48658d6/elements] with body: {"strategy":"id","selector":"com.androidsample.generalstore:id/productPrice","context":"","multiple":true}
[debug] &amp#27;[38;5;32m[AndroidUiautomator2Driver@fa1b (bdbf5815)]&amp#27;[0m Got response with status 200: {"sessionId":"5713d11c-c6ac-412c-a191-7435f48658d6","value":[{"ELEMENT":"00000000-0000-10f6-ffff-ffff000000a5","element-6066-11e4-a52e-4f735466cecf":"00000000-0000-10f6-ffff-ffff000000a5"},{"ELEMENT":"00000000-0000-10f6-ffff-ffff000000ad","element-6066-11e4-a52e-4f735466cecf":"00000000-0000-10f6-ffff-ffff000000ad"}]}
[debug] &amp#27;[38;5;32m[AndroidUiautomator2Driver@fa1b (bdbf5815)]&amp#27;[0m Responding to client with driver.findElements() result: [{"element-6066-11e4-a52e-4f735466cecf":"00000000-0000-10f6-ffff-ffff000000a5","ELEMENT":"00000000-0000-10f6-ffff-ffff000000a5"},{"element-6066-11e4-a52e-4f735466cecf":"00000000-0000-10f6-ffff-ffff000000ad","ELEMENT":"00000000-0000-10f6-ffff-ffff000000ad"}]
&amp#27;[38;5;0m[HTTP]&amp#27;[0m &amp#27;[37m<-- POST /session/bdbf5815-6fe8-42c1-a2bb-1e2c9c62cac2/elements &amp#27;[39m&amp#27;[32m200&amp#27;[39m &amp#27;[90m36 ms - 267&amp#27;[39m
&amp#27;[38;5;0m[HTTP]&amp#27;[0m &amp#27;[90m&amp#27;[39m
&amp#27;[38;5;0m[HTTP]&amp#27;[0m &amp#27;[37m-->&amp#27;[39m &amp#27;[37mGET&amp#27;[39m &amp#27;[37m/session/bdbf5815-6fe8-42c1-a2bb-1e2c9c62cac2/element/00000000-0000-10f6-ffff-ffff000000ad/text&amp#27;[39m
&amp#27;[38;5;0m[HTTP]&amp#27;[0m &amp#27;[90m{}&amp#27;[39m
&amp#27;[38;5;32m[AndroidUiautomator2Driver@fa1b (bdbf5815)]&amp#27;[0m Driver proxy active, passing request on via HTTP proxy
[debug] &amp#27;[38;5;32m[AndroidUiautomator2Driver@fa1b (bdbf5815)]&amp#27;[0m Matched '/session/bdbf5815-6fe8-42c1-a2bb-1e2c9c62cac2/element/00000000-0000-10f6-ffff-ffff000000ad/text' to command name 'getText'
[debug] &amp#27;[38;5;32m[AndroidUiautomator2Driver@fa1b (bdbf5815)]&amp#27;[0m Proxying [GET /session/bdbf5815-6fe8-42c1-a2bb-1e2c9c62cac2/element/00000000-0000-10f6-ffff-ffff000000ad/text] to [GET http://127.0.0.1:8200/session/5713d11c-c6ac-412c-a191-7435f48658d6/element/00000000-0000-10f6-ffff-ffff000000ad/text] with no body
[debug] &amp#27;[38;5;32m[AndroidUiautomator2Driver@fa1b (bdbf5815)]&amp#27;[0m Got response with status 200: {"sessionId":"5713d11c-c6ac-412c-a191-7435f48658d6","value":"$110.0"}
&amp#27;[38;5;32m[AndroidUiautomator2Driver@fa1b (bdbf5815)]&amp#27;[0m Replacing sessionId 5713d11c-c6ac-412c-a191-7435f48658d6 with bdbf5815-6fe8-42c1-a2bb-1e2c9c62cac2
&amp#27;[38;5;0m[HTTP]&amp#27;[0m &amp#27;[37m<-- GET /session/bdbf5815-6fe8-42c1-a2bb-1e2c9c62cac2/element/00000000-0000-10f6-ffff-ffff000000ad/text &amp#27;[39m&amp#27;[32m200&amp#27;[39m &amp#27;[90m15 ms - 69&amp#27;[39m
&amp#27;[38;5;0m[HTTP]&amp#27;[0m &amp#27;[90m&amp#27;[39m
&amp#27;[38;5;0m[HTTP]&amp#27;[0m &amp#27;[37m-->&amp#27;[39m &amp#27;[37mGET&amp#27;[39m &amp#27;[37m/session/bdbf5815-6fe8-42c1-a2bb-1e2c9c62cac2/context&amp#27;[39m
&amp#27;[38;5;0m[HTTP]&amp#27;[0m &amp#27;[90m{}&amp#27;[39m
[debug] &amp#27;[38;5;32m[AndroidUiautomator2Driver@fa1b (bdbf5815)]&amp#27;[0m Calling AppiumDriver.getCurrentContext() with args: ["bdbf5815-6fe8-42c1-a2bb-1e2c9c62cac2"]
[debug] &amp#27;[38;5;32m[AndroidUiautomator2Driver@fa1b (bdbf5815)]&amp#27;[0m Responding to client with driver.getCurrentContext() result: "NATIVE_APP"
&amp#27;[38;5;0m[HTTP]&amp#27;[0m &amp#27;[37m<-- GET /session/bdbf5815-6fe8-42c1-a2bb-1e2c9c62cac2/context &amp#27;[39m&amp#27;[32m200&amp#27;[39m &amp#27;[90m1 ms - 22&amp#27;[39m
&amp#27;[38;5;0m[HTTP]&amp#27;[0m &amp#27;[90m&amp#27;[39m
&amp#27;[38;5;0m[HTTP]&amp#27;[0m &amp#27;[37m-->&amp#27;[39m &amp#27;[37mPOST&amp#27;[39m &amp#27;[37m/session/bdbf5815-6fe8-42c1-a2bb-1e2c9c62cac2/elements&amp#27;[39m
&amp#27;[38;5;0m[HTTP]&amp#27;[0m &amp#27;[90m{"using":"id","value":"com.androidsample.generalstore:id/productPrice"}&amp#27;[39m
[debug] &amp#27;[38;5;32m[AndroidUiautomator2Driver@fa1b (bdbf5815)]&amp#27;[0m Calling AppiumDriver.findElements() with args: ["id","com.androidsample.generalstore:id/productPrice","bdbf5815-6fe8-42c1-a2bb-1e2c9c62cac2"]
[debug] &amp#27;[38;5;32m[AndroidUiautomator2Driver@fa1b (bdbf5815)]&amp#27;[0m Valid locator strategies for this request: xpath, id, class name, accessibility id, css selector, -android uiautomator
[debug] &amp#27;[38;5;32m[AndroidUiautomator2Driver@fa1b (bdbf5815)]&amp#27;[0m Waiting up to 15000 ms for condition
[debug] &amp#27;[38;5;32m[AndroidUiautomator2Driver@fa1b (bdbf5815)]&amp#27;[0m Matched '/elements' to command name 'findElements'
[debug] &amp#27;[38;5;32m[AndroidUiautomator2Driver@fa1b (bdbf5815)]&amp#27;[0m Proxying [POST /elements] to [POST http://127.0.0.1:8200/session/5713d11c-c6ac-412c-a191-7435f48658d6/elements] with body: {"strategy":"id","selector":"com.androidsample.generalstore:id/productPrice","context":"","multiple":true}
[debug] &amp#27;[38;5;32m[AndroidUiautomator2Driver@fa1b (bdbf5815)]&amp#27;[0m Got response with status 200: {"sessionId":"5713d11c-c6ac-412c-a191-7435f48658d6","value":[{"ELEMENT":"00000000-0000-10f6-ffff-ffff000000a5","element-6066-11e4-a52e-4f735466cecf":"00000000-0000-10f6-ffff-ffff000000a5"},{"ELEMENT":"00000000-0000-10f6-ffff-ffff000000ad","element-6066-11e4-a52e-4f735466cecf":"00000000-0000-10f6-ffff-ffff000000ad"}]}
[debug] &amp#27;[38;5;32m[AndroidUiautomator2Driver@fa1b (bdbf5815)]&amp#27;[0m Responding to client with driver.findElements() result: [{"element-6066-11e4-a52e-4f735466cecf":"00000000-0000-10f6-ffff-ffff000000a5","ELEMENT":"00000000-0000-10f6-ffff-ffff000000a5"},{"element-6066-11e4-a52e-4f735466cecf":"00000000-0000-10f6-ffff-ffff000000ad","ELEMENT":"00000000-0000-10f6-ffff-ffff000000ad"}]
&amp#27;[38;5;0m[HTTP]&amp#27;[0m &amp#27;[37m<-- POST /session/bdbf5815-6fe8-42c1-a2bb-1e2c9c62cac2/elements &amp#27;[39m&amp#27;[32m200&amp#27;[39m &amp#27;[90m29 ms - 267&amp#27;[39m
&amp#27;[38;5;0m[HTTP]&amp#27;[0m &amp#27;[90m&amp#27;[39m
&amp#27;[38;5;0m[HTTP]&amp#27;[0m &amp#27;[37m-->&amp#27;[39m &amp#27;[37mGET&amp#27;[39m &amp#27;[37m/session/bdbf5815-6fe8-42c1-a2bb-1e2c9c62cac2/context&amp#27;[39m
&amp#27;[38;5;0m[HTTP]&amp#27;[0m &amp#27;[90m{}&amp#27;[39m
[debug] &amp#27;[38;5;32m[AndroidUiautomator2Driver@fa1b (bdbf5815)]&amp#27;[0m Calling AppiumDriver.getCurrentContext() with args: ["bdbf5815-6fe8-42c1-a2bb-1e2c9c62cac2"]
[debug] &amp#27;[38;5;32m[AndroidUiautomator2Driver@fa1b (bdbf5815)]&amp#27;[0m Responding to client with driver.getCurrentContext() result: "NATIVE_APP"
&amp#27;[38;5;0m[HTTP]&amp#27;[0m &amp#27;[37m<-- GET /session/bdbf5815-6fe8-42c1-a2bb-1e2c9c62cac2/context &amp#27;[39m&amp#27;[32m200&amp#27;[39m &amp#27;[90m1 ms - 22&amp#27;[39m
&amp#27;[38;5;0m[HTTP]&amp#27;[0m &amp#27;[90m&amp#27;[39m
&amp#27;[38;5;0m[HTTP]&amp#27;[0m &amp#27;[37m-->&amp#27;[39m &amp#27;[37mPOST&amp#27;[39m &amp#27;[37m/session/bdbf5815-6fe8-42c1-a2bb-1e2c9c62cac2/element&amp#27;[39m
&amp#27;[38;5;0m[HTTP]&amp#27;[0m &amp#27;[90m{"using":"id","value":"com.androidsample.generalstore:id/totalAmountLbl"}&amp#27;[39m
[debug] &amp#27;[38;5;32m[AndroidUiautomator2Driver@fa1b (bdbf5815)]&amp#27;[0m Calling AppiumDriver.findElement() with args: ["id","com.androidsample.generalstore:id/totalAmountLbl","bdbf5815-6fe8-42c1-a2bb-1e2c9c62cac2"]
[debug] &amp#27;[38;5;32m[AndroidUiautomator2Driver@fa1b (bdbf5815)]&amp#27;[0m Valid locator strategies for this request: xpath, id, class name, accessibility id, css selector, -android uiautomator
[debug] &amp#27;[38;5;32m[AndroidUiautomator2Driver@fa1b (bdbf5815)]&amp#27;[0m Waiting up to 15000 ms for condition
[debug] &amp#27;[38;5;32m[AndroidUiautomator2Driver@fa1b (bdbf5815)]&amp#27;[0m Matched '/element' to command name 'findElement'
[debug] &amp#27;[38;5;32m[AndroidUiautomator2Driver@fa1b (bdbf5815)]&amp#27;[0m Proxying [POST /element] to [POST http://127.0.0.1:8200/session/5713d11c-c6ac-412c-a191-7435f48658d6/element] with body: {"strategy":"id","selector":"com.androidsample.generalstore:id/totalAmountLbl","context":"","multiple":false}
[debug] &amp#27;[38;5;32m[AndroidUiautomator2Driver@fa1b (bdbf5815)]&amp#27;[0m Got response with status 200: {"sessionId":"5713d11c-c6ac-412c-a191-7435f48658d6","value":{"ELEMENT":"00000000-0000-10f6-ffff-ffff00000099","element-6066-11e4-a52e-4f735466cecf":"00000000-0000-10f6-ffff-ffff00000099"}}
[debug] &amp#27;[38;5;32m[AndroidUiautomator2Driver@fa1b (bdbf5815)]&amp#27;[0m Responding to client with driver.findElement() result: {"element-6066-11e4-a52e-4f735466cecf":"00000000-0000-10f6-ffff-ffff00000099","ELEMENT":"00000000-0000-10f6-ffff-ffff00000099"}
&amp#27;[38;5;0m[HTTP]&amp#27;[0m &amp#27;[37m<-- POST /session/bdbf5815-6fe8-42c1-a2bb-1e2c9c62cac2/element &amp#27;[39m&amp#27;[32m200&amp#27;[39m &amp#27;[90m22 ms - 137&amp#27;[39m
&amp#27;[38;5;0m[HTTP]&amp#27;[0m &amp#27;[90m&amp#27;[39m
&amp#27;[38;5;0m[HTTP]&amp#27;[0m &amp#27;[37m-->&amp#27;[39m &amp#27;[37mGET&amp#27;[39m &amp#27;[37m/session/bdbf5815-6fe8-42c1-a2bb-1e2c9c62cac2/element/00000000-0000-10f6-ffff-ffff00000099/displayed&amp#27;[39m
&amp#27;[38;5;0m[HTTP]&amp#27;[0m &amp#27;[90m{}&amp#27;[39m
[debug] &amp#27;[38;5;32m[AndroidUiautomator2Driver@fa1b (bdbf5815)]&amp#27;[0m Calling AppiumDriver.elementDisplayed() with args: ["00000000-0000-10f6-ffff-ffff00000099","bdbf5815-6fe8-42c1-a2bb-1e2c9c62cac2"]
[debug] &amp#27;[38;5;32m[AndroidUiautomator2Driver@fa1b (bdbf5815)]&amp#27;[0m Matched '/element/00000000-0000-10f6-ffff-ffff00000099/attribute/displayed' to command name 'getAttribute'
[debug] &amp#27;[38;5;32m[AndroidUiautomator2Driver@fa1b (bdbf5815)]&amp#27;[0m Proxying [GET /element/00000000-0000-10f6-ffff-ffff00000099/attribute/displayed] to [GET http://127.0.0.1:8200/session/5713d11c-c6ac-412c-a191-7435f48658d6/element/00000000-0000-10f6-ffff-ffff00000099/attribute/displayed] with no body
[debug] &amp#27;[38;5;32m[AndroidUiautomator2Driver@fa1b (bdbf5815)]&amp#27;[0m Got response with status 200: {"sessionId":"5713d11c-c6ac-412c-a191-7435f48658d6","value":"true"}
[debug] &amp#27;[38;5;32m[AndroidUiautomator2Driver@fa1b (bdbf5815)]&amp#27;[0m Responding to client with driver.elementDisplayed() result: true
&amp#27;[38;5;0m[HTTP]&amp#27;[0m &amp#27;[37m<-- GET /session/bdbf5815-6fe8-42c1-a2bb-1e2c9c62cac2/element/00000000-0000-10f6-ffff-ffff00000099/displayed &amp#27;[39m&amp#27;[32m200&amp#27;[39m &amp#27;[90m18 ms - 14&amp#27;[39m
&amp#27;[38;5;0m[HTTP]&amp#27;[0m &amp#27;[90m&amp#27;[39m
&amp#27;[38;5;0m[HTTP]&amp#27;[0m &amp#27;[37m-->&amp#27;[39m &amp#27;[37mGET&amp#27;[39m &amp#27;[37m/session/bdbf5815-6fe8-42c1-a2bb-1e2c9c62cac2/context&amp#27;[39m
&amp#27;[38;5;0m[HTTP]&amp#27;[0m &amp#27;[90m{}&amp#27;[39m
[debug] &amp#27;[38;5;32m[AndroidUiautomator2Driver@fa1b (bdbf5815)]&amp#27;[0m Calling AppiumDriver.getCurrentContext() with args: ["bdbf5815-6fe8-42c1-a2bb-1e2c9c62cac2"]
[debug] &amp#27;[38;5;32m[AndroidUiautomator2Driver@fa1b (bdbf5815)]&amp#27;[0m Responding to client with driver.getCurrentContext() result: "NATIVE_APP"
&amp#27;[38;5;0m[HTTP]&amp#27;[0m &amp#27;[37m<-- GET /session/bdbf5815-6fe8-42c1-a2bb-1e2c9c62cac2/context &amp#27;[39m&amp#27;[32m200&amp#27;[39m &amp#27;[90m1 ms - 22&amp#27;[39m
&amp#27;[38;5;0m[HTTP]&amp#27;[0m &amp#27;[90m&amp#27;[39m
&amp#27;[38;5;0m[HTTP]&amp#27;[0m &amp#27;[37m-->&amp#27;[39m &amp#27;[37mPOST&amp#27;[39m &amp#27;[37m/session/bdbf5815-6fe8-42c1-a2bb-1e2c9c62cac2/element&amp#27;[39m
&amp#27;[38;5;0m[HTTP]&amp#27;[0m &amp#27;[90m{"using":"id","value":"com.androidsample.generalstore:id/totalAmountLbl"}&amp#27;[39m
[debug] &amp#27;[38;5;32m[AndroidUiautomator2Driver@fa1b (bdbf5815)]&amp#27;[0m Calling AppiumDriver.findElement() with args: ["id","com.androidsample.generalstore:id/totalAmountLbl","bdbf5815-6fe8-42c1-a2bb-1e2c9c62cac2"]
[debug] &amp#27;[38;5;32m[AndroidUiautomator2Driver@fa1b (bdbf5815)]&amp#27;[0m Valid locator strategies for this request: xpath, id, class name, accessibility id, css selector, -android uiautomator
[debug] &amp#27;[38;5;32m[AndroidUiautomator2Driver@fa1b (bdbf5815)]&amp#27;[0m Waiting up to 15000 ms for condition
[debug] &amp#27;[38;5;32m[AndroidUiautomator2Driver@fa1b (bdbf5815)]&amp#27;[0m Matched '/element' to command name 'findElement'
[debug] &amp#27;[38;5;32m[AndroidUiautomator2Driver@fa1b (bdbf5815)]&amp#27;[0m Proxying [POST /element] to [POST http://127.0.0.1:8200/session/5713d11c-c6ac-412c-a191-7435f48658d6/element] with body: {"strategy":"id","selector":"com.androidsample.generalstore:id/totalAmountLbl","context":"","multiple":false}
[debug] &amp#27;[38;5;32m[AndroidUiautomator2Driver@fa1b (bdbf5815)]&amp#27;[0m Got response with status 200: {"sessionId":"5713d11c-c6ac-412c-a191-7435f48658d6","value":{"ELEMENT":"00000000-0000-10f6-ffff-ffff00000099","element-6066-11e4-a52e-4f735466cecf":"00000000-0000-10f6-ffff-ffff00000099"}}
[debug] &amp#27;[38;5;32m[AndroidUiautomator2Driver@fa1b (bdbf5815)]&amp#27;[0m Responding to client with driver.findElement() result: {"element-6066-11e4-a52e-4f735466cecf":"00000000-0000-10f6-ffff-ffff00000099","ELEMENT":"00000000-0000-10f6-ffff-ffff00000099"}
&amp#27;[38;5;0m[HTTP]&amp#27;[0m &amp#27;[37m<-- POST /session/bdbf5815-6fe8-42c1-a2bb-1e2c9c62cac2/element &amp#27;[39m&amp#27;[32m200&amp#27;[39m &amp#27;[90m19 ms - 137&amp#27;[39m
&amp#27;[38;5;0m[HTTP]&amp#27;[0m &amp#27;[90m&amp#27;[39m
&amp#27;[38;5;0m[HTTP]&amp#27;[0m &amp#27;[37m-->&amp#27;[39m &amp#27;[37mGET&amp#27;[39m &amp#27;[37m/session/bdbf5815-6fe8-42c1-a2bb-1e2c9c62cac2/element/00000000-0000-10f6-ffff-ffff00000099/text&amp#27;[39m
&amp#27;[38;5;0m[HTTP]&amp#27;[0m &amp#27;[90m{}&amp#27;[39m
&amp#27;[38;5;32m[AndroidUiautomator2Driver@fa1b (bdbf5815)]&amp#27;[0m Driver proxy active, passing request on via HTTP proxy
[debug] &amp#27;[38;5;32m[AndroidUiautomator2Driver@fa1b (bdbf5815)]&amp#27;[0m Matched '/session/bdbf5815-6fe8-42c1-a2bb-1e2c9c62cac2/element/00000000-0000-10f6-ffff-ffff00000099/text' to command name 'getText'
[debug] &amp#27;[38;5;32m[AndroidUiautomator2Driver@fa1b (bdbf5815)]&amp#27;[0m Proxying [GET /session/bdbf5815-6fe8-42c1-a2bb-1e2c9c62cac2/element/00000000-0000-10f6-ffff-ffff00000099/text] to [GET http://127.0.0.1:8200/session/5713d11c-c6ac-412c-a191-7435f48658d6/element/00000000-0000-10f6-ffff-ffff00000099/text] with no body
[debug] &amp#27;[38;5;32m[AndroidUiautomator2Driver@fa1b (bdbf5815)]&amp#27;[0m Got response with status 200: {"sessionId":"5713d11c-c6ac-412c-a191-7435f48658d6","value":"$ 270.97"}
&amp#27;[38;5;32m[AndroidUiautomator2Driver@fa1b (bdbf5815)]&amp#27;[0m Replacing sessionId 5713d11c-c6ac-412c-a191-7435f48658d6 with bdbf5815-6fe8-42c1-a2bb-1e2c9c62cac2
&amp#27;[38;5;0m[HTTP]&amp#27;[0m &amp#27;[37m<-- GET /session/bdbf5815-6fe8-42c1-a2bb-1e2c9c62cac2/element/00000000-0000-10f6-ffff-ffff00000099/text &amp#27;[39m&amp#27;[32m200&amp#27;[39m &amp#27;[90m15 ms - 71&amp#27;[39m
&amp#27;[38;5;0m[HTTP]&amp#27;[0m &amp#27;[90m&amp#27;[39m
&amp#27;[38;5;0m[HTTP]&amp#27;[0m &amp#27;[37m-->&amp#27;[39m &amp#27;[37mGET&amp#27;[39m &amp#27;[37m/session/bdbf5815-6fe8-42c1-a2bb-1e2c9c62cac2/context&amp#27;[39m
&amp#27;[38;5;0m[HTTP]&amp#27;[0m &amp#27;[90m{}&amp#27;[39m
[debug] &amp#27;[38;5;32m[AndroidUiautomator2Driver@fa1b (bdbf5815)]&amp#27;[0m Calling AppiumDriver.getCurrentContext() with args: ["bdbf5815-6fe8-42c1-a2bb-1e2c9c62cac2"]
[debug] &amp#27;[38;5;32m[AndroidUiautomator2Driver@fa1b (bdbf5815)]&amp#27;[0m Responding to client with driver.getCurrentContext() result: "NATIVE_APP"
&amp#27;[38;5;0m[HTTP]&amp#27;[0m &amp#27;[37m<-- GET /session/bdbf5815-6fe8-42c1-a2bb-1e2c9c62cac2/context &amp#27;[39m&amp#27;[32m200&amp#27;[39m &amp#27;[90m1 ms - 22&amp#27;[39m
&amp#27;[38;5;0m[HTTP]&amp#27;[0m &amp#27;[90m&amp#27;[39m
&amp#27;[38;5;0m[HTTP]&amp#27;[0m &amp#27;[37m-->&amp#27;[39m &amp#27;[37mPOST&amp#27;[39m &amp#27;[37m/session/bdbf5815-6fe8-42c1-a2bb-1e2c9c62cac2/element&amp#27;[39m
&amp#27;[38;5;0m[HTTP]&amp#27;[0m &amp#27;[90m{"using":"id","value":"com.androidsample.generalstore:id/btnProceed"}&amp#27;[39m
[debug] &amp#27;[38;5;32m[AndroidUiautomator2Driver@fa1b (bdbf5815)]&amp#27;[0m Calling AppiumDriver.findElement() with args: ["id","com.androidsample.generalstore:id/btnProceed","bdbf5815-6fe8-42c1-a2bb-1e2c9c62cac2"]
[debug] &amp#27;[38;5;32m[AndroidUiautomator2Driver@fa1b (bdbf5815)]&amp#27;[0m Valid locator strategies for this request: xpath, id, class name, accessibility id, css selector, -android uiautomator
[debug] &amp#27;[38;5;32m[AndroidUiautomator2Driver@fa1b (bdbf5815)]&amp#27;[0m Waiting up to 15000 ms for condition
[debug] &amp#27;[38;5;32m[AndroidUiautomator2Driver@fa1b (bdbf5815)]&amp#27;[0m Matched '/element' to command name 'findElement'
[debug] &amp#27;[38;5;32m[AndroidUiautomator2Driver@fa1b (bdbf5815)]&amp#27;[0m Proxying [POST /element] to [POST http://127.0.0.1:8200/session/5713d11c-c6ac-412c-a191-7435f48658d6/element] with body: {"strategy":"id","selector":"com.androidsample.generalstore:id/btnProceed","context":"","multiple":false}
[debug] &amp#27;[38;5;32m[AndroidUiautomator2Driver@fa1b (bdbf5815)]&amp#27;[0m Got response with status 200: {"sessionId":"5713d11c-c6ac-412c-a191-7435f48658d6","value":{"ELEMENT":"00000000-0000-10f6-ffff-ffff0000009b","element-6066-11e4-a52e-4f735466cecf":"00000000-0000-10f6-ffff-ffff0000009b"}}
[debug] &amp#27;[38;5;32m[AndroidUiautomator2Driver@fa1b (bdbf5815)]&amp#27;[0m Responding to client with driver.findElement() result: {"element-6066-11e4-a52e-4f735466cecf":"00000000-0000-10f6-ffff-ffff0000009b","ELEMENT":"00000000-0000-10f6-ffff-ffff0000009b"}
&amp#27;[38;5;0m[HTTP]&amp#27;[0m &amp#27;[37m<-- POST /session/bdbf5815-6fe8-42c1-a2bb-1e2c9c62cac2/element &amp#27;[39m&amp#27;[32m200&amp#27;[39m &amp#27;[90m27 ms - 137&amp#27;[39m
&amp#27;[38;5;0m[HTTP]&amp#27;[0m &amp#27;[90m&amp#27;[39m
&amp#27;[38;5;0m[HTTP]&amp#27;[0m &amp#27;[37m-->&amp#27;[39m &amp#27;[37mPOST&amp#27;[39m &amp#27;[37m/session/bdbf5815-6fe8-42c1-a2bb-1e2c9c62cac2/element/00000000-0000-10f6-ffff-ffff0000009b/click&amp#27;[39m
&amp#27;[38;5;0m[HTTP]&amp#27;[0m &amp#27;[90m{"id":"00000000-0000-10f6-ffff-ffff0000009b"}&amp#27;[39m
[debug] &amp#27;[38;5;32m[AndroidUiautomator2Driver@fa1b (bdbf5815)]&amp#27;[0m Calling AppiumDriver.click() with args: ["00000000-0000-10f6-ffff-ffff0000009b","bdbf5815-6fe8-42c1-a2bb-1e2c9c62cac2"]
[debug] &amp#27;[38;5;32m[AndroidUiautomator2Driver@fa1b (bdbf5815)]&amp#27;[0m Matched '/element/00000000-0000-10f6-ffff-ffff0000009b/click' to command name 'click'
[debug] &amp#27;[38;5;32m[AndroidUiautomator2Driver@fa1b (bdbf5815)]&amp#27;[0m Proxying [POST /element/00000000-0000-10f6-ffff-ffff0000009b/click] to [POST http://127.0.0.1:8200/session/5713d11c-c6ac-412c-a191-7435f48658d6/element/00000000-0000-10f6-ffff-ffff0000009b/click] with body: {"element":"00000000-0000-10f6-ffff-ffff0000009b"}
[debug] &amp#27;[38;5;32m[AndroidUiautomator2Driver@fa1b (bdbf5815)]&amp#27;[0m Got response with status 200: {"sessionId":"5713d11c-c6ac-412c-a191-7435f48658d6","value":null}
[debug] &amp#27;[38;5;32m[AndroidUiautomator2Driver@fa1b (bdbf5815)]&amp#27;[0m Responding to client with driver.click() result: null
&amp#27;[38;5;0m[HTTP]&amp#27;[0m &amp#27;[37m<-- POST /session/bdbf5815-6fe8-42c1-a2bb-1e2c9c62cac2/element/00000000-0000-10f6-ffff-ffff0000009b/click &amp#27;[39m&amp#27;[32m200&amp#27;[39m &amp#27;[90m72 ms - 14&amp#27;[39m
&amp#27;[38;5;0m[HTTP]&amp#27;[0m &amp#27;[90m&amp#27;[39m
]]></system-out>
  </testcase>
</testsuite>