<?xml version="1.0" encoding="UTF-8"?>
<testng-results ignored="0" total="3" passed="3" failed="0" skipped="0">
  <reporter-output>
  </reporter-output>
  <suite started-at="2024-12-02T16:07:33 EET" name="Surefire suite" finished-at="2024-12-02T16:08:26 EET" duration-ms="52146">
    <groups>
    </groups>
    <test started-at="2024-12-02T16:07:33 EET" name="Surefire test" finished-at="2024-12-02T16:08:26 EET" duration-ms="52146">
      <class name="GeneralStore.TestCases.TestExecution">
        <test-method is-config="true" signature="setUP()[pri:0, instance:GeneralStore.TestCases.TestExecution@22a637e7]" started-at="2024-12-02T16:07:33 EET" name="setUP" finished-at="2024-12-02T16:07:51 EET" duration-ms="17558" status="PASS">
          <reporter-output>
          </reporter-output>
        </test-method> <!-- setUP -->
        <test-method signature="formPage(java.lang.String,java.lang.String,java.lang.String)[pri:0, instance:GeneralStore.TestCases.TestExecution@22a637e7]" started-at="2024-12-02T16:07:51 EET" name="formPage" data-provider="getData" finished-at="2024-12-02T16:08:06 EET" duration-ms="14675" status="PASS">
          <params>
            <param index="0">
              <value>
                <![CDATA[Serban Mora]]>
              </value>
            </param>
            <param index="1">
              <value>
                <![CDATA[male]]>
              </value>
            </param>
            <param index="2">
              <value>
                <![CDATA[Argentina]]>
              </value>
            </param>
          </params>
          <reporter-output>
          </reporter-output>
        </test-method> <!-- formPage -->
        <test-method signature="productCatalogue()[pri:0, instance:GeneralStore.TestCases.TestExecution@22a637e7]" started-at="2024-12-02T16:08:06 EET" name="productCatalogue" finished-at="2024-12-02T16:08:22 EET" depends-on-methods="GeneralStore.TestCases.TestExecution.formPage" duration-ms="16306" status="PASS">
          <reporter-output>
          </reporter-output>
        </test-method> <!-- productCatalogue -->
        <test-method signature="cartPage()[pri:0, instance:GeneralStore.TestCases.TestExecution@22a637e7]" started-at="2024-12-02T16:08:22 EET" name="cartPage" finished-at="2024-12-02T16:08:24 EET" depends-on-methods="GeneralStore.TestCases.TestExecution.productCatalogue" duration-ms="2386" status="PASS">
          <reporter-output>
          </reporter-output>
        </test-method> <!-- cartPage -->
        <test-method is-config="true" signature="tearDown()[pri:0, instance:GeneralStore.TestCases.TestExecution@22a637e7]" started-at="2024-12-02T16:08:24 EET" name="tearDown" finished-at="2024-12-02T16:08:26 EET" duration-ms="1111" status="PASS">
          <reporter-output>
          </reporter-output>
        </test-method> <!-- tearDown -->
      </class> <!-- GeneralStore.TestCases.TestExecution -->
    </test> <!-- Surefire test -->
  </suite> <!-- Surefire suite -->
</testng-results>
