<?xml version="1.0" encoding="UTF-8"?>
<testsuite xmlns:xsi="http://www.w3.org/2001/XMLSchema-instance" xsi:noNamespaceSchemaLocation="https://maven.apache.org/surefire/maven-surefire-plugin/xsd/surefire-test-report.xsd" version="3.0.2" name="TestSuite" time="26.649" tests="3" errors="0" skipped="0" failures="0">
  <properties>
[...]
</properties>
  <testcase name="formPage[Serban Mora, male, Argentina](1)" classname="GeneralStore.TestCases.TestExecution" time="7.679">
    <system-out><![CDATA[&amp#27;[38;5;112m[Appium]&amp#27;[0m Welcome to Appium v2.13.1
&amp#27;[38;5;112m[Appium]&amp#27;[0m The autodetected Appium home path: C:\Users\lynxt\.appium
&amp#27;[38;5;112m[Appium]&amp#27;[0m Attempting to load driver uiautomator2...
&amp#27;[38;5;112m[Appium]&amp#27;[0m Requiring driver at C:\Users\lynxt\.appium\node_modules\appium-uiautomator2-driver\build\index.js
&amp#27;[38;5;112m[Appium]&amp#27;[0m AndroidUiautomator2Driver has been successfully loaded in 0.492s
&amp#27;[38;5;112m[Appium]&amp#27;[0m Appium REST http interface listener started on http://0.0.0.0:4723
&amp#27;[38;5;112m[Appium]&amp#27;[0m You can provide the following URLs in your client code to connect to this server:
	http://192.168.1.201:4723/
	http://127.0.0.1:4723/ (only accessible from the same host)
&amp#27;[38;5;112m[Appium]&amp#27;[0m Available drivers:
&amp#27;[38;5;112m[Appium]&amp#27;[0m   - uiautomator2@3.9.3 (automationName 'UiAutomator2')
&amp#27;[38;5;112m[Appium]&amp#27;[0m No plugins have been installed. Use the "appium plugin" command to install the one(s) you want to use.
&amp#27;[38;5;86m[HTTP]&amp#27;[0m &amp#27;[37m-->&amp#27;[39m &amp#27;[37mGET&amp#27;[39m &amp#27;[37m/status&amp#27;[39m &amp#27;[90m{}&amp#27;[39m
&amp#27;[38;5;158m[AppiumDriver@7bd3]&amp#27;[0m Calling AppiumDriver.getStatus() with args: []
&amp#27;[38;5;158m[AppiumDriver@7bd3]&amp#27;[0m Responding to client with driver.getStatus() result: {"ready":true,"message":"The server is ready to accept new connections","build":{"version":"2.13.1"}}
&amp#27;[38;5;86m[HTTP]&amp#27;[0m &amp#27;[37m<-- GET /status &amp#27;[39m&amp#27;[32m200&amp#27;[39m &amp#27;[90m3 ms - 111&amp#27;[39m &amp#27;[90m&amp#27;[39m
&amp#27;[38;5;86m[HTTP]&amp#27;[0m Request idempotency key: 8e5f3d4a-4951-4e04-b216-0b7d23161944
&amp#27;[38;5;86m[HTTP]&amp#27;[0m &amp#27;[37m-->&amp#27;[39m &amp#27;[37mPOST&amp#27;[39m &amp#27;[37m/session&amp#27;[39m &amp#27;[90m{"capabilities":{"firstMatch":[{"appium:deviceName":"SerbanTest","platformName":"ANDROID","appium:automationName":"UIAutomator2","appium:app":"C:\\Users\\lynxt\\eclipse-workspace\\appium-project1/src/main/java/resources/General-Store.apk"}]}}&amp#27;[39m
&amp#27;[38;5;158m[AppiumDriver@7bd3]&amp#27;[0m Calling AppiumDriver.createSession() with args: [null,null,{"firstMatch":[{"appium:deviceName":"SerbanTest","platformName":"ANDROID","appium:automationName":"UIAutomator2","appium:app":"C:\\Users\\lynxt\\eclipse-workspace\\appium-project1/src/main/java/resources/General-Store.apk"}]}]
&amp#27;[38;5;158m[AppiumDriver@7bd3]&amp#27;[0m Event 'newSessionRequested' logged at 1736756527741 (10:22:07 GMT+0200 (Eastern European Standard Time))
&amp#27;[38;5;112m[Appium]&amp#27;[0m Attempting to find matching driver for automationName 'UIAutomator2' and platformName 'ANDROID'
&amp#27;[38;5;112m[Appium]&amp#27;[0m The 'uiautomator2' driver was installed and matched caps.
&amp#27;[38;5;112m[Appium]&amp#27;[0m Will require it at C:\Users\lynxt\.appium\node_modules\appium-uiautomator2-driver
&amp#27;[38;5;112m[Appium]&amp#27;[0m Requiring driver at C:\Users\lynxt\.appium\node_modules\appium-uiautomator2-driver\build\index.js
&amp#27;[38;5;158m[AppiumDriver@7bd3]&amp#27;[0m Appium v2.13.1 creating new AndroidUiautomator2Driver (v3.9.3) session
&amp#27;[38;5;158m[AppiumDriver@7bd3]&amp#27;[0m Checking BaseDriver versions for Appium and AndroidUiautomator2Driver
&amp#27;[38;5;158m[AppiumDriver@7bd3]&amp#27;[0m Appium's BaseDriver version is 9.13.1
&amp#27;[38;5;158m[AppiumDriver@7bd3]&amp#27;[0m AndroidUiautomator2Driver's BaseDriver version is 9.13.1
&amp#27;[38;5;-160m[AndroidUiautomator2Driver@ff89]&amp#27;[0m 
&amp#27;[38;5;-160m[AndroidUiautomator2Driver@ff89]&amp#27;[0m Creating session with W3C capabilities: {
  "alwaysMatch": {
    "platformName": "ANDROID",
    "appium:deviceName": "SerbanTest",
    "appium:automationName": "UIAutomator2",
    "appium:app": "C:\\Users\\lynxt\\eclipse-workspace\\appium-project1/src/main/java/resources/General-Store.apk"
  },
  "firstMatch": [
    {}
  ]
}
&amp#27;[38;5;62m[30316744]&amp#27;[0m&amp#27;[38;5;-160m[AndroidUiautomator2Driver@ff89]&amp#27;[0m Session created with session id: 30316744-87bb-4506-a1d8-320ef20d46d7
&amp#27;[38;5;62m[30316744]&amp#27;[0m&amp#27;[38;5;229m[ADB]&amp#27;[0m Found 2 'build-tools' folders under 'C:\Users\lynxt\AppData\Local\Android\Sdk' (newest first):
&amp#27;[38;5;62m[30316744]&amp#27;[0m&amp#27;[38;5;229m[ADB]&amp#27;[0m     C:\Users\lynxt\AppData\Local\Android\Sdk\build-tools\35.0.0
&amp#27;[38;5;62m[30316744]&amp#27;[0m&amp#27;[38;5;229m[ADB]&amp#27;[0m     C:\Users\lynxt\AppData\Local\Android\Sdk\build-tools\34.0.0
&amp#27;[38;5;62m[30316744]&amp#27;[0m&amp#27;[38;5;229m[ADB]&amp#27;[0m Using 'adb.exe' from 'C:\Users\lynxt\AppData\Local\Android\Sdk\platform-tools\adb.exe'
&amp#27;[38;5;62m[30316744]&amp#27;[0m&amp#27;[38;5;229m[ADB]&amp#27;[0m Running 'C:\Users\lynxt\AppData\Local\Android\Sdk\platform-tools\adb.exe -P 5037 start-server'
&amp#27;[38;5;62m[30316744]&amp#27;[0m&amp#27;[38;5;-160m[AndroidUiautomator2Driver@ff89]&amp#27;[0m Retrieving device list
&amp#27;[38;5;62m[30316744]&amp#27;[0m&amp#27;[38;5;229m[ADB]&amp#27;[0m Trying to find connected Android devices
&amp#27;[38;5;62m[30316744]&amp#27;[0m&amp#27;[38;5;229m[ADB]&amp#27;[0m Getting connected devices
&amp#27;[38;5;62m[30316744]&amp#27;[0m&amp#27;[38;5;229m[ADB]&amp#27;[0m Connected devices: [{"udid":"emulator-5554","state":"device"}]
&amp#27;[38;5;62m[30316744]&amp#27;[0m&amp#27;[38;5;-160m[AndroidUiautomator2Driver@ff89]&amp#27;[0m Using device: emulator-5554
&amp#27;[38;5;62m[30316744]&amp#27;[0m&amp#27;[38;5;229m[ADB]&amp#27;[0m Using 'adb.exe' from 'C:\Users\lynxt\AppData\Local\Android\Sdk\platform-tools\adb.exe'
&amp#27;[38;5;62m[30316744]&amp#27;[0m&amp#27;[38;5;229m[ADB]&amp#27;[0m Running 'C:\Users\lynxt\AppData\Local\Android\Sdk\platform-tools\adb.exe -P 5037 start-server'
&amp#27;[38;5;62m[30316744]&amp#27;[0m&amp#27;[38;5;229m[ADB]&amp#27;[0m Setting device id to emulator-5554
&amp#27;[38;5;62m[30316744]&amp#27;[0m&amp#27;[38;5;123m[BaseDriver]&amp#27;[0m Using local app 'C:\Users\lynxt\eclipse-workspace\appium-project1/src/main/java/resources/General-Store.apk'
&amp#27;[38;5;62m[30316744]&amp#27;[0m&amp#27;[38;5;-160m[AndroidUiautomator2Driver@ff89]&amp#27;[0m Checking whether app is actually present
&amp#27;[38;5;62m[30316744]&amp#27;[0m&amp#27;[38;5;229m[ADB]&amp#27;[0m Running 'C:\Users\lynxt\AppData\Local\Android\Sdk\platform-tools\adb.exe -P 5037 -s emulator-5554 shell getprop ro.build.version.sdk'
&amp#27;[38;5;62m[30316744]&amp#27;[0m&amp#27;[38;5;229m[ADB]&amp#27;[0m Current device property 'ro.build.version.sdk': 35
&amp#27;[38;5;62m[30316744]&amp#27;[0m&amp#27;[38;5;229m[ADB]&amp#27;[0m Getting device platform version
&amp#27;[38;5;62m[30316744]&amp#27;[0m&amp#27;[38;5;229m[ADB]&amp#27;[0m Running 'C:\Users\lynxt\AppData\Local\Android\Sdk\platform-tools\adb.exe -P 5037 -s emulator-5554 shell getprop ro.build.version.release'
&amp#27;[38;5;62m[30316744]&amp#27;[0m&amp#27;[38;5;229m[ADB]&amp#27;[0m Current device property 'ro.build.version.release': 15
&amp#27;[38;5;62m[30316744]&amp#27;[0m&amp#27;[38;5;229m[ADB]&amp#27;[0m Device API level: 35
&amp#27;[38;5;62m[30316744]&amp#27;[0m&amp#27;[38;5;-160m[AndroidUiautomator2Driver@ff89]&amp#27;[0m Relaxing hidden api policy
&amp#27;[38;5;62m[30316744]&amp#27;[0m&amp#27;[38;5;229m[ADB]&amp#27;[0m Running 'C:\Users\lynxt\AppData\Local\Android\Sdk\platform-tools\adb.exe -P 5037 -s emulator-5554 shell 'settings put global hidden_api_policy_pre_p_apps 1;settings put global hidden_api_policy_p_apps 1;settings put global hidden_api_policy 1''
&amp#27;[38;5;62m[30316744]&amp#27;[0m&amp#27;[38;5;-160m[AndroidUiautomator2Driver@ff89]&amp#27;[0m Parsing package and activity from app manifest
&amp#27;[38;5;62m[30316744]&amp#27;[0m&amp#27;[38;5;229m[ADB]&amp#27;[0m Running 'C:\Users\lynxt\AppData\Local\Android\Sdk\platform-tools\adb.exe -P 5037 -s emulator-5554 wait-for-device'
&amp#27;[38;5;62m[30316744]&amp#27;[0m&amp#27;[38;5;229m[ADB]&amp#27;[0m Using 'aapt2.exe' from 'C:\Users\lynxt\AppData\Local\Android\Sdk\build-tools\35.0.0\aapt2.exe'
&amp#27;[38;5;62m[30316744]&amp#27;[0m&amp#27;[38;5;229m[ADB]&amp#27;[0m Reading package manifest: 'C:\\Users\\lynxt\\AppData\\Local\\Android\\Sdk\\build-tools\\35.0.0\\aapt2.exe dump badging C:\\Users\\lynxt\\eclipse-workspace\\appium-project1/src/main/java/resources/General-Store.apk'
&amp#27;[38;5;62m[30316744]&amp#27;[0m&amp#27;[38;5;229m[ADB]&amp#27;[0m Running 'C:\Users\lynxt\AppData\Local\Android\Sdk\platform-tools\adb.exe -P 5037 -s emulator-5554 shell echo ping'
&amp#27;[38;5;62m[30316744]&amp#27;[0m&amp#27;[38;5;229m[ADB]&amp#27;[0m Package name: 'com.androidsample.generalstore'
&amp#27;[38;5;62m[30316744]&amp#27;[0m&amp#27;[38;5;229m[ADB]&amp#27;[0m Main activity name: 'com.androidsample.generalstore.SplashActivity'
&amp#27;[38;5;62m[30316744]&amp#27;[0m&amp#27;[38;5;-160m[AndroidUiautomator2Driver@ff89]&amp#27;[0m Parsed package and activity are: com.androidsample.generalstore/com.androidsample.generalstore.SplashActivity
&amp#27;[38;5;62m[30316744]&amp#27;[0m&amp#27;[38;5;-160m[AndroidUiautomator2Driver@ff89]&amp#27;[0m Pushing settings apk to the device...
&amp#27;[38;5;62m[30316744]&amp#27;[0m&amp#27;[38;5;229m[ADB]&amp#27;[0m Getting package info for 'io.appium.settings'
&amp#27;[38;5;62m[30316744]&amp#27;[0m&amp#27;[38;5;229m[ADB]&amp#27;[0m Running 'C:\Users\lynxt\AppData\Local\Android\Sdk\platform-tools\adb.exe -P 5037 -s emulator-5554 shell dumpsys package io.appium.settings'
&amp#27;[38;5;62m[30316744]&amp#27;[0m&amp#27;[38;5;229m[ADB]&amp#27;[0m Reading package manifest: 'C:\\Users\\lynxt\\AppData\\Local\\Android\\Sdk\\build-tools\\35.0.0\\aapt2.exe dump badging C:\\Users\\lynxt\\.appium\\node_modules\\appium-uiautomator2-driver\\node_modules\\io.appium.settings\\apks\\settings_apk-debug.apk'
&amp#27;[38;5;62m[30316744]&amp#27;[0m&amp#27;[38;5;229m[ADB]&amp#27;[0m The version name of the installed 'io.appium.settings' is greater or equal to the application version name ('5.12.19' >= '5.12.19')
&amp#27;[38;5;62m[30316744]&amp#27;[0m&amp#27;[38;5;229m[ADB]&amp#27;[0m There is no need to install/upgrade 'C:\Users\lynxt\.appium\node_modules\appium-uiautomator2-driver\node_modules\io.appium.settings\apks\settings_apk-debug.apk'
&amp#27;[38;5;62m[30316744]&amp#27;[0m&amp#27;[38;5;229m[ADB]&amp#27;[0m Running 'C:\Users\lynxt\AppData\Local\Android\Sdk\platform-tools\adb.exe -P 5037 -s emulator-5554 shell dumpsys activity services io.appium.settings'
&amp#27;[38;5;62m[30316744]&amp#27;[0m&amp#27;[38;5;-160m[AndroidUiautomator2Driver@ff89]&amp#27;[0m io.appium.settings is already running. There is no need to reset its permissions.
&amp#27;[38;5;62m[30316744]&amp#27;[0m&amp#27;[38;5;160m[Logcat]&amp#27;[0m Starting logs capture with command: C:\\Users\\lynxt\\AppData\\Local\\Android\\Sdk\\platform-tools\\adb.exe -P 5037 -s emulator-5554 logcat -v threadtime
&amp#27;[38;5;62m[30316744]&amp#27;[0m&amp#27;[38;5;-160m[AndroidUiautomator2Driver@ff89]&amp#27;[0m Forwarding UiAutomator2 Server port 6790 to local port 8200
&amp#27;[38;5;62m[30316744]&amp#27;[0m&amp#27;[38;5;229m[ADB]&amp#27;[0m Forwarding system: 8200 to device: 6790
&amp#27;[38;5;62m[30316744]&amp#27;[0m&amp#27;[38;5;229m[ADB]&amp#27;[0m Running 'C:\Users\lynxt\AppData\Local\Android\Sdk\platform-tools\adb.exe -P 5037 -s emulator-5554 forward tcp:8200 tcp:6790'
&amp#27;[38;5;62m[30316744]&amp#27;[0m&amp#27;[38;5;229m[ADB]&amp#27;[0m Getting package info for 'io.appium.uiautomator2.server'
&amp#27;[38;5;62m[30316744]&amp#27;[0m&amp#27;[38;5;229m[ADB]&amp#27;[0m Running 'C:\Users\lynxt\AppData\Local\Android\Sdk\platform-tools\adb.exe -P 5037 -s emulator-5554 shell dumpsys package io.appium.uiautomator2.server'
&amp#27;[38;5;62m[30316744]&amp#27;[0m&amp#27;[38;5;229m[ADB]&amp#27;[0m Getting install status for io.appium.uiautomator2.server.test
&amp#27;[38;5;62m[30316744]&amp#27;[0m&amp#27;[38;5;229m[ADB]&amp#27;[0m Checking app cert for C:\Users\lynxt\eclipse-workspace\appium-project1/src/main/java/resources/General-Store.apk
&amp#27;[38;5;62m[30316744]&amp#27;[0m&amp#27;[38;5;229m[ADB]&amp#27;[0m Running 'C:\Users\lynxt\AppData\Local\Android\Sdk\platform-tools\adb.exe -P 5037 -s emulator-5554 shell cmd package list packages'
&amp#27;[38;5;62m[30316744]&amp#27;[0m&amp#27;[38;5;229m[ADB]&amp#27;[0m Using 'apksigner.jar' from 'C:\Users\lynxt\AppData\Local\Android\Sdk\build-tools\35.0.0\lib\apksigner.jar'
&amp#27;[38;5;62m[30316744]&amp#27;[0m&amp#27;[38;5;229m[ADB]&amp#27;[0m Starting apksigner: 'C:\\Program Files\\Java\\jdk-17.0.2\\bin\\java.exe' -Xmx1024M -Xss1m -jar C:\\Users\\lynxt\\AppData\\Local\\Android\\Sdk\\build-tools\\35.0.0\\lib\\apksigner.jar verify --print-certs C:\\Users\\lynxt\\eclipse-workspace\\appium-project1/src/main/java/resources/General-Store.apk
&amp#27;[38;5;62m[30316744]&amp#27;[0m&amp#27;[38;5;229m[ADB]&amp#27;[0m Reading package manifest: 'C:\\Users\\lynxt\\AppData\\Local\\Android\\Sdk\\build-tools\\35.0.0\\aapt2.exe dump badging C:\\Users\\lynxt\\.appium\\node_modules\\appium-uiautomator2-driver\\node_modules\\appium-uiautomator2-server\\apks\\appium-uiautomator2-server-v7.1.7.apk'
&amp#27;[38;5;62m[30316744]&amp#27;[0m&amp#27;[38;5;229m[ADB]&amp#27;[0m 'io.appium.uiautomator2.server.test' is installed
&amp#27;[38;5;62m[30316744]&amp#27;[0m&amp#27;[38;5;229m[ADB]&amp#27;[0m The version name of the installed 'io.appium.uiautomator2.server' is greater or equal to the application version name ('7.1.7' >= '7.1.7')
&amp#27;[38;5;62m[30316744]&amp#27;[0m&amp#27;[38;5;-160m[AndroidUiautomator2Driver@ff89]&amp#27;[0m Server packages status: [{"installState":"sameVersionInstalled","appPath":"C:\\Users\\lynxt\\.appium\\node_modules\\appium-uiautomator2-driver\\node_modules\\appium-uiautomator2-server\\apks\\appium-uiautomator2-server-v7.1.7.apk","appId":"io.appium.uiautomator2.server"},{"installState":"sameVersionInstalled","appPath":"C:\\Users\\lynxt\\.appium\\node_modules\\appium-uiautomator2-driver\\node_modules\\appium-uiautomator2-server\\apks\\appium-uiautomator2-server-debug-androidTest.apk","appId":"io.appium.uiautomator2.server.test"}]
&amp#27;[38;5;62m[30316744]&amp#27;[0m&amp#27;[38;5;-160m[AndroidUiautomator2Driver@ff89]&amp#27;[0m Server packages are not going to be (re)installed
&amp#27;[38;5;62m[30316744]&amp#27;[0m&amp#27;[38;5;-160m[AndroidUiautomator2Driver@ff89]&amp#27;[0m Waiting up to 30000ms for services to be available
&amp#27;[38;5;62m[30316744]&amp#27;[0m&amp#27;[38;5;229m[ADB]&amp#27;[0m Running 'C:\Users\lynxt\AppData\Local\Android\Sdk\platform-tools\adb.exe -P 5037 -s emulator-5554 shell pm list instrumentation'
&amp#27;[38;5;62m[30316744]&amp#27;[0m&amp#27;[38;5;-160m[AndroidUiautomator2Driver@ff89]&amp#27;[0m Instrumentation target 'io.appium.uiautomator2.server.test/androidx.test.runner.AndroidJUnitRunner' is available
&amp#27;[38;5;62m[30316744]&amp#27;[0m&amp#27;[38;5;229m[ADB]&amp#27;[0m Adding packages ["io.appium.settings","io.appium.uiautomator2.server","io.appium.uiautomator2.server.test"] to Doze whitelist
&amp#27;[38;5;62m[30316744]&amp#27;[0m&amp#27;[38;5;229m[ADB]&amp#27;[0m Got the following command chunks to execute: [["dumpsys","deviceidle","whitelist","+io.appium.settings",";","dumpsys","deviceidle","whitelist","+io.appium.uiautomator2.server",";","dumpsys","deviceidle","whitelist","+io.appium.uiautomator2.server.test",";"]]
&amp#27;[38;5;62m[30316744]&amp#27;[0m&amp#27;[38;5;229m[ADB]&amp#27;[0m Running 'C:\Users\lynxt\AppData\Local\Android\Sdk\platform-tools\adb.exe -P 5037 -s emulator-5554 shell dumpsys deviceidle whitelist +io.appium.settings ; dumpsys deviceidle whitelist +io.appium.uiautomator2.server ; dumpsys deviceidle whitelist +io.appium.uiautomator2.server.test ;'
&amp#27;[38;5;62m[30316744]&amp#27;[0m&amp#27;[38;5;229m[ADB]&amp#27;[0m apksigner stdout: Signer #1 certificate DN: C=US, O=Android, CN=Android Debug
Signer #1 certificate SHA-256 digest: f5f5931c019be6bff8a26255f76ae9ef8a8e631d2a702ec10e91110231549eef
Signer #1 certificate SHA-1 digest: b250161db8b5d0a1bd39154c9fd749bdad79c1a3
Signer #1 certificate MD5 digest: 7a5550323d84472ca25a0861c63e0a6c

&amp#27;[38;5;62m[30316744]&amp#27;[0m&amp#27;[38;5;229m[ADB]&amp#27;[0m 'C:\Users\lynxt\eclipse-workspace\appium-project1/src/main/java/resources/General-Store.apk' is signed with a non-default certificate
&amp#27;[38;5;62m[30316744]&amp#27;[0m&amp#27;[38;5;229m[ADB]&amp#27;[0m Getting package info for 'com.androidsample.generalstore'
&amp#27;[38;5;62m[30316744]&amp#27;[0m&amp#27;[38;5;229m[ADB]&amp#27;[0m Running 'C:\Users\lynxt\AppData\Local\Android\Sdk\platform-tools\adb.exe -P 5037 -s emulator-5554 shell dumpsys package com.androidsample.generalstore'
&amp#27;[38;5;62m[30316744]&amp#27;[0m&amp#27;[38;5;229m[ADB]&amp#27;[0m Reading package manifest: 'C:\\Users\\lynxt\\AppData\\Local\\Android\\Sdk\\build-tools\\35.0.0\\aapt2.exe dump badging C:\\Users\\lynxt\\eclipse-workspace\\appium-project1/src/main/java/resources/General-Store.apk'
&amp#27;[38;5;62m[30316744]&amp#27;[0m&amp#27;[38;5;229m[ADB]&amp#27;[0m The version name of the installed 'com.androidsample.generalstore' is greater or equal to the application version name ('1.0.0' >= '1.0.0')
&amp#27;[38;5;62m[30316744]&amp#27;[0m&amp#27;[38;5;229m[ADB]&amp#27;[0m There is no need to install/upgrade 'C:\Users\lynxt\eclipse-workspace\appium-project1/src/main/java/resources/General-Store.apk'
&amp#27;[38;5;62m[30316744]&amp#27;[0m&amp#27;[38;5;-160m[AndroidUiautomator2Driver@ff89]&amp#27;[0m Performing fast reset on 'com.androidsample.generalstore'
&amp#27;[38;5;62m[30316744]&amp#27;[0m&amp#27;[38;5;229m[ADB]&amp#27;[0m Getting install status for com.androidsample.generalstore
&amp#27;[38;5;62m[30316744]&amp#27;[0m&amp#27;[38;5;229m[ADB]&amp#27;[0m Running 'C:\Users\lynxt\AppData\Local\Android\Sdk\platform-tools\adb.exe -P 5037 -s emulator-5554 shell cmd package list packages'
&amp#27;[38;5;62m[30316744]&amp#27;[0m&amp#27;[38;5;229m[ADB]&amp#27;[0m 'com.androidsample.generalstore' is installed
&amp#27;[38;5;62m[30316744]&amp#27;[0m&amp#27;[38;5;229m[ADB]&amp#27;[0m Running 'C:\Users\lynxt\AppData\Local\Android\Sdk\platform-tools\adb.exe -P 5037 -s emulator-5554 shell am force-stop com.androidsample.generalstore'
&amp#27;[38;5;62m[30316744]&amp#27;[0m&amp#27;[38;5;229m[ADB]&amp#27;[0m Running 'C:\Users\lynxt\AppData\Local\Android\Sdk\platform-tools\adb.exe -P 5037 -s emulator-5554 shell pm clear com.androidsample.generalstore'
&amp#27;[38;5;62m[30316744]&amp#27;[0m&amp#27;[38;5;-160m[AndroidUiautomator2Driver@ff89]&amp#27;[0m Performed fast reset on the installed 'com.androidsample.generalstore' application (stop and clear)
&amp#27;[38;5;62m[30316744]&amp#27;[0m&amp#27;[38;5;-160m[AndroidUiautomator2Driver@ff89]&amp#27;[0m Performing shallow cleanup of automation leftovers
&amp#27;[38;5;62m[30316744]&amp#27;[0m&amp#27;[38;5;-160m[AndroidUiautomator2Driver@ff89]&amp#27;[0m No obsolete sessions have been detected (socket hang up)
&amp#27;[38;5;62m[30316744]&amp#27;[0m&amp#27;[38;5;229m[ADB]&amp#27;[0m Running 'C:\Users\lynxt\AppData\Local\Android\Sdk\platform-tools\adb.exe -P 5037 -s emulator-5554 shell am force-stop io.appium.uiautomator2.server'
&amp#27;[38;5;62m[30316744]&amp#27;[0m&amp#27;[38;5;229m[ADB]&amp#27;[0m Running 'C:\Users\lynxt\AppData\Local\Android\Sdk\platform-tools\adb.exe -P 5037 -s emulator-5554 shell am force-stop io.appium.uiautomator2.server.test'
&amp#27;[38;5;62m[30316744]&amp#27;[0m&amp#27;[38;5;-160m[AndroidUiautomator2Driver@ff89]&amp#27;[0m Starting UIAutomator2 server 7.1.7
&amp#27;[38;5;62m[30316744]&amp#27;[0m&amp#27;[38;5;-160m[AndroidUiautomator2Driver@ff89]&amp#27;[0m Using UIAutomator2 server from 'C:\Users\lynxt\.appium\node_modules\appium-uiautomator2-driver\node_modules\appium-uiautomator2-server\apks\appium-uiautomator2-server-v7.1.7.apk' and test from 'C:\Users\lynxt\.appium\node_modules\appium-uiautomator2-driver\node_modules\appium-uiautomator2-server\apks\appium-uiautomator2-server-debug-androidTest.apk'
&amp#27;[38;5;62m[30316744]&amp#27;[0m&amp#27;[38;5;-160m[AndroidUiautomator2Driver@ff89]&amp#27;[0m Waiting up to 30000ms for UiAutomator2 to be online...
&amp#27;[38;5;62m[30316744]&amp#27;[0m&amp#27;[38;5;229m[ADB]&amp#27;[0m Creating ADB subprocess with args: ["-P","5037","-s","emulator-5554","shell","am","instrument","-w","-e","disableAnalytics","true","io.appium.uiautomator2.server.test/androidx.test.runner.AndroidJUnitRunner"]
&amp#27;[38;5;62m[30316744]&amp#27;[0m&amp#27;[38;5;-160m[AndroidUiautomator2Driver@ff89]&amp#27;[0m Matched '/status' to command name 'getStatus'
&amp#27;[38;5;62m[30316744]&amp#27;[0m&amp#27;[38;5;-160m[AndroidUiautomator2Driver@ff89]&amp#27;[0m Proxying [GET /status] to [GET http://127.0.0.1:8200/status] with no body
&amp#27;[38;5;62m[30316744]&amp#27;[0m&amp#27;[38;5;-160m[AndroidUiautomator2Driver@ff89]&amp#27;[0m socket hang up
&amp#27;[38;5;62m[30316744]&amp#27;[0m&amp#27;[38;5;-160m[AndroidUiautomator2Driver@ff89]&amp#27;[0m [Instrumentation] 
&amp#27;[38;5;62m[30316744]&amp#27;[0m&amp#27;[38;5;-160m[AndroidUiautomator2Driver@ff89]&amp#27;[0m Matched '/status' to command name 'getStatus'
&amp#27;[38;5;62m[30316744]&amp#27;[0m&amp#27;[38;5;-160m[AndroidUiautomator2Driver@ff89]&amp#27;[0m Proxying [GET /status] to [GET http://127.0.0.1:8200/status] with no body
&amp#27;[38;5;62m[30316744]&amp#27;[0m&amp#27;[38;5;-160m[AndroidUiautomator2Driver@ff89]&amp#27;[0m socket hang up
&amp#27;[38;5;62m[30316744]&amp#27;[0m&amp#27;[38;5;-160m[AndroidUiautomator2Driver@ff89]&amp#27;[0m Matched '/status' to command name 'getStatus'
&amp#27;[38;5;62m[30316744]&amp#27;[0m&amp#27;[38;5;-160m[AndroidUiautomator2Driver@ff89]&amp#27;[0m Proxying [GET /status] to [GET http://127.0.0.1:8200/status] with no body
&amp#27;[38;5;62m[30316744]&amp#27;[0m&amp#27;[38;5;-160m[AndroidUiautomator2Driver@ff89]&amp#27;[0m Got response with status 200: {"sessionId":"None","value":{"message":"UiAutomator2 Server is ready to accept commands","ready":true}}
&amp#27;[38;5;62m[30316744]&amp#27;[0m&amp#27;[38;5;-160m[AndroidUiautomator2Driver@ff89]&amp#27;[0m The initialization of the instrumentation process took 2176ms
&amp#27;[38;5;62m[30316744]&amp#27;[0m&amp#27;[38;5;-160m[AndroidUiautomator2Driver@ff89]&amp#27;[0m Matched '/session' to command name 'createSession'
&amp#27;[38;5;62m[30316744]&amp#27;[0m&amp#27;[38;5;-160m[AndroidUiautomator2Driver@ff89]&amp#27;[0m Proxying [POST /session] to [POST http://127.0.0.1:8200/session] with body: {"capabilities":{"firstMatch":[{"platformName":"ANDROID","deviceName":"emulator-5554","automationName":"UIAutomator2","app":"C:\\Users\\lynxt\\eclipse-workspace\\appium-project1/src/main/java/resources/General-Store.apk","platform":"LINUX","webStorageEnabled":false,"takesScreenshot":true,"javascriptEnabled":true,"databaseEnabled":false,"networkConnectionEnabled":true,"locationContextEnabled":false,"warnings":{},"desired":{"platformName":"ANDROID","deviceName":"SerbanTest","automationName":"UIAutomator2","app":"C:\\Users\\lynxt\\eclipse-workspace\\appium-project1/src/main/java/resources/General-Store.apk"},"deviceUDID":"emulator-5554","appPackage":"com.androidsample.generalstore"}],"alwaysMatch":{}}}
&amp#27;[38;5;62m[30316744]&amp#27;[0m&amp#27;[38;5;-160m[AndroidUiautomator2Driver@ff89]&amp#27;[0m Got response with status 200: {"sessionId":"d0ff468e-c3cb-41ee-bbce-30e78ffba3aa","value":{"capabilities":{"firstMatch":[{"platformName":"ANDROID","deviceName":"emulator-5554","automationName":"UIAutomator2","app":"C:\\Users\\lynxt\\eclipse-workspace\\appium-project1/src/main/java/resources/General-Store.apk","platform":"LINUX","webStorageEnabled":false,"takesScreenshot":true,"javascriptEnabled":true,"databaseEnabled":false,"networkConnectionEnabled":true,"locationContextEnabled":false,"warnings":{},"desired":{"platformName":"ANDROID","deviceName":"SerbanTest","automationName":"UIAutomator2","app":"C:\\Users\\lynxt\\eclipse-workspace\\appium-project1/src/main/java/resources/General-Store.apk"},"deviceUDID":"emulator-5554","appPackage":"com.androidsample.generalstore"}],"alwaysMatch":{}},"sessionId":"d0ff468e-c3cb-41ee-bbce-30e78ffba3aa"}}
&amp#27;[38;5;62m[30316744]&amp#27;[0m&amp#27;[38;5;-160m[AndroidUiautomator2Driver@ff89]&amp#27;[0m Determined the downstream protocol as 'W3C'
&amp#27;[38;5;62m[30316744]&amp#27;[0m&amp#27;[38;5;-160m[AndroidUiautomator2Driver@ff89]&amp#27;[0m Proxying [GET /appium/device/pixel_ratio] to [GET http://127.0.0.1:8200/session/d0ff468e-c3cb-41ee-bbce-30e78ffba3aa/appium/device/pixel_ratio] with no body
&amp#27;[38;5;62m[30316744]&amp#27;[0m&amp#27;[38;5;-160m[AndroidUiautomator2Driver@ff89]&amp#27;[0m Matched '/appium/device/system_bars' to command name 'getSystemBars'
&amp#27;[38;5;62m[30316744]&amp#27;[0m&amp#27;[38;5;-160m[AndroidUiautomator2Driver@ff89]&amp#27;[0m Proxying [GET /appium/device/system_bars] to [GET http://127.0.0.1:8200/session/d0ff468e-c3cb-41ee-bbce-30e78ffba3aa/appium/device/system_bars] with no body
&amp#27;[38;5;62m[30316744]&amp#27;[0m&amp#27;[38;5;-160m[AndroidUiautomator2Driver@ff89]&amp#27;[0m Matched '/window/current/size' to command name 'getWindowSize'
&amp#27;[38;5;62m[30316744]&amp#27;[0m&amp#27;[38;5;-160m[AndroidUiautomator2Driver@ff89]&amp#27;[0m Proxying [GET /window/current/size] to [GET http://127.0.0.1:8200/session/d0ff468e-c3cb-41ee-bbce-30e78ffba3aa/window/current/size] with no body
&amp#27;[38;5;62m[30316744]&amp#27;[0m&amp#27;[38;5;-160m[AndroidUiautomator2Driver@ff89]&amp#27;[0m Proxying [GET /appium/device/info] to [GET http://127.0.0.1:8200/session/d0ff468e-c3cb-41ee-bbce-30e78ffba3aa/appium/device/info] with no body
&amp#27;[38;5;62m[30316744]&amp#27;[0m&amp#27;[38;5;229m[ADB]&amp#27;[0m Running 'C:\Users\lynxt\AppData\Local\Android\Sdk\platform-tools\adb.exe -P 5037 -s emulator-5554 shell dumpsys window'
&amp#27;[38;5;62m[30316744]&amp#27;[0m&amp#27;[38;5;229m[ADB]&amp#27;[0m Running 'C:\Users\lynxt\AppData\Local\Android\Sdk\platform-tools\adb.exe -P 5037 -s emulator-5554 shell dumpsys power'
&amp#27;[38;5;62m[30316744]&amp#27;[0m&amp#27;[38;5;-160m[AndroidUiautomator2Driver@ff89]&amp#27;[0m Got response with status 200: {"sessionId":"d0ff468e-c3cb-41ee-bbce-30e78ffba3aa","value":2.625}
&amp#27;[38;5;62m[30316744]&amp#27;[0m&amp#27;[38;5;-160m[AndroidUiautomator2Driver@ff89]&amp#27;[0m Got response with status 200: {"sessionId":"d0ff468e-c3cb-41ee-bbce-30e78ffba3aa","value":{"statusBar":151}}
&amp#27;[38;5;62m[30316744]&amp#27;[0m&amp#27;[38;5;-160m[AndroidUiautomator2Driver@ff89]&amp#27;[0m Got response with status 200: {"sessionId":"d0ff468e-c3cb-41ee-bbce-30e78ffba3aa","value":{"height":2400,"width":1080}}
&amp#27;[38;5;62m[30316744]&amp#27;[0m&amp#27;[38;5;-160m[AndroidUiautomator2Driver@ff89]&amp#27;[0m Got response with status 200: {"sessionId":"d0ff468e-c3cb-41ee-bbce-30e78ffba3aa","value":{"androidId":"4d2406daadb8d2fc","apiVersion":"35","bluetooth":{"state":"OFF"},"brand":"google","carrierName":"T-Mobile","displayDensity":420,"locale":"en_US","manufacturer":"Google","model":"sdk_gphone64_x86_64","networks":[{"capabilities":{"SSID":null,"linkDownBandwidthKbps":30000,"linkUpstreamBandwidthKbps":12000,"networkCapabilities":"NET_CAPABILITY_NOT_METERED,NET_CAPABILITY_INTERNET,NET_CAPABILITY_NOT_RESTRICTED,NET_CAPABILITY_TRUSTED,NET_CAPABILITY_NOT_VPN,NET_CAPABILITY_VALIDATED,NET_CAPABILITY_NOT_ROAMING,NET_CAPABILITY_FOREGROUND,NET_CAPABILITY_NOT_CONGESTED,NET_CAPABILITY_NOT_SUSPENDED","signalStrength":-50,"transportTypes":"TRANSPORT_WIFI"},"detailedState":"CONNECTED","extraInfo":"","isAvailable":true,"isConnected":true,"isFailover":false,"isRoaming":false,"state":"CONNECTED","subtype":-1,"subtypeName":"","type":1,"typeName":"WIFI"},{"capabilities":{"SSID":null,"linkDownBandwidthKbps":4300,"linkUpstreamBandwidthKbps":1800,"networkCapabi...
&amp#27;[38;5;62m[30316744]&amp#27;[0m&amp#27;[38;5;-160m[AndroidUiautomator2Driver@ff89]&amp#27;[0m Screen already unlocked, doing nothing
&amp#27;[38;5;62m[30316744]&amp#27;[0m&amp#27;[38;5;-160m[AndroidUiautomator2Driver@ff89]&amp#27;[0m Starting 'com.androidsample.generalstore/com.androidsample.generalstore.SplashActivity and waiting for 'com.androidsample.generalstore/com.androidsample.generalstore.SplashActivity'
&amp#27;[38;5;62m[30316744]&amp#27;[0m&amp#27;[38;5;229m[ADB]&amp#27;[0m Running 'C:\Users\lynxt\AppData\Local\Android\Sdk\platform-tools\adb.exe -P 5037 -s emulator-5554 shell am start-activity -W -n com.androidsample.generalstore/com.androidsample.generalstore.SplashActivity -S -a android.intent.action.MAIN -c android.intent.category.LAUNCHER -f 0x10200000'
&amp#27;[38;5;62m[30316744]&amp#27;[0m&amp#27;[38;5;229m[ADB]&amp#27;[0m Waiting up to 20000ms for activity matching pkg: 'com.androidsample.generalstore' and activity: 'com.androidsample.generalstore.SplashActivity' to be focused
&amp#27;[38;5;62m[30316744]&amp#27;[0m&amp#27;[38;5;229m[ADB]&amp#27;[0m Possible activities, to be checked: 'com.androidsample.generalstore.SplashActivity', 'com.androidsample.generalstore.com.androidsample.generalstore.SplashActivity'
&amp#27;[38;5;62m[30316744]&amp#27;[0m&amp#27;[38;5;229m[ADB]&amp#27;[0m Getting focused package and activity
&amp#27;[38;5;62m[30316744]&amp#27;[0m&amp#27;[38;5;229m[ADB]&amp#27;[0m Running 'C:\Users\lynxt\AppData\Local\Android\Sdk\platform-tools\adb.exe -P 5037 -s emulator-5554 shell dumpsys window displays'
&amp#27;[38;5;62m[30316744]&amp#27;[0m&amp#27;[38;5;229m[ADB]&amp#27;[0m Found package: 'com.androidsample.generalstore' and fully qualified activity name : 'com.androidsample.generalstore.SplashActivity'
&amp#27;[38;5;62m[30316744]&amp#27;[0m&amp#27;[38;5;158m[AppiumDriver@7bd3]&amp#27;[0m New AndroidUiautomator2Driver session created successfully, session 30316744-87bb-4506-a1d8-320ef20d46d7 added to master session list
&amp#27;[38;5;62m[30316744]&amp#27;[0m&amp#27;[38;5;158m[AppiumDriver@7bd3]&amp#27;[0m Event 'newSessionStarted' logged at 1736756532319 (10:22:12 GMT+0200 (Eastern European Standard Time))
&amp#27;[38;5;62m[30316744]&amp#27;[0m&amp#27;[38;5;-160m[AndroidUiautomator2Driver@ff89]&amp#27;[0m Cached the protocol value 'W3C' for the new session 30316744-87bb-4506-a1d8-320ef20d46d7
&amp#27;[38;5;62m[30316744]&amp#27;[0m&amp#27;[38;5;-160m[AndroidUiautomator2Driver@ff89]&amp#27;[0m Responding to client with driver.createSession() result: {"capabilities":{"platformName":"ANDROID","deviceName":"emulator-5554","automationName":"UIAutomator2","app":"C:\\Users\\lynxt\\eclipse-workspace\\appium-project1/src/main/java/resources/General-Store.apk","platform":"LINUX","webStorageEnabled":false,"takesScreenshot":true,"javascriptEnabled":true,"databaseEnabled":false,"networkConnectionEnabled":true,"locationContextEnabled":false,"warnings":{},"desired":{"platformName":"ANDROID","deviceName":"SerbanTest","automationName":"UIAutomator2","app":"C:\\Users\\lynxt\\eclipse-workspace\\appium-project1/src/main/java/resources/General-Store.apk"},"deviceUDID":"emulator-5554","appPackage":"com.androidsample.generalstore","pixelRatio":"2.625","statBarHeight":151,"viewportRect":{"left":0,"top":151,"width":1080,"height":2249},"deviceApiLevel":35,"platformVersion":"15","deviceManufacturer":"Google","deviceModel":"sdk_gphone64_x86_64","deviceScreenSize":"1080x2400","deviceScreenDensity":420}}
&amp#27;[38;5;62m[30316744]&amp#27;[0m&amp#27;[38;5;86m[HTTP]&amp#27;[0m &amp#27;[37m<-- POST /session &amp#27;[39m&amp#27;[32m200&amp#27;[39m &amp#27;[90m4580 ms - 1005&amp#27;[39m &amp#27;[90m&amp#27;[39m
&amp#27;[38;5;62m[30316744]&amp#27;[0m&amp#27;[38;5;86m[HTTP]&amp#27;[0m &amp#27;[37m-->&amp#27;[39m &amp#27;[37mPOST&amp#27;[39m &amp#27;[37m/session/30316744-87bb-4506-a1d8-320ef20d46d7/timeouts&amp#27;[39m &amp#27;[90m{"implicit":15000}&amp#27;[39m
&amp#27;[38;5;62m[30316744]&amp#27;[0m&amp#27;[38;5;-160m[AndroidUiautomator2Driver@ff89]&amp#27;[0m Calling AppiumDriver.timeouts() with args: [null,null,null,null,15000,"30316744-87bb-4506-a1d8-320ef20d46d7"]
&amp#27;[38;5;62m[30316744]&amp#27;[0m&amp#27;[38;5;-160m[AndroidUiautomator2Driver@ff89]&amp#27;[0m W3C timeout argument: {"implicit":15000}}
&amp#27;[38;5;62m[30316744]&amp#27;[0m&amp#27;[38;5;-160m[AndroidUiautomator2Driver@ff89]&amp#27;[0m Set implicit wait to 15000ms
&amp#27;[38;5;62m[30316744]&amp#27;[0m&amp#27;[38;5;-160m[AndroidUiautomator2Driver@ff89]&amp#27;[0m Responding to client with driver.timeouts() result: null
&amp#27;[38;5;62m[30316744]&amp#27;[0m&amp#27;[38;5;86m[HTTP]&amp#27;[0m &amp#27;[37m<-- POST /session/30316744-87bb-4506-a1d8-320ef20d46d7/timeouts &amp#27;[39m&amp#27;[32m200&amp#27;[39m &amp#27;[90m2 ms - 14&amp#27;[39m &amp#27;[90m&amp#27;[39m
&amp#27;[38;5;62m[30316744]&amp#27;[0m&amp#27;[38;5;86m[HTTP]&amp#27;[0m &amp#27;[37m-->&amp#27;[39m &amp#27;[37mGET&amp#27;[39m &amp#27;[37m/session/30316744-87bb-4506-a1d8-320ef20d46d7/context&amp#27;[39m &amp#27;[90m{}&amp#27;[39m
&amp#27;[38;5;62m[30316744]&amp#27;[0m&amp#27;[38;5;-160m[AndroidUiautomator2Driver@ff89]&amp#27;[0m Calling AppiumDriver.getCurrentContext() with args: ["30316744-87bb-4506-a1d8-320ef20d46d7"]
&amp#27;[38;5;62m[30316744]&amp#27;[0m&amp#27;[38;5;-160m[AndroidUiautomator2Driver@ff89]&amp#27;[0m Responding to client with driver.getCurrentContext() result: "NATIVE_APP"
&amp#27;[38;5;62m[30316744]&amp#27;[0m&amp#27;[38;5;86m[HTTP]&amp#27;[0m &amp#27;[37m<-- GET /session/30316744-87bb-4506-a1d8-320ef20d46d7/context &amp#27;[39m&amp#27;[32m200&amp#27;[39m &amp#27;[90m3 ms - 22&amp#27;[39m &amp#27;[90m&amp#27;[39m
&amp#27;[38;5;62m[30316744]&amp#27;[0m&amp#27;[38;5;86m[HTTP]&amp#27;[0m &amp#27;[37m-->&amp#27;[39m &amp#27;[37mPOST&amp#27;[39m &amp#27;[37m/session/30316744-87bb-4506-a1d8-320ef20d46d7/element&amp#27;[39m &amp#27;[90m{"using":"id","value":"com.androidsample.generalstore:id/nameField"}&amp#27;[39m
&amp#27;[38;5;62m[30316744]&amp#27;[0m&amp#27;[38;5;-160m[AndroidUiautomator2Driver@ff89]&amp#27;[0m Calling AppiumDriver.findElement() with args: ["id","com.androidsample.generalstore:id/nameField","30316744-87bb-4506-a1d8-320ef20d46d7"]
&amp#27;[38;5;62m[30316744]&amp#27;[0m&amp#27;[38;5;-160m[AndroidUiautomator2Driver@ff89]&amp#27;[0m Valid locator strategies for this request: xpath, id, class name, accessibility id, css selector, -android uiautomator
&amp#27;[38;5;62m[30316744]&amp#27;[0m&amp#27;[38;5;-160m[AndroidUiautomator2Driver@ff89]&amp#27;[0m Waiting up to 15000 ms for condition
&amp#27;[38;5;62m[30316744]&amp#27;[0m&amp#27;[38;5;-160m[AndroidUiautomator2Driver@ff89]&amp#27;[0m Matched '/element' to command name 'findElement'
&amp#27;[38;5;62m[30316744]&amp#27;[0m&amp#27;[38;5;-160m[AndroidUiautomator2Driver@ff89]&amp#27;[0m Proxying [POST /element] to [POST http://127.0.0.1:8200/session/d0ff468e-c3cb-41ee-bbce-30e78ffba3aa/element] with body: {"strategy":"id","selector":"com.androidsample.generalstore:id/nameField","context":"","multiple":false}
&amp#27;[38;5;62m[30316744]&amp#27;[0m&amp#27;[38;5;-160m[AndroidUiautomator2Driver@ff89]&amp#27;[0m Got response with status 404: {"sessionId":"d0ff468e-c3cb-41ee-bbce-30e78ffba3aa","value":{"error":"no such element","message":"An element could not be located on the page using the given search parameters","stacktrace":"io.appium.uiautomator2.common.exceptions.ElementNotFoundException: An element could not be located on the page using the given search parameters\n\tat io.appium.uiautomator2.handler.FindElement.safeHandle(FindElement.java:63)\n\tat io.appium.uiautomator2.handler.request.SafeRequestHandler.handle(SafeRequestHandler.java:59)\n\tat io.appium.uiautomator2.server.AppiumServlet.handleRequest(AppiumServlet.java:259)\n\tat io.appium.uiautomator2.server.AppiumServlet.handleHttpRequest(AppiumServlet.java:253)\n\tat io.appium.uiautomator2.http.ServerHandler.channelRead(ServerHandler.java:77)\n\tat io.netty.channel.AbstractChannelHandlerContext.invokeChannelRead(AbstractChannelHandlerContext.java:366)\n\tat io.netty.channel.AbstractChannelHandlerContext.invokeChannelRead(AbstractChannelHandlerContext.java:352)\n\tat io.netty.chann...
&amp#27;[38;5;62m[30316744]&amp#27;[0m&amp#27;[38;5;123m[W3C]&amp#27;[0m Matched W3C error code 'no such element' to NoSuchElementError
&amp#27;[38;5;62m[30316744]&amp#27;[0m&amp#27;[38;5;-160m[AndroidUiautomator2Driver@ff89]&amp#27;[0m Waited for 151 ms so far
&amp#27;[38;5;62m[30316744]&amp#27;[0m&amp#27;[38;5;-160m[AndroidUiautomator2Driver@ff89]&amp#27;[0m Matched '/element' to command name 'findElement'
&amp#27;[38;5;62m[30316744]&amp#27;[0m&amp#27;[38;5;-160m[AndroidUiautomator2Driver@ff89]&amp#27;[0m Proxying [POST /element] to [POST http://127.0.0.1:8200/session/d0ff468e-c3cb-41ee-bbce-30e78ffba3aa/element] with body: {"strategy":"id","selector":"com.androidsample.generalstore:id/nameField","context":"","multiple":false}
&amp#27;[38;5;62m[30316744]&amp#27;[0m&amp#27;[38;5;-160m[AndroidUiautomator2Driver@ff89]&amp#27;[0m Got response with status 404: {"sessionId":"d0ff468e-c3cb-41ee-bbce-30e78ffba3aa","value":{"error":"no such element","message":"An element could not be located on the page using the given search parameters","stacktrace":"io.appium.uiautomator2.common.exceptions.ElementNotFoundException: An element could not be located on the page using the given search parameters\n\tat io.appium.uiautomator2.handler.FindElement.safeHandle(FindElement.java:63)\n\tat io.appium.uiautomator2.handler.request.SafeRequestHandler.handle(SafeRequestHandler.java:59)\n\tat io.appium.uiautomator2.server.AppiumServlet.handleRequest(AppiumServlet.java:259)\n\tat io.appium.uiautomator2.server.AppiumServlet.handleHttpRequest(AppiumServlet.java:253)\n\tat io.appium.uiautomator2.http.ServerHandler.channelRead(ServerHandler.java:77)\n\tat io.netty.channel.AbstractChannelHandlerContext.invokeChannelRead(AbstractChannelHandlerContext.java:366)\n\tat io.netty.channel.AbstractChannelHandlerContext.invokeChannelRead(AbstractChannelHandlerContext.java:352)\n\tat io.netty.chann...
&amp#27;[38;5;62m[30316744]&amp#27;[0m&amp#27;[38;5;123m[W3C]&amp#27;[0m Matched W3C error code 'no such element' to NoSuchElementError
&amp#27;[38;5;62m[30316744]&amp#27;[0m&amp#27;[38;5;-160m[AndroidUiautomator2Driver@ff89]&amp#27;[0m Waited for 683 ms so far
&amp#27;[38;5;62m[30316744]&amp#27;[0m&amp#27;[38;5;-160m[AndroidUiautomator2Driver@ff89]&amp#27;[0m Matched '/element' to command name 'findElement'
&amp#27;[38;5;62m[30316744]&amp#27;[0m&amp#27;[38;5;-160m[AndroidUiautomator2Driver@ff89]&amp#27;[0m Proxying [POST /element] to [POST http://127.0.0.1:8200/session/d0ff468e-c3cb-41ee-bbce-30e78ffba3aa/element] with body: {"strategy":"id","selector":"com.androidsample.generalstore:id/nameField","context":"","multiple":false}
&amp#27;[38;5;62m[30316744]&amp#27;[0m&amp#27;[38;5;-160m[AndroidUiautomator2Driver@ff89]&amp#27;[0m Got response with status 404: {"sessionId":"d0ff468e-c3cb-41ee-bbce-30e78ffba3aa","value":{"error":"no such element","message":"An element could not be located on the page using the given search parameters","stacktrace":"io.appium.uiautomator2.common.exceptions.ElementNotFoundException: An element could not be located on the page using the given search parameters\n\tat io.appium.uiautomator2.handler.FindElement.safeHandle(FindElement.java:63)\n\tat io.appium.uiautomator2.handler.request.SafeRequestHandler.handle(SafeRequestHandler.java:59)\n\tat io.appium.uiautomator2.server.AppiumServlet.handleRequest(AppiumServlet.java:259)\n\tat io.appium.uiautomator2.server.AppiumServlet.handleHttpRequest(AppiumServlet.java:253)\n\tat io.appium.uiautomator2.http.ServerHandler.channelRead(ServerHandler.java:77)\n\tat io.netty.channel.AbstractChannelHandlerContext.invokeChannelRead(AbstractChannelHandlerContext.java:366)\n\tat io.netty.channel.AbstractChannelHandlerContext.invokeChannelRead(AbstractChannelHandlerContext.java:352)\n\tat io.netty.chann...
&amp#27;[38;5;62m[30316744]&amp#27;[0m&amp#27;[38;5;123m[W3C]&amp#27;[0m Matched W3C error code 'no such element' to NoSuchElementError
&amp#27;[38;5;62m[30316744]&amp#27;[0m&amp#27;[38;5;-160m[AndroidUiautomator2Driver@ff89]&amp#27;[0m Waited for 1209 ms so far
&amp#27;[38;5;62m[30316744]&amp#27;[0m&amp#27;[38;5;-160m[AndroidUiautomator2Driver@ff89]&amp#27;[0m Matched '/element' to command name 'findElement'
&amp#27;[38;5;62m[30316744]&amp#27;[0m&amp#27;[38;5;-160m[AndroidUiautomator2Driver@ff89]&amp#27;[0m Proxying [POST /element] to [POST http://127.0.0.1:8200/session/d0ff468e-c3cb-41ee-bbce-30e78ffba3aa/element] with body: {"strategy":"id","selector":"com.androidsample.generalstore:id/nameField","context":"","multiple":false}
&amp#27;[38;5;62m[30316744]&amp#27;[0m&amp#27;[38;5;-160m[AndroidUiautomator2Driver@ff89]&amp#27;[0m Got response with status 404: {"sessionId":"d0ff468e-c3cb-41ee-bbce-30e78ffba3aa","value":{"error":"no such element","message":"An element could not be located on the page using the given search parameters","stacktrace":"io.appium.uiautomator2.common.exceptions.ElementNotFoundException: An element could not be located on the page using the given search parameters\n\tat io.appium.uiautomator2.handler.FindElement.safeHandle(FindElement.java:63)\n\tat io.appium.uiautomator2.handler.request.SafeRequestHandler.handle(SafeRequestHandler.java:59)\n\tat io.appium.uiautomator2.server.AppiumServlet.handleRequest(AppiumServlet.java:259)\n\tat io.appium.uiautomator2.server.AppiumServlet.handleHttpRequest(AppiumServlet.java:253)\n\tat io.appium.uiautomator2.http.ServerHandler.channelRead(ServerHandler.java:77)\n\tat io.netty.channel.AbstractChannelHandlerContext.invokeChannelRead(AbstractChannelHandlerContext.java:366)\n\tat io.netty.channel.AbstractChannelHandlerContext.invokeChannelRead(AbstractChannelHandlerContext.java:352)\n\tat io.netty.chann...
&amp#27;[38;5;62m[30316744]&amp#27;[0m&amp#27;[38;5;123m[W3C]&amp#27;[0m Matched W3C error code 'no such element' to NoSuchElementError
&amp#27;[38;5;62m[30316744]&amp#27;[0m&amp#27;[38;5;-160m[AndroidUiautomator2Driver@ff89]&amp#27;[0m Waited for 1729 ms so far
&amp#27;[38;5;62m[30316744]&amp#27;[0m&amp#27;[38;5;-160m[AndroidUiautomator2Driver@ff89]&amp#27;[0m Matched '/element' to command name 'findElement'
&amp#27;[38;5;62m[30316744]&amp#27;[0m&amp#27;[38;5;-160m[AndroidUiautomator2Driver@ff89]&amp#27;[0m Proxying [POST /element] to [POST http://127.0.0.1:8200/session/d0ff468e-c3cb-41ee-bbce-30e78ffba3aa/element] with body: {"strategy":"id","selector":"com.androidsample.generalstore:id/nameField","context":"","multiple":false}
&amp#27;[38;5;62m[30316744]&amp#27;[0m&amp#27;[38;5;-160m[AndroidUiautomator2Driver@ff89]&amp#27;[0m Got response with status 200: {"sessionId":"d0ff468e-c3cb-41ee-bbce-30e78ffba3aa","value":{"ELEMENT":"00000000-0000-0018-ffff-ffff0000001c","element-6066-11e4-a52e-4f735466cecf":"00000000-0000-0018-ffff-ffff0000001c"}}
&amp#27;[38;5;62m[30316744]&amp#27;[0m&amp#27;[38;5;-160m[AndroidUiautomator2Driver@ff89]&amp#27;[0m Responding to client with driver.findElement() result: {"element-6066-11e4-a52e-4f735466cecf":"00000000-0000-0018-ffff-ffff0000001c","ELEMENT":"00000000-0000-0018-ffff-ffff0000001c"}
&amp#27;[38;5;62m[30316744]&amp#27;[0m&amp#27;[38;5;86m[HTTP]&amp#27;[0m &amp#27;[37m<-- POST /session/30316744-87bb-4506-a1d8-320ef20d46d7/element &amp#27;[39m&amp#27;[32m200&amp#27;[39m &amp#27;[90m3544 ms - 137&amp#27;[39m &amp#27;[90m&amp#27;[39m
&amp#27;[38;5;62m[30316744]&amp#27;[0m&amp#27;[38;5;86m[HTTP]&amp#27;[0m &amp#27;[37m-->&amp#27;[39m &amp#27;[37mPOST&amp#27;[39m &amp#27;[37m/session/30316744-87bb-4506-a1d8-320ef20d46d7/element/00000000-0000-0018-ffff-ffff0000001c/value&amp#27;[39m &amp#27;[90m{"id":"00000000-0000-0018-ffff-ffff0000001c","value":["S","e","r","b","a","n"," ","M","o","r","a"],"text":"Serban Mora"}&amp#27;[39m
&amp#27;[38;5;62m[30316744]&amp#27;[0m&amp#27;[38;5;-160m[AndroidUiautomator2Driver@ff89]&amp#27;[0m Calling AppiumDriver.setValue() with args: [["S","e","r","b","a","n"," ","M","o","r","a"],"00000000-0000-0018-ffff-ffff0000001c","30316744-87bb-4506-a1d8-320ef20d46d7"]
&amp#27;[38;5;62m[30316744]&amp#27;[0m&amp#27;[38;5;-160m[AndroidUiautomator2Driver@ff89]&amp#27;[0m Matched '/element/00000000-0000-0018-ffff-ffff0000001c/value' to command name 'setValue'
&amp#27;[38;5;62m[30316744]&amp#27;[0m&amp#27;[38;5;-160m[AndroidUiautomator2Driver@ff89]&amp#27;[0m Added 'value' property ["S","e","r","b","a","n"," ","M","o","r","a"] to 'setValue' request body
&amp#27;[38;5;62m[30316744]&amp#27;[0m&amp#27;[38;5;-160m[AndroidUiautomator2Driver@ff89]&amp#27;[0m Proxying [POST /element/00000000-0000-0018-ffff-ffff0000001c/value] to [POST http://127.0.0.1:8200/session/d0ff468e-c3cb-41ee-bbce-30e78ffba3aa/element/00000000-0000-0018-ffff-ffff0000001c/value] with body: {"elementId":"00000000-0000-0018-ffff-ffff0000001c","text":"Serban Mora","replace":false,"value":["S","e","r","b","a","n"," ","M","o","r","a"]}
&amp#27;[38;5;62m[30316744]&amp#27;[0m&amp#27;[38;5;-160m[AndroidUiautomator2Driver@ff89]&amp#27;[0m Got response with status 200: {"sessionId":"d0ff468e-c3cb-41ee-bbce-30e78ffba3aa","value":null}
&amp#27;[38;5;62m[30316744]&amp#27;[0m&amp#27;[38;5;-160m[AndroidUiautomator2Driver@ff89]&amp#27;[0m Responding to client with driver.setValue() result: null
&amp#27;[38;5;62m[30316744]&amp#27;[0m&amp#27;[38;5;86m[HTTP]&amp#27;[0m &amp#27;[37m<-- POST /session/30316744-87bb-4506-a1d8-320ef20d46d7/element/00000000-0000-0018-ffff-ffff0000001c/value &amp#27;[39m&amp#27;[32m200&amp#27;[39m &amp#27;[90m65 ms - 14&amp#27;[39m &amp#27;[90m&amp#27;[39m
&amp#27;[38;5;62m[30316744]&amp#27;[0m&amp#27;[38;5;86m[HTTP]&amp#27;[0m &amp#27;[37m-->&amp#27;[39m &amp#27;[37mPOST&amp#27;[39m &amp#27;[37m/session/30316744-87bb-4506-a1d8-320ef20d46d7/execute/sync&amp#27;[39m &amp#27;[90m{"script":"mobile: hideKeyboard","args":[]}&amp#27;[39m
&amp#27;[38;5;62m[30316744]&amp#27;[0m&amp#27;[38;5;-160m[AndroidUiautomator2Driver@ff89]&amp#27;[0m Calling AppiumDriver.execute() with args: ["mobile: hideKeyboard",[],"30316744-87bb-4506-a1d8-320ef20d46d7"]
&amp#27;[38;5;62m[30316744]&amp#27;[0m&amp#27;[38;5;-160m[AndroidUiautomator2Driver@ff89]&amp#27;[0m Executing native command 'mobile: hideKeyboard'
&amp#27;[38;5;62m[30316744]&amp#27;[0m&amp#27;[38;5;229m[ADB]&amp#27;[0m Running 'C:\Users\lynxt\AppData\Local\Android\Sdk\platform-tools\adb.exe -P 5037 -s emulator-5554 shell dumpsys input_method'
&amp#27;[38;5;62m[30316744]&amp#27;[0m&amp#27;[38;5;229m[ADB]&amp#27;[0m Keyboard has no UI; no closing necessary
&amp#27;[38;5;62m[30316744]&amp#27;[0m&amp#27;[38;5;-160m[AndroidUiautomator2Driver@ff89]&amp#27;[0m Responding to client with driver.execute() result: false
&amp#27;[38;5;62m[30316744]&amp#27;[0m&amp#27;[38;5;86m[HTTP]&amp#27;[0m &amp#27;[37m<-- POST /session/30316744-87bb-4506-a1d8-320ef20d46d7/execute/sync &amp#27;[39m&amp#27;[32m200&amp#27;[39m &amp#27;[90m380 ms - 15&amp#27;[39m &amp#27;[90m&amp#27;[39m
&amp#27;[38;5;62m[30316744]&amp#27;[0m&amp#27;[38;5;86m[HTTP]&amp#27;[0m &amp#27;[37m-->&amp#27;[39m &amp#27;[37mGET&amp#27;[39m &amp#27;[37m/session/30316744-87bb-4506-a1d8-320ef20d46d7/context&amp#27;[39m &amp#27;[90m{}&amp#27;[39m
&amp#27;[38;5;62m[30316744]&amp#27;[0m&amp#27;[38;5;-160m[AndroidUiautomator2Driver@ff89]&amp#27;[0m Calling AppiumDriver.getCurrentContext() with args: ["30316744-87bb-4506-a1d8-320ef20d46d7"]
&amp#27;[38;5;62m[30316744]&amp#27;[0m&amp#27;[38;5;-160m[AndroidUiautomator2Driver@ff89]&amp#27;[0m Responding to client with driver.getCurrentContext() result: "NATIVE_APP"
&amp#27;[38;5;62m[30316744]&amp#27;[0m&amp#27;[38;5;86m[HTTP]&amp#27;[0m &amp#27;[37m<-- GET /session/30316744-87bb-4506-a1d8-320ef20d46d7/context &amp#27;[39m&amp#27;[32m200&amp#27;[39m &amp#27;[90m1 ms - 22&amp#27;[39m &amp#27;[90m&amp#27;[39m
&amp#27;[38;5;62m[30316744]&amp#27;[0m&amp#27;[38;5;86m[HTTP]&amp#27;[0m &amp#27;[37m-->&amp#27;[39m &amp#27;[37mPOST&amp#27;[39m &amp#27;[37m/session/30316744-87bb-4506-a1d8-320ef20d46d7/element&amp#27;[39m &amp#27;[90m{"using":"id","value":"com.androidsample.generalstore:id/radioMale"}&amp#27;[39m
&amp#27;[38;5;62m[30316744]&amp#27;[0m&amp#27;[38;5;-160m[AndroidUiautomator2Driver@ff89]&amp#27;[0m Calling AppiumDriver.findElement() with args: ["id","com.androidsample.generalstore:id/radioMale","30316744-87bb-4506-a1d8-320ef20d46d7"]
&amp#27;[38;5;62m[30316744]&amp#27;[0m&amp#27;[38;5;-160m[AndroidUiautomator2Driver@ff89]&amp#27;[0m Valid locator strategies for this request: xpath, id, class name, accessibility id, css selector, -android uiautomator
&amp#27;[38;5;62m[30316744]&amp#27;[0m&amp#27;[38;5;-160m[AndroidUiautomator2Driver@ff89]&amp#27;[0m Waiting up to 15000 ms for condition
&amp#27;[38;5;62m[30316744]&amp#27;[0m&amp#27;[38;5;-160m[AndroidUiautomator2Driver@ff89]&amp#27;[0m Matched '/element' to command name 'findElement'
&amp#27;[38;5;62m[30316744]&amp#27;[0m&amp#27;[38;5;-160m[AndroidUiautomator2Driver@ff89]&amp#27;[0m Proxying [POST /element] to [POST http://127.0.0.1:8200/session/d0ff468e-c3cb-41ee-bbce-30e78ffba3aa/element] with body: {"strategy":"id","selector":"com.androidsample.generalstore:id/radioMale","context":"","multiple":false}
&amp#27;[38;5;62m[30316744]&amp#27;[0m&amp#27;[38;5;-160m[AndroidUiautomator2Driver@ff89]&amp#27;[0m Got response with status 200: {"sessionId":"d0ff468e-c3cb-41ee-bbce-30e78ffba3aa","value":{"ELEMENT":"00000000-0000-0018-ffff-ffff0000001f","element-6066-11e4-a52e-4f735466cecf":"00000000-0000-0018-ffff-ffff0000001f"}}
&amp#27;[38;5;62m[30316744]&amp#27;[0m&amp#27;[38;5;-160m[AndroidUiautomator2Driver@ff89]&amp#27;[0m Responding to client with driver.findElement() result: {"element-6066-11e4-a52e-4f735466cecf":"00000000-0000-0018-ffff-ffff0000001f","ELEMENT":"00000000-0000-0018-ffff-ffff0000001f"}
&amp#27;[38;5;62m[30316744]&amp#27;[0m&amp#27;[38;5;86m[HTTP]&amp#27;[0m &amp#27;[37m<-- POST /session/30316744-87bb-4506-a1d8-320ef20d46d7/element &amp#27;[39m&amp#27;[32m200&amp#27;[39m &amp#27;[90m118 ms - 137&amp#27;[39m &amp#27;[90m&amp#27;[39m
&amp#27;[38;5;62m[30316744]&amp#27;[0m&amp#27;[38;5;86m[HTTP]&amp#27;[0m &amp#27;[37m-->&amp#27;[39m &amp#27;[37mPOST&amp#27;[39m &amp#27;[37m/session/30316744-87bb-4506-a1d8-320ef20d46d7/element/00000000-0000-0018-ffff-ffff0000001f/click&amp#27;[39m &amp#27;[90m{"id":"00000000-0000-0018-ffff-ffff0000001f"}&amp#27;[39m
&amp#27;[38;5;62m[30316744]&amp#27;[0m&amp#27;[38;5;-160m[AndroidUiautomator2Driver@ff89]&amp#27;[0m Calling AppiumDriver.click() with args: ["00000000-0000-0018-ffff-ffff0000001f","30316744-87bb-4506-a1d8-320ef20d46d7"]
&amp#27;[38;5;62m[30316744]&amp#27;[0m&amp#27;[38;5;-160m[AndroidUiautomator2Driver@ff89]&amp#27;[0m Matched '/element/00000000-0000-0018-ffff-ffff0000001f/click' to command name 'click'
&amp#27;[38;5;62m[30316744]&amp#27;[0m&amp#27;[38;5;-160m[AndroidUiautomator2Driver@ff89]&amp#27;[0m Proxying [POST /element/00000000-0000-0018-ffff-ffff0000001f/click] to [POST http://127.0.0.1:8200/session/d0ff468e-c3cb-41ee-bbce-30e78ffba3aa/element/00000000-0000-0018-ffff-ffff0000001f/click] with body: {"element":"00000000-0000-0018-ffff-ffff0000001f"}
&amp#27;[38;5;62m[30316744]&amp#27;[0m&amp#27;[38;5;-160m[AndroidUiautomator2Driver@ff89]&amp#27;[0m Got response with status 200: {"sessionId":"d0ff468e-c3cb-41ee-bbce-30e78ffba3aa","value":null}
&amp#27;[38;5;62m[30316744]&amp#27;[0m&amp#27;[38;5;-160m[AndroidUiautomator2Driver@ff89]&amp#27;[0m Responding to client with driver.click() result: null
&amp#27;[38;5;62m[30316744]&amp#27;[0m&amp#27;[38;5;86m[HTTP]&amp#27;[0m &amp#27;[37m<-- POST /session/30316744-87bb-4506-a1d8-320ef20d46d7/element/00000000-0000-0018-ffff-ffff0000001f/click &amp#27;[39m&amp#27;[32m200&amp#27;[39m &amp#27;[90m84 ms - 14&amp#27;[39m &amp#27;[90m&amp#27;[39m
&amp#27;[38;5;62m[30316744]&amp#27;[0m&amp#27;[38;5;86m[HTTP]&amp#27;[0m &amp#27;[37m-->&amp#27;[39m &amp#27;[37mGET&amp#27;[39m &amp#27;[37m/session/30316744-87bb-4506-a1d8-320ef20d46d7/context&amp#27;[39m &amp#27;[90m{}&amp#27;[39m
&amp#27;[38;5;62m[30316744]&amp#27;[0m&amp#27;[38;5;-160m[AndroidUiautomator2Driver@ff89]&amp#27;[0m Calling AppiumDriver.getCurrentContext() with args: ["30316744-87bb-4506-a1d8-320ef20d46d7"]
&amp#27;[38;5;62m[30316744]&amp#27;[0m&amp#27;[38;5;-160m[AndroidUiautomator2Driver@ff89]&amp#27;[0m Responding to client with driver.getCurrentContext() result: "NATIVE_APP"
&amp#27;[38;5;62m[30316744]&amp#27;[0m&amp#27;[38;5;86m[HTTP]&amp#27;[0m &amp#27;[37m<-- GET /session/30316744-87bb-4506-a1d8-320ef20d46d7/context &amp#27;[39m&amp#27;[32m200&amp#27;[39m &amp#27;[90m1 ms - 22&amp#27;[39m &amp#27;[90m&amp#27;[39m
&amp#27;[38;5;62m[30316744]&amp#27;[0m&amp#27;[38;5;86m[HTTP]&amp#27;[0m &amp#27;[37m-->&amp#27;[39m &amp#27;[37mPOST&amp#27;[39m &amp#27;[37m/session/30316744-87bb-4506-a1d8-320ef20d46d7/element&amp#27;[39m &amp#27;[90m{"using":"id","value":"com.androidsample.generalstore:id/spinnerCountry"}&amp#27;[39m
&amp#27;[38;5;62m[30316744]&amp#27;[0m&amp#27;[38;5;-160m[AndroidUiautomator2Driver@ff89]&amp#27;[0m Calling AppiumDriver.findElement() with args: ["id","com.androidsample.generalstore:id/spinnerCountry","30316744-87bb-4506-a1d8-320ef20d46d7"]
&amp#27;[38;5;62m[30316744]&amp#27;[0m&amp#27;[38;5;-160m[AndroidUiautomator2Driver@ff89]&amp#27;[0m Valid locator strategies for this request: xpath, id, class name, accessibility id, css selector, -android uiautomator
&amp#27;[38;5;62m[30316744]&amp#27;[0m&amp#27;[38;5;-160m[AndroidUiautomator2Driver@ff89]&amp#27;[0m Waiting up to 15000 ms for condition
&amp#27;[38;5;62m[30316744]&amp#27;[0m&amp#27;[38;5;-160m[AndroidUiautomator2Driver@ff89]&amp#27;[0m Matched '/element' to command name 'findElement'
&amp#27;[38;5;62m[30316744]&amp#27;[0m&amp#27;[38;5;-160m[AndroidUiautomator2Driver@ff89]&amp#27;[0m Proxying [POST /element] to [POST http://127.0.0.1:8200/session/d0ff468e-c3cb-41ee-bbce-30e78ffba3aa/element] with body: {"strategy":"id","selector":"com.androidsample.generalstore:id/spinnerCountry","context":"","multiple":false}
&amp#27;[38;5;62m[30316744]&amp#27;[0m&amp#27;[38;5;-160m[AndroidUiautomator2Driver@ff89]&amp#27;[0m Got response with status 200: {"sessionId":"d0ff468e-c3cb-41ee-bbce-30e78ffba3aa","value":{"ELEMENT":"00000000-0000-0018-ffff-ffff0000001a","element-6066-11e4-a52e-4f735466cecf":"00000000-0000-0018-ffff-ffff0000001a"}}
&amp#27;[38;5;62m[30316744]&amp#27;[0m&amp#27;[38;5;-160m[AndroidUiautomator2Driver@ff89]&amp#27;[0m Responding to client with driver.findElement() result: {"element-6066-11e4-a52e-4f735466cecf":"00000000-0000-0018-ffff-ffff0000001a","ELEMENT":"00000000-0000-0018-ffff-ffff0000001a"}
&amp#27;[38;5;62m[30316744]&amp#27;[0m&amp#27;[38;5;86m[HTTP]&amp#27;[0m &amp#27;[37m<-- POST /session/30316744-87bb-4506-a1d8-320ef20d46d7/element &amp#27;[39m&amp#27;[32m200&amp#27;[39m &amp#27;[90m477 ms - 137&amp#27;[39m &amp#27;[90m&amp#27;[39m
&amp#27;[38;5;62m[30316744]&amp#27;[0m&amp#27;[38;5;86m[HTTP]&amp#27;[0m &amp#27;[37m-->&amp#27;[39m &amp#27;[37mPOST&amp#27;[39m &amp#27;[37m/session/30316744-87bb-4506-a1d8-320ef20d46d7/element/00000000-0000-0018-ffff-ffff0000001a/click&amp#27;[39m &amp#27;[90m{"id":"00000000-0000-0018-ffff-ffff0000001a"}&amp#27;[39m
&amp#27;[38;5;62m[30316744]&amp#27;[0m&amp#27;[38;5;-160m[AndroidUiautomator2Driver@ff89]&amp#27;[0m Calling AppiumDriver.click() with args: ["00000000-0000-0018-ffff-ffff0000001a","30316744-87bb-4506-a1d8-320ef20d46d7"]
&amp#27;[38;5;62m[30316744]&amp#27;[0m&amp#27;[38;5;-160m[AndroidUiautomator2Driver@ff89]&amp#27;[0m Matched '/element/00000000-0000-0018-ffff-ffff0000001a/click' to command name 'click'
&amp#27;[38;5;62m[30316744]&amp#27;[0m&amp#27;[38;5;-160m[AndroidUiautomator2Driver@ff89]&amp#27;[0m Proxying [POST /element/00000000-0000-0018-ffff-ffff0000001a/click] to [POST http://127.0.0.1:8200/session/d0ff468e-c3cb-41ee-bbce-30e78ffba3aa/element/00000000-0000-0018-ffff-ffff0000001a/click] with body: {"element":"00000000-0000-0018-ffff-ffff0000001a"}
&amp#27;[38;5;62m[30316744]&amp#27;[0m&amp#27;[38;5;-160m[AndroidUiautomator2Driver@ff89]&amp#27;[0m Got response with status 200: {"sessionId":"d0ff468e-c3cb-41ee-bbce-30e78ffba3aa","value":null}
&amp#27;[38;5;62m[30316744]&amp#27;[0m&amp#27;[38;5;-160m[AndroidUiautomator2Driver@ff89]&amp#27;[0m Responding to client with driver.click() result: null
&amp#27;[38;5;62m[30316744]&amp#27;[0m&amp#27;[38;5;86m[HTTP]&amp#27;[0m &amp#27;[37m<-- POST /session/30316744-87bb-4506-a1d8-320ef20d46d7/element/00000000-0000-0018-ffff-ffff0000001a/click &amp#27;[39m&amp#27;[32m200&amp#27;[39m &amp#27;[90m48 ms - 14&amp#27;[39m &amp#27;[90m&amp#27;[39m
&amp#27;[38;5;62m[30316744]&amp#27;[0m&amp#27;[38;5;86m[HTTP]&amp#27;[0m &amp#27;[37m-->&amp#27;[39m &amp#27;[37mPOST&amp#27;[39m &amp#27;[37m/session/30316744-87bb-4506-a1d8-320ef20d46d7/element&amp#27;[39m &amp#27;[90m{"using":"-android uiautomator","value":"new UiScrollable(new UiSelector()).scrollIntoView(text(\"Argentina\"));"}&amp#27;[39m
&amp#27;[38;5;62m[30316744]&amp#27;[0m&amp#27;[38;5;-160m[AndroidUiautomator2Driver@ff89]&amp#27;[0m Calling AppiumDriver.findElement() with args: ["-android uiautomator","new UiScrollable(new UiSelector()).scrollIntoView(text(\"Argentina\"));","30316744-87bb-4506-a1d8-320ef20d46d7"]
&amp#27;[38;5;62m[30316744]&amp#27;[0m&amp#27;[38;5;-160m[AndroidUiautomator2Driver@ff89]&amp#27;[0m Valid locator strategies for this request: xpath, id, class name, accessibility id, css selector, -android uiautomator
&amp#27;[38;5;62m[30316744]&amp#27;[0m&amp#27;[38;5;-160m[AndroidUiautomator2Driver@ff89]&amp#27;[0m Waiting up to 15000 ms for condition
&amp#27;[38;5;62m[30316744]&amp#27;[0m&amp#27;[38;5;-160m[AndroidUiautomator2Driver@ff89]&amp#27;[0m Matched '/element' to command name 'findElement'
&amp#27;[38;5;62m[30316744]&amp#27;[0m&amp#27;[38;5;-160m[AndroidUiautomator2Driver@ff89]&amp#27;[0m Proxying [POST /element] to [POST http://127.0.0.1:8200/session/d0ff468e-c3cb-41ee-bbce-30e78ffba3aa/element] with body: {"strategy":"-android uiautomator","selector":"new UiScrollable(new UiSelector()).scrollIntoView(text(\"Argentina\"));","context":"","multiple":false}
&amp#27;[38;5;62m[30316744]&amp#27;[0m&amp#27;[38;5;-160m[AndroidUiautomator2Driver@ff89]&amp#27;[0m Got response with status 200: {"sessionId":"d0ff468e-c3cb-41ee-bbce-30e78ffba3aa","value":{"ELEMENT":"00000000-0000-0019-ffff-ffff00000032","element-6066-11e4-a52e-4f735466cecf":"00000000-0000-0019-ffff-ffff00000032"}}
&amp#27;[38;5;62m[30316744]&amp#27;[0m&amp#27;[38;5;-160m[AndroidUiautomator2Driver@ff89]&amp#27;[0m Responding to client with driver.findElement() result: {"element-6066-11e4-a52e-4f735466cecf":"00000000-0000-0019-ffff-ffff00000032","ELEMENT":"00000000-0000-0019-ffff-ffff00000032"}
&amp#27;[38;5;62m[30316744]&amp#27;[0m&amp#27;[38;5;86m[HTTP]&amp#27;[0m &amp#27;[37m<-- POST /session/30316744-87bb-4506-a1d8-320ef20d46d7/element &amp#27;[39m&amp#27;[32m200&amp#27;[39m &amp#27;[90m943 ms - 137&amp#27;[39m &amp#27;[90m&amp#27;[39m
&amp#27;[38;5;62m[30316744]&amp#27;[0m&amp#27;[38;5;86m[HTTP]&amp#27;[0m &amp#27;[37m-->&amp#27;[39m &amp#27;[37mPOST&amp#27;[39m &amp#27;[37m/session/30316744-87bb-4506-a1d8-320ef20d46d7/element&amp#27;[39m &amp#27;[90m{"using":"xpath","value":"//android.widget.TextView[@text='Argentina']"}&amp#27;[39m
&amp#27;[38;5;62m[30316744]&amp#27;[0m&amp#27;[38;5;-160m[AndroidUiautomator2Driver@ff89]&amp#27;[0m Calling AppiumDriver.findElement() with args: ["xpath","//android.widget.TextView[@text='Argentina']","30316744-87bb-4506-a1d8-320ef20d46d7"]
&amp#27;[38;5;62m[30316744]&amp#27;[0m&amp#27;[38;5;-160m[AndroidUiautomator2Driver@ff89]&amp#27;[0m Valid locator strategies for this request: xpath, id, class name, accessibility id, css selector, -android uiautomator
&amp#27;[38;5;62m[30316744]&amp#27;[0m&amp#27;[38;5;-160m[AndroidUiautomator2Driver@ff89]&amp#27;[0m Waiting up to 15000 ms for condition
&amp#27;[38;5;62m[30316744]&amp#27;[0m&amp#27;[38;5;-160m[AndroidUiautomator2Driver@ff89]&amp#27;[0m Matched '/element' to command name 'findElement'
&amp#27;[38;5;62m[30316744]&amp#27;[0m&amp#27;[38;5;-160m[AndroidUiautomator2Driver@ff89]&amp#27;[0m Proxying [POST /element] to [POST http://127.0.0.1:8200/session/d0ff468e-c3cb-41ee-bbce-30e78ffba3aa/element] with body: {"strategy":"xpath","selector":"//android.widget.TextView[@text='Argentina']","context":"","multiple":false}
&amp#27;[38;5;62m[30316744]&amp#27;[0m&amp#27;[38;5;-160m[AndroidUiautomator2Driver@ff89]&amp#27;[0m Got response with status 200: {"sessionId":"d0ff468e-c3cb-41ee-bbce-30e78ffba3aa","value":{"ELEMENT":"00000000-0000-0019-ffff-ffff00000032","element-6066-11e4-a52e-4f735466cecf":"00000000-0000-0019-ffff-ffff00000032"}}
&amp#27;[38;5;62m[30316744]&amp#27;[0m&amp#27;[38;5;-160m[AndroidUiautomator2Driver@ff89]&amp#27;[0m Responding to client with driver.findElement() result: {"element-6066-11e4-a52e-4f735466cecf":"00000000-0000-0019-ffff-ffff00000032","ELEMENT":"00000000-0000-0019-ffff-ffff00000032"}
&amp#27;[38;5;62m[30316744]&amp#27;[0m&amp#27;[38;5;86m[HTTP]&amp#27;[0m &amp#27;[37m<-- POST /session/30316744-87bb-4506-a1d8-320ef20d46d7/element &amp#27;[39m&amp#27;[32m200&amp#27;[39m &amp#27;[90m363 ms - 137&amp#27;[39m &amp#27;[90m&amp#27;[39m
&amp#27;[38;5;62m[30316744]&amp#27;[0m&amp#27;[38;5;86m[HTTP]&amp#27;[0m &amp#27;[37m-->&amp#27;[39m &amp#27;[37mPOST&amp#27;[39m &amp#27;[37m/session/30316744-87bb-4506-a1d8-320ef20d46d7/element/00000000-0000-0019-ffff-ffff00000032/click&amp#27;[39m &amp#27;[90m{"id":"00000000-0000-0019-ffff-ffff00000032"}&amp#27;[39m
&amp#27;[38;5;62m[30316744]&amp#27;[0m&amp#27;[38;5;-160m[AndroidUiautomator2Driver@ff89]&amp#27;[0m Calling AppiumDriver.click() with args: ["00000000-0000-0019-ffff-ffff00000032","30316744-87bb-4506-a1d8-320ef20d46d7"]
&amp#27;[38;5;62m[30316744]&amp#27;[0m&amp#27;[38;5;-160m[AndroidUiautomator2Driver@ff89]&amp#27;[0m Matched '/element/00000000-0000-0019-ffff-ffff00000032/click' to command name 'click'
&amp#27;[38;5;62m[30316744]&amp#27;[0m&amp#27;[38;5;-160m[AndroidUiautomator2Driver@ff89]&amp#27;[0m Proxying [POST /element/00000000-0000-0019-ffff-ffff00000032/click] to [POST http://127.0.0.1:8200/session/d0ff468e-c3cb-41ee-bbce-30e78ffba3aa/element/00000000-0000-0019-ffff-ffff00000032/click] with body: {"element":"00000000-0000-0019-ffff-ffff00000032"}
&amp#27;[38;5;62m[30316744]&amp#27;[0m&amp#27;[38;5;-160m[AndroidUiautomator2Driver@ff89]&amp#27;[0m Got response with status 200: {"sessionId":"d0ff468e-c3cb-41ee-bbce-30e78ffba3aa","value":null}
&amp#27;[38;5;62m[30316744]&amp#27;[0m&amp#27;[38;5;-160m[AndroidUiautomator2Driver@ff89]&amp#27;[0m Responding to client with driver.click() result: null
&amp#27;[38;5;62m[30316744]&amp#27;[0m&amp#27;[38;5;86m[HTTP]&amp#27;[0m &amp#27;[37m<-- POST /session/30316744-87bb-4506-a1d8-320ef20d46d7/element/00000000-0000-0019-ffff-ffff00000032/click &amp#27;[39m&amp#27;[32m200&amp#27;[39m &amp#27;[90m694 ms - 14&amp#27;[39m &amp#27;[90m&amp#27;[39m
&amp#27;[38;5;62m[30316744]&amp#27;[0m&amp#27;[38;5;86m[HTTP]&amp#27;[0m &amp#27;[37m-->&amp#27;[39m &amp#27;[37mGET&amp#27;[39m &amp#27;[37m/session/30316744-87bb-4506-a1d8-320ef20d46d7/context&amp#27;[39m &amp#27;[90m{}&amp#27;[39m
&amp#27;[38;5;62m[30316744]&amp#27;[0m&amp#27;[38;5;-160m[AndroidUiautomator2Driver@ff89]&amp#27;[0m Calling AppiumDriver.getCurrentContext() with args: ["30316744-87bb-4506-a1d8-320ef20d46d7"]
&amp#27;[38;5;62m[30316744]&amp#27;[0m&amp#27;[38;5;-160m[AndroidUiautomator2Driver@ff89]&amp#27;[0m Responding to client with driver.getCurrentContext() result: "NATIVE_APP"
&amp#27;[38;5;62m[30316744]&amp#27;[0m&amp#27;[38;5;86m[HTTP]&amp#27;[0m &amp#27;[37m<-- GET /session/30316744-87bb-4506-a1d8-320ef20d46d7/context &amp#27;[39m&amp#27;[32m200&amp#27;[39m &amp#27;[90m1 ms - 22&amp#27;[39m &amp#27;[90m&amp#27;[39m
&amp#27;[38;5;62m[30316744]&amp#27;[0m&amp#27;[38;5;86m[HTTP]&amp#27;[0m &amp#27;[37m-->&amp#27;[39m &amp#27;[37mPOST&amp#27;[39m &amp#27;[37m/session/30316744-87bb-4506-a1d8-320ef20d46d7/element&amp#27;[39m &amp#27;[90m{"using":"id","value":"com.androidsample.generalstore:id/btnLetsShop"}&amp#27;[39m
&amp#27;[38;5;62m[30316744]&amp#27;[0m&amp#27;[38;5;-160m[AndroidUiautomator2Driver@ff89]&amp#27;[0m Calling AppiumDriver.findElement() with args: ["id","com.androidsample.generalstore:id/btnLetsShop","30316744-87bb-4506-a1d8-320ef20d46d7"]
&amp#27;[38;5;62m[30316744]&amp#27;[0m&amp#27;[38;5;-160m[AndroidUiautomator2Driver@ff89]&amp#27;[0m Valid locator strategies for this request: xpath, id, class name, accessibility id, css selector, -android uiautomator
&amp#27;[38;5;62m[30316744]&amp#27;[0m&amp#27;[38;5;-160m[AndroidUiautomator2Driver@ff89]&amp#27;[0m Waiting up to 15000 ms for condition
&amp#27;[38;5;62m[30316744]&amp#27;[0m&amp#27;[38;5;-160m[AndroidUiautomator2Driver@ff89]&amp#27;[0m Matched '/element' to command name 'findElement'
&amp#27;[38;5;62m[30316744]&amp#27;[0m&amp#27;[38;5;-160m[AndroidUiautomator2Driver@ff89]&amp#27;[0m Proxying [POST /element] to [POST http://127.0.0.1:8200/session/d0ff468e-c3cb-41ee-bbce-30e78ffba3aa/element] with body: {"strategy":"id","selector":"com.androidsample.generalstore:id/btnLetsShop","context":"","multiple":false}
&amp#27;[38;5;62m[30316744]&amp#27;[0m&amp#27;[38;5;-160m[AndroidUiautomator2Driver@ff89]&amp#27;[0m Got response with status 200: {"sessionId":"d0ff468e-c3cb-41ee-bbce-30e78ffba3aa","value":{"ELEMENT":"00000000-0000-0018-ffff-ffff00000021","element-6066-11e4-a52e-4f735466cecf":"00000000-0000-0018-ffff-ffff00000021"}}
&amp#27;[38;5;62m[30316744]&amp#27;[0m&amp#27;[38;5;-160m[AndroidUiautomator2Driver@ff89]&amp#27;[0m Responding to client with driver.findElement() result: {"element-6066-11e4-a52e-4f735466cecf":"00000000-0000-0018-ffff-ffff00000021","ELEMENT":"00000000-0000-0018-ffff-ffff00000021"}
&amp#27;[38;5;62m[30316744]&amp#27;[0m&amp#27;[38;5;86m[HTTP]&amp#27;[0m &amp#27;[37m<-- POST /session/30316744-87bb-4506-a1d8-320ef20d46d7/element &amp#27;[39m&amp#27;[32m200&amp#27;[39m &amp#27;[90m16 ms - 137&amp#27;[39m &amp#27;[90m&amp#27;[39m
&amp#27;[38;5;62m[30316744]&amp#27;[0m&amp#27;[38;5;86m[HTTP]&amp#27;[0m &amp#27;[37m-->&amp#27;[39m &amp#27;[37mPOST&amp#27;[39m &amp#27;[37m/session/30316744-87bb-4506-a1d8-320ef20d46d7/element/00000000-0000-0018-ffff-ffff00000021/click&amp#27;[39m &amp#27;[90m{"id":"00000000-0000-0018-ffff-ffff00000021"}&amp#27;[39m
&amp#27;[38;5;62m[30316744]&amp#27;[0m&amp#27;[38;5;-160m[AndroidUiautomator2Driver@ff89]&amp#27;[0m Calling AppiumDriver.click() with args: ["00000000-0000-0018-ffff-ffff00000021","30316744-87bb-4506-a1d8-320ef20d46d7"]
&amp#27;[38;5;62m[30316744]&amp#27;[0m&amp#27;[38;5;-160m[AndroidUiautomator2Driver@ff89]&amp#27;[0m Matched '/element/00000000-0000-0018-ffff-ffff00000021/click' to command name 'click'
&amp#27;[38;5;62m[30316744]&amp#27;[0m&amp#27;[38;5;-160m[AndroidUiautomator2Driver@ff89]&amp#27;[0m Proxying [POST /element/00000000-0000-0018-ffff-ffff00000021/click] to [POST http://127.0.0.1:8200/session/d0ff468e-c3cb-41ee-bbce-30e78ffba3aa/element/00000000-0000-0018-ffff-ffff00000021/click] with body: {"element":"00000000-0000-0018-ffff-ffff00000021"}
&amp#27;[38;5;62m[30316744]&amp#27;[0m&amp#27;[38;5;-160m[AndroidUiautomator2Driver@ff89]&amp#27;[0m Got response with status 200: {"sessionId":"d0ff468e-c3cb-41ee-bbce-30e78ffba3aa","value":null}
&amp#27;[38;5;62m[30316744]&amp#27;[0m&amp#27;[38;5;-160m[AndroidUiautomator2Driver@ff89]&amp#27;[0m Responding to client with driver.click() result: null
&amp#27;[38;5;62m[30316744]&amp#27;[0m&amp#27;[38;5;86m[HTTP]&amp#27;[0m &amp#27;[37m<-- POST /session/30316744-87bb-4506-a1d8-320ef20d46d7/element/00000000-0000-0018-ffff-ffff00000021/click &amp#27;[39m&amp#27;[32m200&amp#27;[39m &amp#27;[90m61 ms - 14&amp#27;[39m &amp#27;[90m&amp#27;[39m
]]></system-out>
    <system-err><![CDATA[SLF4J(W): No SLF4J providers were found.
SLF4J(W): Defaulting to no-operation (NOP) logger implementation
SLF4J(W): See https://www.slf4j.org/codes.html#noProviders for further details.
]]></system-err>
  </testcase>
  <testcase name="productCatalogue" classname="GeneralStore.TestCases.TestExecution" time="10.793">
    <system-out><![CDATA[&amp#27;[38;5;62m[30316744]&amp#27;[0m&amp#27;[38;5;86m[HTTP]&amp#27;[0m &amp#27;[37m-->&amp#27;[39m &amp#27;[37mGET&amp#27;[39m &amp#27;[37m/session/30316744-87bb-4506-a1d8-320ef20d46d7/context&amp#27;[39m &amp#27;[90m{}&amp#27;[39m
&amp#27;[38;5;62m[30316744]&amp#27;[0m&amp#27;[38;5;-160m[AndroidUiautomator2Driver@ff89]&amp#27;[0m Calling AppiumDriver.getCurrentContext() with args: ["30316744-87bb-4506-a1d8-320ef20d46d7"]
&amp#27;[38;5;62m[30316744]&amp#27;[0m&amp#27;[38;5;-160m[AndroidUiautomator2Driver@ff89]&amp#27;[0m Responding to client with driver.getCurrentContext() result: "NATIVE_APP"
&amp#27;[38;5;62m[30316744]&amp#27;[0m&amp#27;[38;5;86m[HTTP]&amp#27;[0m &amp#27;[37m<-- GET /session/30316744-87bb-4506-a1d8-320ef20d46d7/context &amp#27;[39m&amp#27;[32m200&amp#27;[39m &amp#27;[90m1 ms - 22&amp#27;[39m &amp#27;[90m&amp#27;[39m
&amp#27;[38;5;62m[30316744]&amp#27;[0m&amp#27;[38;5;86m[HTTP]&amp#27;[0m &amp#27;[37m-->&amp#27;[39m &amp#27;[37mPOST&amp#27;[39m &amp#27;[37m/session/30316744-87bb-4506-a1d8-320ef20d46d7/elements&amp#27;[39m &amp#27;[90m{"using":"id","value":"com.androidsample.generalstore:id/productName"}&amp#27;[39m
&amp#27;[38;5;62m[30316744]&amp#27;[0m&amp#27;[38;5;-160m[AndroidUiautomator2Driver@ff89]&amp#27;[0m Calling AppiumDriver.findElements() with args: ["id","com.androidsample.generalstore:id/productName","30316744-87bb-4506-a1d8-320ef20d46d7"]
&amp#27;[38;5;62m[30316744]&amp#27;[0m&amp#27;[38;5;-160m[AndroidUiautomator2Driver@ff89]&amp#27;[0m Valid locator strategies for this request: xpath, id, class name, accessibility id, css selector, -android uiautomator
&amp#27;[38;5;62m[30316744]&amp#27;[0m&amp#27;[38;5;-160m[AndroidUiautomator2Driver@ff89]&amp#27;[0m Waiting up to 15000 ms for condition
&amp#27;[38;5;62m[30316744]&amp#27;[0m&amp#27;[38;5;-160m[AndroidUiautomator2Driver@ff89]&amp#27;[0m Matched '/elements' to command name 'findElements'
&amp#27;[38;5;62m[30316744]&amp#27;[0m&amp#27;[38;5;-160m[AndroidUiautomator2Driver@ff89]&amp#27;[0m Proxying [POST /elements] to [POST http://127.0.0.1:8200/session/d0ff468e-c3cb-41ee-bbce-30e78ffba3aa/elements] with body: {"strategy":"id","selector":"com.androidsample.generalstore:id/productName","context":"","multiple":true}
&amp#27;[38;5;62m[30316744]&amp#27;[0m&amp#27;[38;5;-160m[AndroidUiautomator2Driver@ff89]&amp#27;[0m Got response with status 200: {"sessionId":"d0ff468e-c3cb-41ee-bbce-30e78ffba3aa","value":[{"ELEMENT":"00000000-0000-001a-ffff-ffff0000004d","element-6066-11e4-a52e-4f735466cecf":"00000000-0000-001a-ffff-ffff0000004d"},{"ELEMENT":"00000000-0000-001a-ffff-ffff00000055","element-6066-11e4-a52e-4f735466cecf":"00000000-0000-001a-ffff-ffff00000055"}]}
&amp#27;[38;5;62m[30316744]&amp#27;[0m&amp#27;[38;5;-160m[AndroidUiautomator2Driver@ff89]&amp#27;[0m Responding to client with driver.findElements() result: [{"element-6066-11e4-a52e-4f735466cecf":"00000000-0000-001a-ffff-ffff0000004d","ELEMENT":"00000000-0000-001a-ffff-ffff0000004d"},{"element-6066-11e4-a52e-4f735466cecf":"00000000-0000-001a-ffff-ffff00000055","ELEMENT":"00000000-0000-001a-ffff-ffff00000055"}]
&amp#27;[38;5;62m[30316744]&amp#27;[0m&amp#27;[38;5;86m[HTTP]&amp#27;[0m &amp#27;[37m<-- POST /session/30316744-87bb-4506-a1d8-320ef20d46d7/elements &amp#27;[39m&amp#27;[32m200&amp#27;[39m &amp#27;[90m1181 ms - 267&amp#27;[39m &amp#27;[90m&amp#27;[39m
&amp#27;[38;5;62m[30316744]&amp#27;[0m&amp#27;[38;5;86m[HTTP]&amp#27;[0m &amp#27;[37m-->&amp#27;[39m &amp#27;[37mGET&amp#27;[39m &amp#27;[37m/session/30316744-87bb-4506-a1d8-320ef20d46d7/context&amp#27;[39m &amp#27;[90m{}&amp#27;[39m
&amp#27;[38;5;62m[30316744]&amp#27;[0m&amp#27;[38;5;-160m[AndroidUiautomator2Driver@ff89]&amp#27;[0m Calling AppiumDriver.getCurrentContext() with args: ["30316744-87bb-4506-a1d8-320ef20d46d7"]
&amp#27;[38;5;62m[30316744]&amp#27;[0m&amp#27;[38;5;-160m[AndroidUiautomator2Driver@ff89]&amp#27;[0m Responding to client with driver.getCurrentContext() result: "NATIVE_APP"
&amp#27;[38;5;62m[30316744]&amp#27;[0m&amp#27;[38;5;86m[HTTP]&amp#27;[0m &amp#27;[37m<-- GET /session/30316744-87bb-4506-a1d8-320ef20d46d7/context &amp#27;[39m&amp#27;[32m200&amp#27;[39m &amp#27;[90m1 ms - 22&amp#27;[39m &amp#27;[90m&amp#27;[39m
&amp#27;[38;5;62m[30316744]&amp#27;[0m&amp#27;[38;5;86m[HTTP]&amp#27;[0m &amp#27;[37m-->&amp#27;[39m &amp#27;[37mPOST&amp#27;[39m &amp#27;[37m/session/30316744-87bb-4506-a1d8-320ef20d46d7/elements&amp#27;[39m &amp#27;[90m{"using":"id","value":"com.androidsample.generalstore:id/productName"}&amp#27;[39m
&amp#27;[38;5;62m[30316744]&amp#27;[0m&amp#27;[38;5;-160m[AndroidUiautomator2Driver@ff89]&amp#27;[0m Calling AppiumDriver.findElements() with args: ["id","com.androidsample.generalstore:id/productName","30316744-87bb-4506-a1d8-320ef20d46d7"]
&amp#27;[38;5;62m[30316744]&amp#27;[0m&amp#27;[38;5;-160m[AndroidUiautomator2Driver@ff89]&amp#27;[0m Valid locator strategies for this request: xpath, id, class name, accessibility id, css selector, -android uiautomator
&amp#27;[38;5;62m[30316744]&amp#27;[0m&amp#27;[38;5;-160m[AndroidUiautomator2Driver@ff89]&amp#27;[0m Waiting up to 15000 ms for condition
&amp#27;[38;5;62m[30316744]&amp#27;[0m&amp#27;[38;5;-160m[AndroidUiautomator2Driver@ff89]&amp#27;[0m Matched '/elements' to command name 'findElements'
&amp#27;[38;5;62m[30316744]&amp#27;[0m&amp#27;[38;5;-160m[AndroidUiautomator2Driver@ff89]&amp#27;[0m Proxying [POST /elements] to [POST http://127.0.0.1:8200/session/d0ff468e-c3cb-41ee-bbce-30e78ffba3aa/elements] with body: {"strategy":"id","selector":"com.androidsample.generalstore:id/productName","context":"","multiple":true}
&amp#27;[38;5;62m[30316744]&amp#27;[0m&amp#27;[38;5;-160m[AndroidUiautomator2Driver@ff89]&amp#27;[0m Got response with status 200: {"sessionId":"d0ff468e-c3cb-41ee-bbce-30e78ffba3aa","value":[{"ELEMENT":"00000000-0000-001a-ffff-ffff0000004d","element-6066-11e4-a52e-4f735466cecf":"00000000-0000-001a-ffff-ffff0000004d"},{"ELEMENT":"00000000-0000-001a-ffff-ffff00000055","element-6066-11e4-a52e-4f735466cecf":"00000000-0000-001a-ffff-ffff00000055"}]}
&amp#27;[38;5;62m[30316744]&amp#27;[0m&amp#27;[38;5;-160m[AndroidUiautomator2Driver@ff89]&amp#27;[0m Responding to client with driver.findElements() result: [{"element-6066-11e4-a52e-4f735466cecf":"00000000-0000-001a-ffff-ffff0000004d","ELEMENT":"00000000-0000-001a-ffff-ffff0000004d"},{"element-6066-11e4-a52e-4f735466cecf":"00000000-0000-001a-ffff-ffff00000055","ELEMENT":"00000000-0000-001a-ffff-ffff00000055"}]
&amp#27;[38;5;62m[30316744]&amp#27;[0m&amp#27;[38;5;86m[HTTP]&amp#27;[0m &amp#27;[37m<-- POST /session/30316744-87bb-4506-a1d8-320ef20d46d7/elements &amp#27;[39m&amp#27;[32m200&amp#27;[39m &amp#27;[90m22 ms - 267&amp#27;[39m &amp#27;[90m&amp#27;[39m
&amp#27;[38;5;62m[30316744]&amp#27;[0m&amp#27;[38;5;86m[HTTP]&amp#27;[0m &amp#27;[37m-->&amp#27;[39m &amp#27;[37mGET&amp#27;[39m &amp#27;[37m/session/30316744-87bb-4506-a1d8-320ef20d46d7/element/00000000-0000-001a-ffff-ffff0000004d/text&amp#27;[39m &amp#27;[90m{}&amp#27;[39m
&amp#27;[38;5;62m[30316744]&amp#27;[0m&amp#27;[38;5;-160m[AndroidUiautomator2Driver@ff89]&amp#27;[0m Driver proxy active, passing request on via HTTP proxy
&amp#27;[38;5;62m[30316744]&amp#27;[0m&amp#27;[38;5;-160m[AndroidUiautomator2Driver@ff89]&amp#27;[0m Matched '/session/30316744-87bb-4506-a1d8-320ef20d46d7/element/00000000-0000-001a-ffff-ffff0000004d/text' to command name 'getText'
&amp#27;[38;5;62m[30316744]&amp#27;[0m&amp#27;[38;5;-160m[AndroidUiautomator2Driver@ff89]&amp#27;[0m Proxying [GET /session/30316744-87bb-4506-a1d8-320ef20d46d7/element/00000000-0000-001a-ffff-ffff0000004d/text] to [GET http://127.0.0.1:8200/session/d0ff468e-c3cb-41ee-bbce-30e78ffba3aa/element/00000000-0000-001a-ffff-ffff0000004d/text] with no body
&amp#27;[38;5;62m[30316744]&amp#27;[0m&amp#27;[38;5;-160m[AndroidUiautomator2Driver@ff89]&amp#27;[0m Got response with status 200: {"sessionId":"d0ff468e-c3cb-41ee-bbce-30e78ffba3aa","value":"Air Jordan 4 Retro"}
&amp#27;[38;5;62m[30316744]&amp#27;[0m&amp#27;[38;5;-160m[AndroidUiautomator2Driver@ff89]&amp#27;[0m Replacing sessionId d0ff468e-c3cb-41ee-bbce-30e78ffba3aa with 30316744-87bb-4506-a1d8-320ef20d46d7
&amp#27;[38;5;62m[30316744]&amp#27;[0m&amp#27;[38;5;86m[HTTP]&amp#27;[0m &amp#27;[37m<-- GET /session/30316744-87bb-4506-a1d8-320ef20d46d7/element/00000000-0000-001a-ffff-ffff0000004d/text &amp#27;[39m&amp#27;[32m200&amp#27;[39m &amp#27;[90m10 ms - 81&amp#27;[39m &amp#27;[90m&amp#27;[39m
&amp#27;[38;5;62m[30316744]&amp#27;[0m&amp#27;[38;5;86m[HTTP]&amp#27;[0m &amp#27;[37m-->&amp#27;[39m &amp#27;[37mGET&amp#27;[39m &amp#27;[37m/session/30316744-87bb-4506-a1d8-320ef20d46d7/context&amp#27;[39m &amp#27;[90m{}&amp#27;[39m
&amp#27;[38;5;62m[30316744]&amp#27;[0m&amp#27;[38;5;-160m[AndroidUiautomator2Driver@ff89]&amp#27;[0m Calling AppiumDriver.getCurrentContext() with args: ["30316744-87bb-4506-a1d8-320ef20d46d7"]
&amp#27;[38;5;62m[30316744]&amp#27;[0m&amp#27;[38;5;-160m[AndroidUiautomator2Driver@ff89]&amp#27;[0m Responding to client with driver.getCurrentContext() result: "NATIVE_APP"
&amp#27;[38;5;62m[30316744]&amp#27;[0m&amp#27;[38;5;86m[HTTP]&amp#27;[0m &amp#27;[37m<-- GET /session/30316744-87bb-4506-a1d8-320ef20d46d7/context &amp#27;[39m&amp#27;[32m200&amp#27;[39m &amp#27;[90m1 ms - 22&amp#27;[39m &amp#27;[90m&amp#27;[39m
&amp#27;[38;5;62m[30316744]&amp#27;[0m&amp#27;[38;5;86m[HTTP]&amp#27;[0m &amp#27;[37m-->&amp#27;[39m &amp#27;[37mPOST&amp#27;[39m &amp#27;[37m/session/30316744-87bb-4506-a1d8-320ef20d46d7/elements&amp#27;[39m &amp#27;[90m{"using":"xpath","value":"//android.widget.TextView[@text='ADD TO CART']"}&amp#27;[39m
&amp#27;[38;5;62m[30316744]&amp#27;[0m&amp#27;[38;5;-160m[AndroidUiautomator2Driver@ff89]&amp#27;[0m Calling AppiumDriver.findElements() with args: ["xpath","//android.widget.TextView[@text='ADD TO CART']","30316744-87bb-4506-a1d8-320ef20d46d7"]
&amp#27;[38;5;62m[30316744]&amp#27;[0m&amp#27;[38;5;-160m[AndroidUiautomator2Driver@ff89]&amp#27;[0m Valid locator strategies for this request: xpath, id, class name, accessibility id, css selector, -android uiautomator
&amp#27;[38;5;62m[30316744]&amp#27;[0m&amp#27;[38;5;-160m[AndroidUiautomator2Driver@ff89]&amp#27;[0m Waiting up to 15000 ms for condition
&amp#27;[38;5;62m[30316744]&amp#27;[0m&amp#27;[38;5;-160m[AndroidUiautomator2Driver@ff89]&amp#27;[0m Matched '/elements' to command name 'findElements'
&amp#27;[38;5;62m[30316744]&amp#27;[0m&amp#27;[38;5;-160m[AndroidUiautomator2Driver@ff89]&amp#27;[0m Proxying [POST /elements] to [POST http://127.0.0.1:8200/session/d0ff468e-c3cb-41ee-bbce-30e78ffba3aa/elements] with body: {"strategy":"xpath","selector":"//android.widget.TextView[@text='ADD TO CART']","context":"","multiple":true}
&amp#27;[38;5;62m[30316744]&amp#27;[0m&amp#27;[38;5;-160m[AndroidUiautomator2Driver@ff89]&amp#27;[0m Got response with status 200: {"sessionId":"d0ff468e-c3cb-41ee-bbce-30e78ffba3aa","value":[{"ELEMENT":"00000000-0000-001a-ffff-ffff00000051","element-6066-11e4-a52e-4f735466cecf":"00000000-0000-001a-ffff-ffff00000051"},{"ELEMENT":"00000000-0000-001a-ffff-ffff00000059","element-6066-11e4-a52e-4f735466cecf":"00000000-0000-001a-ffff-ffff00000059"}]}
[...]
&amp#27;[38;5;62m[30316744]&amp#27;[0m&amp#27;[38;5;86m[HTTP]&amp#27;[0m &amp#27;[37m<-- POST /session/30316744-87bb-4506-a1d8-320ef20d46d7/elements &amp#27;[39m&amp#27;[32m200&amp#27;[39m &amp#27;[90m13 ms - 267&amp#27;[39m &amp#27;[90m&amp#27;[39m
&amp#27;[38;5;62m[30316744]&amp#27;[0m&amp#27;[38;5;86m[HTTP]&amp#27;[0m &amp#27;[37m-->&amp#27;[39m &amp#27;[37mGET&amp#27;[39m &amp#27;[37m/session/30316744-87bb-4506-a1d8-320ef20d46d7/element/00000000-0000-001b-ffff-ffff000000ae/text&amp#27;[39m &amp#27;[90m{}&amp#27;[39m
&amp#27;[38;5;62m[30316744]&amp#27;[0m&amp#27;[38;5;-160m[AndroidUiautomator2Driver@ff89]&amp#27;[0m Driver proxy active, passing request on via HTTP proxy
&amp#27;[38;5;62m[30316744]&amp#27;[0m&amp#27;[38;5;-160m[AndroidUiautomator2Driver@ff89]&amp#27;[0m Matched '/session/30316744-87bb-4506-a1d8-320ef20d46d7/element/00000000-0000-001b-ffff-ffff000000ae/text' to command name 'getText'
&amp#27;[38;5;62m[30316744]&amp#27;[0m&amp#27;[38;5;-160m[AndroidUiautomator2Driver@ff89]&amp#27;[0m Proxying [GET /session/30316744-87bb-4506-a1d8-320ef20d46d7/element/00000000-0000-001b-ffff-ffff000000ae/text] to [GET http://127.0.0.1:8200/session/d0ff468e-c3cb-41ee-bbce-30e78ffba3aa/element/00000000-0000-001b-ffff-ffff000000ae/text] with no body
&amp#27;[38;5;62m[30316744]&amp#27;[0m&amp#27;[38;5;-160m[AndroidUiautomator2Driver@ff89]&amp#27;[0m Got response with status 200: {"sessionId":"d0ff468e-c3cb-41ee-bbce-30e78ffba3aa","value":"$110.0"}
&amp#27;[38;5;62m[30316744]&amp#27;[0m&amp#27;[38;5;-160m[AndroidUiautomator2Driver@ff89]&amp#27;[0m Replacing sessionId d0ff468e-c3cb-41ee-bbce-30e78ffba3aa with 30316744-87bb-4506-a1d8-320ef20d46d7
&amp#27;[38;5;62m[30316744]&amp#27;[0m&amp#27;[38;5;86m[HTTP]&amp#27;[0m &amp#27;[37m<-- GET /session/30316744-87bb-4506-a1d8-320ef20d46d7/element/00000000-0000-001b-ffff-ffff000000ae/text &amp#27;[39m&amp#27;[32m200&amp#27;[39m &amp#27;[90m8 ms - 69&amp#27;[39m &amp#27;[90m&amp#27;[39m
&amp#27;[38;5;62m[30316744]&amp#27;[0m&amp#27;[38;5;86m[HTTP]&amp#27;[0m &amp#27;[37m-->&amp#27;[39m &amp#27;[37mGET&amp#27;[39m &amp#27;[37m/session/30316744-87bb-4506-a1d8-320ef20d46d7/context&amp#27;[39m &amp#27;[90m{}&amp#27;[39m
&amp#27;[38;5;62m[30316744]&amp#27;[0m&amp#27;[38;5;-160m[AndroidUiautomator2Driver@ff89]&amp#27;[0m Calling AppiumDriver.getCurrentContext() with args: ["30316744-87bb-4506-a1d8-320ef20d46d7"]
&amp#27;[38;5;62m[30316744]&amp#27;[0m&amp#27;[38;5;-160m[AndroidUiautomator2Driver@ff89]&amp#27;[0m Responding to client with driver.getCurrentContext() result: "NATIVE_APP"
&amp#27;[38;5;62m[30316744]&amp#27;[0m&amp#27;[38;5;86m[HTTP]&amp#27;[0m &amp#27;[37m<-- GET /session/30316744-87bb-4506-a1d8-320ef20d46d7/context &amp#27;[39m&amp#27;[32m200&amp#27;[39m &amp#27;[90m1 ms - 22&amp#27;[39m &amp#27;[90m&amp#27;[39m
&amp#27;[38;5;62m[30316744]&amp#27;[0m&amp#27;[38;5;86m[HTTP]&amp#27;[0m &amp#27;[37m-->&amp#27;[39m &amp#27;[37mPOST&amp#27;[39m &amp#27;[37m/session/30316744-87bb-4506-a1d8-320ef20d46d7/elements&amp#27;[39m &amp#27;[90m{"using":"id","value":"com.androidsample.generalstore:id/productPrice"}&amp#27;[39m
&amp#27;[38;5;62m[30316744]&amp#27;[0m&amp#27;[38;5;-160m[AndroidUiautomator2Driver@ff89]&amp#27;[0m Calling AppiumDriver.findElements() with args: ["id","com.androidsample.generalstore:id/productPrice","30316744-87bb-4506-a1d8-320ef20d46d7"]
&amp#27;[38;5;62m[30316744]&amp#27;[0m&amp#27;[38;5;-160m[AndroidUiautomator2Driver@ff89]&amp#27;[0m Valid locator strategies for this request: xpath, id, class name, accessibility id, css selector, -android uiautomator
&amp#27;[38;5;62m[30316744]&amp#27;[0m&amp#27;[38;5;-160m[AndroidUiautomator2Driver@ff89]&amp#27;[0m Waiting up to 15000 ms for condition
&amp#27;[38;5;62m[30316744]&amp#27;[0m&amp#27;[38;5;-160m[AndroidUiautomator2Driver@ff89]&amp#27;[0m Matched '/elements' to command name 'findElements'
&amp#27;[38;5;62m[30316744]&amp#27;[0m&amp#27;[38;5;-160m[AndroidUiautomator2Driver@ff89]&amp#27;[0m Proxying [POST /elements] to [POST http://127.0.0.1:8200/session/d0ff468e-c3cb-41ee-bbce-30e78ffba3aa/elements] with body: {"strategy":"id","selector":"com.androidsample.generalstore:id/productPrice","context":"","multiple":true}
&amp#27;[38;5;62m[30316744]&amp#27;[0m&amp#27;[38;5;-160m[AndroidUiautomator2Driver@ff89]&amp#27;[0m Got response with status 200: {"sessionId":"d0ff468e-c3cb-41ee-bbce-30e78ffba3aa","value":[{"ELEMENT":"00000000-0000-001b-ffff-ffff000000a6","element-6066-11e4-a52e-4f735466cecf":"00000000-0000-001b-ffff-ffff000000a6"},{"ELEMENT":"00000000-0000-001b-ffff-ffff000000ae","element-6066-11e4-a52e-4f735466cecf":"00000000-0000-001b-ffff-ffff000000ae"}]}
&amp#27;[38;5;62m[30316744]&amp#27;[0m&amp#27;[38;5;-160m[AndroidUiautomator2Driver@ff89]&amp#27;[0m Responding to client with driver.findElements() result: [{"element-6066-11e4-a52e-4f735466cecf":"00000000-0000-001b-ffff-ffff000000a6","ELEMENT":"00000000-0000-001b-ffff-ffff000000a6"},{"element-6066-11e4-a52e-4f735466cecf":"00000000-0000-001b-ffff-ffff000000ae","ELEMENT":"00000000-0000-001b-ffff-ffff000000ae"}]
&amp#27;[38;5;62m[30316744]&amp#27;[0m&amp#27;[38;5;86m[HTTP]&amp#27;[0m &amp#27;[37m<-- POST /session/30316744-87bb-4506-a1d8-320ef20d46d7/elements &amp#27;[39m&amp#27;[32m200&amp#27;[39m &amp#27;[90m12 ms - 267&amp#27;[39m &amp#27;[90m&amp#27;[39m
&amp#27;[38;5;62m[30316744]&amp#27;[0m&amp#27;[38;5;86m[HTTP]&amp#27;[0m &amp#27;[37m-->&amp#27;[39m &amp#27;[37mGET&amp#27;[39m &amp#27;[37m/session/30316744-87bb-4506-a1d8-320ef20d46d7/context&amp#27;[39m &amp#27;[90m{}&amp#27;[39m
&amp#27;[38;5;62m[30316744]&amp#27;[0m&amp#27;[38;5;-160m[AndroidUiautomator2Driver@ff89]&amp#27;[0m Calling AppiumDriver.getCurrentContext() with args: ["30316744-87bb-4506-a1d8-320ef20d46d7"]
&amp#27;[38;5;62m[30316744]&amp#27;[0m&amp#27;[38;5;-160m[AndroidUiautomator2Driver@ff89]&amp#27;[0m Responding to client with driver.getCurrentContext() result: "NATIVE_APP"
&amp#27;[38;5;62m[30316744]&amp#27;[0m&amp#27;[38;5;86m[HTTP]&amp#27;[0m &amp#27;[37m<-- GET /session/30316744-87bb-4506-a1d8-320ef20d46d7/context &amp#27;[39m&amp#27;[32m200&amp#27;[39m &amp#27;[90m1 ms - 22&amp#27;[39m &amp#27;[90m&amp#27;[39m
&amp#27;[38;5;62m[30316744]&amp#27;[0m&amp#27;[38;5;86m[HTTP]&amp#27;[0m &amp#27;[37m-->&amp#27;[39m &amp#27;[37mPOST&amp#27;[39m &amp#27;[37m/session/30316744-87bb-4506-a1d8-320ef20d46d7/element&amp#27;[39m &amp#27;[90m{"using":"id","value":"com.androidsample.generalstore:id/totalAmountLbl"}&amp#27;[39m
&amp#27;[38;5;62m[30316744]&amp#27;[0m&amp#27;[38;5;-160m[AndroidUiautomator2Driver@ff89]&amp#27;[0m Calling AppiumDriver.findElement() with args: ["id","com.androidsample.generalstore:id/totalAmountLbl","30316744-87bb-4506-a1d8-320ef20d46d7"]
&amp#27;[38;5;62m[30316744]&amp#27;[0m&amp#27;[38;5;-160m[AndroidUiautomator2Driver@ff89]&amp#27;[0m Valid locator strategies for this request: xpath, id, class name, accessibility id, css selector, -android uiautomator
&amp#27;[38;5;62m[30316744]&amp#27;[0m&amp#27;[38;5;-160m[AndroidUiautomator2Driver@ff89]&amp#27;[0m Waiting up to 15000 ms for condition
&amp#27;[38;5;62m[30316744]&amp#27;[0m&amp#27;[38;5;-160m[AndroidUiautomator2Driver@ff89]&amp#27;[0m Matched '/element' to command name 'findElement'
&amp#27;[38;5;62m[30316744]&amp#27;[0m&amp#27;[38;5;-160m[AndroidUiautomator2Driver@ff89]&amp#27;[0m Proxying [POST /element] to [POST http://127.0.0.1:8200/session/d0ff468e-c3cb-41ee-bbce-30e78ffba3aa/element] with body: {"strategy":"id","selector":"com.androidsample.generalstore:id/totalAmountLbl","context":"","multiple":false}
&amp#27;[38;5;62m[30316744]&amp#27;[0m&amp#27;[38;5;-160m[AndroidUiautomator2Driver@ff89]&amp#27;[0m Got response with status 200: {"sessionId":"d0ff468e-c3cb-41ee-bbce-30e78ffba3aa","value":{"ELEMENT":"00000000-0000-001b-ffff-ffff0000009a","element-6066-11e4-a52e-4f735466cecf":"00000000-0000-001b-ffff-ffff0000009a"}}
&amp#27;[38;5;62m[30316744]&amp#27;[0m&amp#27;[38;5;-160m[AndroidUiautomator2Driver@ff89]&amp#27;[0m Responding to client with driver.findElement() result: {"element-6066-11e4-a52e-4f735466cecf":"00000000-0000-001b-ffff-ffff0000009a","ELEMENT":"00000000-0000-001b-ffff-ffff0000009a"}
&amp#27;[38;5;62m[30316744]&amp#27;[0m&amp#27;[38;5;86m[HTTP]&amp#27;[0m &amp#27;[37m<-- POST /session/30316744-87bb-4506-a1d8-320ef20d46d7/element &amp#27;[39m&amp#27;[32m200&amp#27;[39m &amp#27;[90m13 ms - 137&amp#27;[39m &amp#27;[90m&amp#27;[39m
&amp#27;[38;5;62m[30316744]&amp#27;[0m&amp#27;[38;5;86m[HTTP]&amp#27;[0m &amp#27;[37m-->&amp#27;[39m &amp#27;[37mGET&amp#27;[39m &amp#27;[37m/session/30316744-87bb-4506-a1d8-320ef20d46d7/element/00000000-0000-001b-ffff-ffff0000009a/displayed&amp#27;[39m &amp#27;[90m{}&amp#27;[39m
&amp#27;[38;5;62m[30316744]&amp#27;[0m&amp#27;[38;5;-160m[AndroidUiautomator2Driver@ff89]&amp#27;[0m Calling AppiumDriver.elementDisplayed() with args: ["00000000-0000-001b-ffff-ffff0000009a","30316744-87bb-4506-a1d8-320ef20d46d7"]
&amp#27;[38;5;62m[30316744]&amp#27;[0m&amp#27;[38;5;-160m[AndroidUiautomator2Driver@ff89]&amp#27;[0m Matched '/element/00000000-0000-001b-ffff-ffff0000009a/attribute/displayed' to command name 'getAttribute'
&amp#27;[38;5;62m[30316744]&amp#27;[0m&amp#27;[38;5;-160m[AndroidUiautomator2Driver@ff89]&amp#27;[0m Proxying [GET /element/00000000-0000-001b-ffff-ffff0000009a/attribute/displayed] to [GET http://127.0.0.1:8200/session/d0ff468e-c3cb-41ee-bbce-30e78ffba3aa/element/00000000-0000-001b-ffff-ffff0000009a/attribute/displayed] with no body
&amp#27;[38;5;62m[30316744]&amp#27;[0m&amp#27;[38;5;-160m[AndroidUiautomator2Driver@ff89]&amp#27;[0m Got response with status 200: {"sessionId":"d0ff468e-c3cb-41ee-bbce-30e78ffba3aa","value":"true"}
&amp#27;[38;5;62m[30316744]&amp#27;[0m&amp#27;[38;5;-160m[AndroidUiautomator2Driver@ff89]&amp#27;[0m Responding to client with driver.elementDisplayed() result: true
&amp#27;[38;5;62m[30316744]&amp#27;[0m&amp#27;[38;5;86m[HTTP]&amp#27;[0m &amp#27;[37m<-- GET /session/30316744-87bb-4506-a1d8-320ef20d46d7/element/00000000-0000-001b-ffff-ffff0000009a/displayed &amp#27;[39m&amp#27;[32m200&amp#27;[39m &amp#27;[90m10 ms - 14&amp#27;[39m &amp#27;[90m&amp#27;[39m
&amp#27;[38;5;62m[30316744]&amp#27;[0m&amp#27;[38;5;86m[HTTP]&amp#27;[0m &amp#27;[37m-->&amp#27;[39m &amp#27;[37mGET&amp#27;[39m &amp#27;[37m/session/30316744-87bb-4506-a1d8-320ef20d46d7/context&amp#27;[39m &amp#27;[90m{}&amp#27;[39m
&amp#27;[38;5;62m[30316744]&amp#27;[0m&amp#27;[38;5;-160m[AndroidUiautomator2Driver@ff89]&amp#27;[0m Calling AppiumDriver.getCurrentContext() with args: ["30316744-87bb-4506-a1d8-320ef20d46d7"]
&amp#27;[38;5;62m[30316744]&amp#27;[0m&amp#27;[38;5;-160m[AndroidUiautomator2Driver@ff89]&amp#27;[0m Responding to client with driver.getCurrentContext() result: "NATIVE_APP"
&amp#27;[38;5;62m[30316744]&amp#27;[0m&amp#27;[38;5;86m[HTTP]&amp#27;[0m &amp#27;[37m<-- GET /session/30316744-87bb-4506-a1d8-320ef20d46d7/context &amp#27;[39m&amp#27;[32m200&amp#27;[39m &amp#27;[90m1 ms - 22&amp#27;[39m &amp#27;[90m&amp#27;[39m
&amp#27;[38;5;62m[30316744]&amp#27;[0m&amp#27;[38;5;86m[HTTP]&amp#27;[0m &amp#27;[37m-->&amp#27;[39m &amp#27;[37mPOST&amp#27;[39m &amp#27;[37m/session/30316744-87bb-4506-a1d8-320ef20d46d7/element&amp#27;[39m &amp#27;[90m{"using":"id","value":"com.androidsample.generalstore:id/totalAmountLbl"}&amp#27;[39m
&amp#27;[38;5;62m[30316744]&amp#27;[0m&amp#27;[38;5;-160m[AndroidUiautomator2Driver@ff89]&amp#27;[0m Calling AppiumDriver.findElement() with args: ["id","com.androidsample.generalstore:id/totalAmountLbl","30316744-87bb-4506-a1d8-320ef20d46d7"]
&amp#27;[38;5;62m[30316744]&amp#27;[0m&amp#27;[38;5;-160m[AndroidUiautomator2Driver@ff89]&amp#27;[0m Valid locator strategies for this request: xpath, id, class name, accessibility id, css selector, -android uiautomator
&amp#27;[38;5;62m[30316744]&amp#27;[0m&amp#27;[38;5;-160m[AndroidUiautomator2Driver@ff89]&amp#27;[0m Waiting up to 15000 ms for condition
&amp#27;[38;5;62m[30316744]&amp#27;[0m&amp#27;[38;5;-160m[AndroidUiautomator2Driver@ff89]&amp#27;[0m Matched '/element' to command name 'findElement'
&amp#27;[38;5;62m[30316744]&amp#27;[0m&amp#27;[38;5;-160m[AndroidUiautomator2Driver@ff89]&amp#27;[0m Proxying [POST /element] to [POST http://127.0.0.1:8200/session/d0ff468e-c3cb-41ee-bbce-30e78ffba3aa/element] with body: {"strategy":"id","selector":"com.androidsample.generalstore:id/totalAmountLbl","context":"","multiple":false}
&amp#27;[38;5;62m[30316744]&amp#27;[0m&amp#27;[38;5;-160m[AndroidUiautomator2Driver@ff89]&amp#27;[0m Got response with status 200: {"sessionId":"d0ff468e-c3cb-41ee-bbce-30e78ffba3aa","value":{"ELEMENT":"00000000-0000-001b-ffff-ffff0000009a","element-6066-11e4-a52e-4f735466cecf":"00000000-0000-001b-ffff-ffff0000009a"}}
&amp#27;[38;5;62m[30316744]&amp#27;[0m&amp#27;[38;5;-160m[AndroidUiautomator2Driver@ff89]&amp#27;[0m Responding to client with driver.findElement() result: {"element-6066-11e4-a52e-4f735466cecf":"00000000-0000-001b-ffff-ffff0000009a","ELEMENT":"00000000-0000-001b-ffff-ffff0000009a"}
&amp#27;[38;5;62m[30316744]&amp#27;[0m&amp#27;[38;5;86m[HTTP]&amp#27;[0m &amp#27;[37m<-- POST /session/30316744-87bb-4506-a1d8-320ef20d46d7/element &amp#27;[39m&amp#27;[32m200&amp#27;[39m &amp#27;[90m14 ms - 137&amp#27;[39m &amp#27;[90m&amp#27;[39m
&amp#27;[38;5;62m[30316744]&amp#27;[0m&amp#27;[38;5;86m[HTTP]&amp#27;[0m &amp#27;[37m-->&amp#27;[39m &amp#27;[37mGET&amp#27;[39m &amp#27;[37m/session/30316744-87bb-4506-a1d8-320ef20d46d7/element/00000000-0000-001b-ffff-ffff0000009a/text&amp#27;[39m &amp#27;[90m{}&amp#27;[39m
&amp#27;[38;5;62m[30316744]&amp#27;[0m&amp#27;[38;5;-160m[AndroidUiautomator2Driver@ff89]&amp#27;[0m Driver proxy active, passing request on via HTTP proxy
&amp#27;[38;5;62m[30316744]&amp#27;[0m&amp#27;[38;5;-160m[AndroidUiautomator2Driver@ff89]&amp#27;[0m Matched '/session/30316744-87bb-4506-a1d8-320ef20d46d7/element/00000000-0000-001b-ffff-ffff0000009a/text' to command name 'getText'
&amp#27;[38;5;62m[30316744]&amp#27;[0m&amp#27;[38;5;-160m[AndroidUiautomator2Driver@ff89]&amp#27;[0m Proxying [GET /session/30316744-87bb-4506-a1d8-320ef20d46d7/element/00000000-0000-001b-ffff-ffff0000009a/text] to [GET http://127.0.0.1:8200/session/d0ff468e-c3cb-41ee-bbce-30e78ffba3aa/element/00000000-0000-001b-ffff-ffff0000009a/text] with no body
&amp#27;[38;5;62m[30316744]&amp#27;[0m&amp#27;[38;5;-160m[AndroidUiautomator2Driver@ff89]&amp#27;[0m Got response with status 200: {"sessionId":"d0ff468e-c3cb-41ee-bbce-30e78ffba3aa","value":"$ 270.97"}
&amp#27;[38;5;62m[30316744]&amp#27;[0m&amp#27;[38;5;-160m[AndroidUiautomator2Driver@ff89]&amp#27;[0m Replacing sessionId d0ff468e-c3cb-41ee-bbce-30e78ffba3aa with 30316744-87bb-4506-a1d8-320ef20d46d7
&amp#27;[38;5;62m[30316744]&amp#27;[0m&amp#27;[38;5;86m[HTTP]&amp#27;[0m &amp#27;[37m<-- GET /session/30316744-87bb-4506-a1d8-320ef20d46d7/element/00000000-0000-001b-ffff-ffff0000009a/text &amp#27;[39m&amp#27;[32m200&amp#27;[39m &amp#27;[90m8 ms - 71&amp#27;[39m &amp#27;[90m&amp#27;[39m
&amp#27;[38;5;62m[30316744]&amp#27;[0m&amp#27;[38;5;86m[HTTP]&amp#27;[0m &amp#27;[37m-->&amp#27;[39m &amp#27;[37mGET&amp#27;[39m &amp#27;[37m/session/30316744-87bb-4506-a1d8-320ef20d46d7/context&amp#27;[39m &amp#27;[90m{}&amp#27;[39m
&amp#27;[38;5;62m[30316744]&amp#27;[0m&amp#27;[38;5;-160m[AndroidUiautomator2Driver@ff89]&amp#27;[0m Calling AppiumDriver.getCurrentContext() with args: ["30316744-87bb-4506-a1d8-320ef20d46d7"]
&amp#27;[38;5;62m[30316744]&amp#27;[0m&amp#27;[38;5;-160m[AndroidUiautomator2Driver@ff89]&amp#27;[0m Responding to client with driver.getCurrentContext() result: "NATIVE_APP"
&amp#27;[38;5;62m[30316744]&amp#27;[0m&amp#27;[38;5;86m[HTTP]&amp#27;[0m &amp#27;[37m<-- GET /session/30316744-87bb-4506-a1d8-320ef20d46d7/context &amp#27;[39m&amp#27;[32m200&amp#27;[39m &amp#27;[90m1 ms - 22&amp#27;[39m &amp#27;[90m&amp#27;[39m
&amp#27;[38;5;62m[30316744]&amp#27;[0m&amp#27;[38;5;86m[HTTP]&amp#27;[0m &amp#27;[37m-->&amp#27;[39m &amp#27;[37mPOST&amp#27;[39m &amp#27;[37m/session/30316744-87bb-4506-a1d8-320ef20d46d7/element&amp#27;[39m &amp#27;[90m{"using":"id","value":"com.androidsample.generalstore:id/btnProceed"}&amp#27;[39m
&amp#27;[38;5;62m[30316744]&amp#27;[0m&amp#27;[38;5;-160m[AndroidUiautomator2Driver@ff89]&amp#27;[0m Calling AppiumDriver.findElement() with args: ["id","com.androidsample.generalstore:id/btnProceed","30316744-87bb-4506-a1d8-320ef20d46d7"]
&amp#27;[38;5;62m[30316744]&amp#27;[0m&amp#27;[38;5;-160m[AndroidUiautomator2Driver@ff89]&amp#27;[0m Valid locator strategies for this request: xpath, id, class name, accessibility id, css selector, -android uiautomator
&amp#27;[38;5;62m[30316744]&amp#27;[0m&amp#27;[38;5;-160m[AndroidUiautomator2Driver@ff89]&amp#27;[0m Waiting up to 15000 ms for condition
&amp#27;[38;5;62m[30316744]&amp#27;[0m&amp#27;[38;5;-160m[AndroidUiautomator2Driver@ff89]&amp#27;[0m Matched '/element' to command name 'findElement'
&amp#27;[38;5;62m[30316744]&amp#27;[0m&amp#27;[38;5;-160m[AndroidUiautomator2Driver@ff89]&amp#27;[0m Proxying [POST /element] to [POST http://127.0.0.1:8200/session/d0ff468e-c3cb-41ee-bbce-30e78ffba3aa/element] with body: {"strategy":"id","selector":"com.androidsample.generalstore:id/btnProceed","context":"","multiple":false}
&amp#27;[38;5;62m[30316744]&amp#27;[0m&amp#27;[38;5;-160m[AndroidUiautomator2Driver@ff89]&amp#27;[0m Got response with status 200: {"sessionId":"d0ff468e-c3cb-41ee-bbce-30e78ffba3aa","value":{"ELEMENT":"00000000-0000-001b-ffff-ffff0000009c","element-6066-11e4-a52e-4f735466cecf":"00000000-0000-001b-ffff-ffff0000009c"}}
&amp#27;[38;5;62m[30316744]&amp#27;[0m&amp#27;[38;5;-160m[AndroidUiautomator2Driver@ff89]&amp#27;[0m Responding to client with driver.findElement() result: {"element-6066-11e4-a52e-4f735466cecf":"00000000-0000-001b-ffff-ffff0000009c","ELEMENT":"00000000-0000-001b-ffff-ffff0000009c"}
&amp#27;[38;5;62m[30316744]&amp#27;[0m&amp#27;[38;5;86m[HTTP]&amp#27;[0m &amp#27;[37m<-- POST /session/30316744-87bb-4506-a1d8-320ef20d46d7/element &amp#27;[39m&amp#27;[32m200&amp#27;[39m &amp#27;[90m12 ms - 137&amp#27;[39m &amp#27;[90m&amp#27;[39m
&amp#27;[38;5;62m[30316744]&amp#27;[0m&amp#27;[38;5;86m[HTTP]&amp#27;[0m &amp#27;[37m-->&amp#27;[39m &amp#27;[37mPOST&amp#27;[39m &amp#27;[37m/session/30316744-87bb-4506-a1d8-320ef20d46d7/element/00000000-0000-001b-ffff-ffff0000009c/click&amp#27;[39m &amp#27;[90m{"id":"00000000-0000-001b-ffff-ffff0000009c"}&amp#27;[39m
&amp#27;[38;5;62m[30316744]&amp#27;[0m&amp#27;[38;5;-160m[AndroidUiautomator2Driver@ff89]&amp#27;[0m Calling AppiumDriver.click() with args: ["00000000-0000-001b-ffff-ffff0000009c","30316744-87bb-4506-a1d8-320ef20d46d7"]
&amp#27;[38;5;62m[30316744]&amp#27;[0m&amp#27;[38;5;-160m[AndroidUiautomator2Driver@ff89]&amp#27;[0m Matched '/element/00000000-0000-001b-ffff-ffff0000009c/click' to command name 'click'
&amp#27;[38;5;62m[30316744]&amp#27;[0m&amp#27;[38;5;-160m[AndroidUiautomator2Driver@ff89]&amp#27;[0m Proxying [POST /element/00000000-0000-001b-ffff-ffff0000009c/click] to [POST http://127.0.0.1:8200/session/d0ff468e-c3cb-41ee-bbce-30e78ffba3aa/element/00000000-0000-001b-ffff-ffff0000009c/click] with body: {"element":"00000000-0000-001b-ffff-ffff0000009c"}
&amp#27;[38;5;62m[30316744]&amp#27;[0m&amp#27;[38;5;-160m[AndroidUiautomator2Driver@ff89]&amp#27;[0m Got response with status 200: {"sessionId":"d0ff468e-c3cb-41ee-bbce-30e78ffba3aa","value":null}
&amp#27;[38;5;62m[30316744]&amp#27;[0m&amp#27;[38;5;-160m[AndroidUiautomator2Driver@ff89]&amp#27;[0m Responding to client with driver.click() result: null
&amp#27;[38;5;62m[30316744]&amp#27;[0m&amp#27;[38;5;86m[HTTP]&amp#27;[0m &amp#27;[37m<-- POST /session/30316744-87bb-4506-a1d8-320ef20d46d7/element/00000000-0000-001b-ffff-ffff0000009c/click &amp#27;[39m&amp#27;[32m200&amp#27;[39m &amp#27;[90m50 ms - 14&amp#27;[39m &amp#27;[90m&amp#27;[39m
]]></system-out>
  </testcase>
</testsuite>