<?xml version="1.0" encoding="UTF-8"?>
<testng-results ignored="0" total="3" passed="3" failed="0" skipped="0">
  <reporter-output>
  </reporter-output>
  <suite started-at="2024-12-02T17:26:16 EET" name="Default suite" finished-at="2024-12-02T17:27:15 EET" duration-ms="59332">
    <groups>
    </groups>
    <test started-at="2024-12-02T17:26:16 EET" name="Default test" finished-at="2024-12-02T17:27:15 EET" duration-ms="59332">
      <class name="GeneralStore.TestCases.TestExecution">
        <test-method is-config="true" signature="setUP()[pri:0, instance:GeneralStore.TestCases.TestExecution@9d5509a]" started-at="2024-12-02T17:26:16 EET" name="setUP" finished-at="2024-12-02T17:26:40 EET" duration-ms="24445" status="PASS">
          <reporter-output>
          </reporter-output>
        </test-method> <!-- setUP -->
        <test-method signature="formPage(java.lang.String,java.lang.String,java.lang.String)[pri:0, instance:GeneralStore.TestCases.TestExecution@9d5509a]" started-at="2024-12-02T17:26:40 EET" name="formPage" data-provider="getData" finished-at="2024-12-02T17:26:56 EET" duration-ms="16464" status="PASS">
          <params>
            <param index="0">
              <value>
                <![CDATA[Serban Mora]]>
              </value>
            </param>
            <param index="1">
              <value>
                <![CDATA[male]]>
              </value>
            </param>
            <param index="2">
              <value>
                <![CDATA[Argentina]]>
              </value>
            </param>
          </params>
          <reporter-output>
          </reporter-output>
        </test-method> <!-- formPage -->
        <test-method signature="productCatalogue()[pri:0, instance:GeneralStore.TestCases.TestExecution@9d5509a]" started-at="2024-12-02T17:26:57 EET" name="productCatalogue" finished-at="2024-12-02T17:27:12 EET" depends-on-methods="GeneralStore.TestCases.TestExecution.formPage" duration-ms="15275" status="PASS">
          <reporter-output>
          </reporter-output>
        </test-method> <!-- productCatalogue -->
        <test-method signature="cartPage()[pri:0, instance:GeneralStore.TestCases.TestExecution@9d5509a]" started-at="2024-12-02T17:27:12 EET" name="cartPage" finished-at="2024-12-02T17:27:14 EET" depends-on-methods="GeneralStore.TestCases.TestExecution.productCatalogue" duration-ms="2119" status="PASS">
          <reporter-output>
          </reporter-output>
        </test-method> <!-- cartPage -->
        <test-method is-config="true" signature="tearDown()[pri:0, instance:GeneralStore.TestCases.TestExecution@9d5509a]" started-at="2024-12-02T17:27:14 EET" name="tearDown" finished-at="2024-12-02T17:27:15 EET" duration-ms="956" status="PASS">
          <reporter-output>
          </reporter-output>
        </test-method> <!-- tearDown -->
      </class> <!-- GeneralStore.TestCases.TestExecution -->
    </test> <!-- Default test -->
  </suite> <!-- Default suite -->
</testng-results>
