<?xml version="1.0" encoding="UTF-8"?>
<testng-results ignored="0" total="1" passed="1" failed="0" skipped="0">
  <reporter-output>
  </reporter-output>
  <suite started-at="2024-09-30T14:53:59 EEST" name="Default suite" finished-at="2024-09-30T14:54:20 EEST" duration-ms="20348">
    <groups>
    </groups>
    <test started-at="2024-09-30T14:53:59 EEST" name="Default test" finished-at="2024-09-30T14:54:20 EEST" duration-ms="20348">
      <class name="GeneralStore.TestCases.test">
        <test-method is-config="true" signature="configureAppiumTest()[pri:0, instance:GeneralStore.TestCases.test@2a265ea9]" started-at="2024-09-30T14:53:59 EEST" name="configureAppiumTest" finished-at="2024-09-30T14:54:08 EEST" duration-ms="8462" status="PASS">
          <reporter-output>
          </reporter-output>
        </test-method> <!-- configureAppiumTest -->
        <test-method signature="tests()[pri:0, instance:GeneralStore.TestCases.test@2a265ea9]" started-at="2024-09-30T14:54:08 EEST" name="tests" finished-at="2024-09-30T14:54:19 EEST" duration-ms="11295" status="PASS">
          <reporter-output>
          </reporter-output>
        </test-method> <!-- tests -->
        <test-method is-config="true" signature="tearDown()[pri:0, instance:GeneralStore.TestCases.test@2a265ea9]" started-at="2024-09-30T14:54:19 EEST" name="tearDown" finished-at="2024-09-30T14:54:20 EEST" duration-ms="548" status="PASS">
          <reporter-output>
          </reporter-output>
        </test-method> <!-- tearDown -->
      </class> <!-- GeneralStore.TestCases.test -->
    </test> <!-- Default test -->
  </suite> <!-- Default suite -->
</testng-results>
